WARNING:absl:No GPU/TPU found, falling back to CPU. (Set TF_CPP_MIN_LOG_LEVEL=0 and rerun for more info.)
Successfully loaded Static Constraints dataset.
Number of distinct solutions in train set: 1545
Number of distinct solutions in test set: 973
[2m[36m(ilp_solver pid=73453)[0m Academic license - for non-commercial use only - expires 2023-05-13
[2m[36m(ilp_solver pid=73453)[0m Using license file /home/rishabh/gurobi.lic
[2m[36m(ilp_solver pid=73456)[0m Academic license - for non-commercial use only - expires 2023-05-13
[2m[36m(ilp_solver pid=73456)[0m Using license file /home/rishabh/gurobi.lic
[2m[36m(ilp_solver pid=73468)[0m Academic license - for non-commercial use only - expires 2023-05-13
[2m[36m(ilp_solver pid=73468)[0m Using license file /home/rishabh/gurobi.lic
[2m[36m(ilp_solver pid=73461)[0m Academic license - for non-commercial use only - expires 2023-05-13
[2m[36m(ilp_solver pid=73461)[0m Using license file /home/rishabh/gurobi.lic
[2m[36m(ilp_solver pid=73485)[0m Academic license - for non-commercial use only - expires 2023-05-13
[2m[36m(ilp_solver pid=73485)[0m Using license file /home/rishabh/gurobi.lic
[2m[36m(ilp_solver pid=73476)[0m Academic license - for non-commercial use only - expires 2023-05-13
[2m[36m(ilp_solver pid=73476)[0m Using license file /home/rishabh/gurobi.lic
[2m[36m(ilp_solver pid=73480)[0m Academic license - for non-commercial use only - expires 2023-05-13
[2m[36m(ilp_solver pid=73480)[0m Using license file /home/rishabh/gurobi.lic
[2m[36m(ilp_solver pid=73443)[0m Academic license - for non-commercial use only - expires 2023-05-13
[2m[36m(ilp_solver pid=73443)[0m Using license file /home/rishabh/gurobi.lic
Evaluation:: Loss: 0.1535, Perfect acc: 0.0890
Epoch:  1, Train loss: 0.1159, Perfect acc: 0.1819
Epoch:  2, Train loss: 0.0824, Perfect acc: 0.3150
Epoch:  3, Train loss: 0.0756, Perfect acc: 0.3556
Epoch:  4, Train loss: 0.0702, Perfect acc: 0.3856
Epoch:  5, Train loss: 0.0665, Perfect acc: 0.4113
Epoch:  6, Train loss: 0.0602, Perfect acc: 0.4425
Epoch:  7, Train loss: 0.0553, Perfect acc: 0.4688
Epoch:  8, Train loss: 0.0482, Perfect acc: 0.5250
Epoch:  9, Train loss: 0.0429, Perfect acc: 0.5806
Epoch: 10, Train loss: 0.0365, Perfect acc: 0.6394
Evaluation:: Loss: 0.0344, Perfect acc: 0.6820
Epoch: 11, Train loss: 0.0300, Perfect acc: 0.7156
Epoch: 12, Train loss: 0.0237, Perfect acc: 0.7825
Epoch: 13, Train loss: 0.0160, Perfect acc: 0.8506
Epoch: 14, Train loss: 0.0090, Perfect acc: 0.9156
Epoch: 15, Train loss: 0.0052, Perfect acc: 0.9519
Epoch: 16, Train loss: 0.0030, Perfect acc: 0.9712
Epoch: 17, Train loss: 0.0015, Perfect acc: 0.9844
[2m[36m(ilp_solver pid=102576)[0m Academic license - for non-commercial use only - expires 2023-05-13
[2m[36m(ilp_solver pid=102576)[0m Using license file /home/rishabh/gurobi.lic
Epoch: 18, Train loss: 0.0017, Perfect acc: 0.9856
Epoch: 19, Train loss: 0.0016, Perfect acc: 0.9856
Epoch: 20, Train loss: 0.0012, Perfect acc: 0.9912
[2m[36m(ilp_solver pid=123648)[0m Academic license - for non-commercial use only - expires 2023-05-13
[2m[36m(ilp_solver pid=123648)[0m Using license file /home/rishabh/gurobi.lic
Evaluation:: Loss: 0.0023, Perfect acc: 0.9750
Epoch: 21, Train loss: 0.0013, Perfect acc: 0.9881
Epoch: 22, Train loss: 0.0016, Perfect acc: 0.9869
Epoch: 23, Train loss: 0.0013, Perfect acc: 0.9900
Epoch: 24, Train loss: 0.0014, Perfect acc: 0.9869
Epoch: 25, Train loss: 0.0027, Perfect acc: 0.9781
Epoch: 26, Train loss: 0.0020, Perfect acc: 0.9819
Epoch: 27, Train loss: 0.0020, Perfect acc: 0.9812
Epoch: 28, Train loss: 0.0021, Perfect acc: 0.9831
Epoch: 29, Train loss: 0.0027, Perfect acc: 0.9769
Epoch: 30, Train loss: 0.0033, Perfect acc: 0.9706
Evaluation:: Loss: 0.0022, Perfect acc: 0.9780
Epoch: 31, Train loss: 0.0019, Perfect acc: 0.9819
Epoch: 32, Train loss: 0.0022, Perfect acc: 0.9806
Epoch: 33, Train loss: 0.0029, Perfect acc: 0.9762
Epoch: 34, Train loss: 0.0028, Perfect acc: 0.9756
Epoch: 35, Train loss: 0.0029, Perfect acc: 0.9756
Epoch: 36, Train loss: 0.0039, Perfect acc: 0.9712
Epoch: 37, Train loss: 0.0025, Perfect acc: 0.9800
Epoch: 38, Train loss: 0.0028, Perfect acc: 0.9756
Epoch: 39, Train loss: 0.0023, Perfect acc: 0.9806
Epoch: 40, Train loss: 0.0021, Perfect acc: 0.9831
Evaluation:: Loss: 0.0028, Perfect acc: 0.9720
Epoch: 41, Train loss: 0.0034, Perfect acc: 0.9731
Epoch: 42, Train loss: 0.0033, Perfect acc: 0.9731
Epoch: 43, Train loss: 0.0030, Perfect acc: 0.9738
Epoch: 44, Train loss: 0.0030, Perfect acc: 0.9756
Epoch: 45, Train loss: 0.0033, Perfect acc: 0.9731
Epoch: 46, Train loss: 0.0024, Perfect acc: 0.9794
Epoch: 47, Train loss: 0.0025, Perfect acc: 0.9788
Epoch: 48, Train loss: 0.0019, Perfect acc: 0.9844
Epoch: 49, Train loss: 0.0026, Perfect acc: 0.9781
Epoch: 50, Train loss: 0.0022, Perfect acc: 0.9819
Evaluation:: Loss: 0.0020, Perfect acc: 0.9800
Epoch: 51, Train loss: 0.0026, Perfect acc: 0.9788
Epoch: 52, Train loss: 0.0034, Perfect acc: 0.9719
Epoch: 53, Train loss: 0.0027, Perfect acc: 0.9762
[2m[36m(ilp_solver pid=130779)[0m Academic license - for non-commercial use only - expires 2023-05-13
[2m[36m(ilp_solver pid=130779)[0m Using license file /home/rishabh/gurobi.lic
Epoch: 54, Train loss: 0.0028, Perfect acc: 0.9788
Epoch: 55, Train loss: 0.0028, Perfect acc: 0.9769
Epoch: 56, Train loss: 0.0023, Perfect acc: 0.9806
Epoch: 57, Train loss: 0.0023, Perfect acc: 0.9794
Epoch: 58, Train loss: 0.0032, Perfect acc: 0.9738
Epoch: 59, Train loss: 0.0025, Perfect acc: 0.9762
Epoch: 60, Train loss: 0.0024, Perfect acc: 0.9800
Evaluation:: Loss: 0.0021, Perfect acc: 0.9780
Epoch: 61, Train loss: 0.0029, Perfect acc: 0.9769
Epoch: 62, Train loss: 0.0028, Perfect acc: 0.9775
Epoch: 63, Train loss: 0.0026, Perfect acc: 0.9775
Epoch: 64, Train loss: 0.0035, Perfect acc: 0.9681
Epoch: 65, Train loss: 0.0029, Perfect acc: 0.9756
Epoch: 66, Train loss: 0.0025, Perfect acc: 0.9788
Epoch: 67, Train loss: 0.0014, Perfect acc: 0.9881
Epoch: 68, Train loss: 0.0029, Perfect acc: 0.9744
Epoch: 69, Train loss: 0.0033, Perfect acc: 0.9731
Epoch: 70, Train loss: 0.0037, Perfect acc: 0.9706
Evaluation:: Loss: 0.0030, Perfect acc: 0.9740
Epoch: 71, Train loss: 0.0025, Perfect acc: 0.9762
[2m[36m(ilp_solver pid=136129)[0m Academic license - for non-commercial use only - expires 2023-05-13
[2m[36m(ilp_solver pid=136129)[0m Using license file /home/rishabh/gurobi.lic
Epoch: 72, Train loss: 0.0025, Perfect acc: 0.9788
Epoch: 73, Train loss: 0.0029, Perfect acc: 0.9756
Epoch: 74, Train loss: 0.0032, Perfect acc: 0.9712
Epoch: 75, Train loss: 0.0018, Perfect acc: 0.9831
Epoch: 76, Train loss: 0.0027, Perfect acc: 0.9788
Epoch: 77, Train loss: 0.0028, Perfect acc: 0.9750
Epoch: 78, Train loss: 0.0026, Perfect acc: 0.9794
Epoch: 79, Train loss: 0.0020, Perfect acc: 0.9844
Epoch: 80, Train loss: 0.0020, Perfect acc: 0.9825
Evaluation:: Loss: 0.0007, Perfect acc: 0.9930
Epoch: 81, Train loss: 0.0023, Perfect acc: 0.9781
Epoch: 82, Train loss: 0.0024, Perfect acc: 0.9794
Epoch: 83, Train loss: 0.0031, Perfect acc: 0.9750
Epoch: 84, Train loss: 0.0031, Perfect acc: 0.9731
Epoch: 85, Train loss: 0.0023, Perfect acc: 0.9775
Epoch: 86, Train loss: 0.0029, Perfect acc: 0.9756
Epoch: 87, Train loss: 0.0026, Perfect acc: 0.9781
Epoch: 88, Train loss: 0.0021, Perfect acc: 0.9819
Epoch: 89, Train loss: 0.0020, Perfect acc: 0.9831
Epoch: 90, Train loss: 0.0028, Perfect acc: 0.9775
Evaluation:: Loss: 0.0018, Perfect acc: 0.9820
Epoch: 91, Train loss: 0.0018, Perfect acc: 0.9831
[2m[36m(ilp_solver pid=140931)[0m Academic license - for non-commercial use only - expires 2023-05-13
[2m[36m(ilp_solver pid=140931)[0m Using license file /home/rishabh/gurobi.lic
Epoch: 92, Train loss: 0.0021, Perfect acc: 0.9806
Epoch: 93, Train loss: 0.0023, Perfect acc: 0.9800
Epoch: 94, Train loss: 0.0033, Perfect acc: 0.9731
[2m[36m(ilp_solver pid=141606)[0m Academic license - for non-commercial use only - expires 2023-05-13
[2m[36m(ilp_solver pid=141606)[0m Using license file /home/rishabh/gurobi.lic
Epoch: 95, Train loss: 0.0028, Perfect acc: 0.9738
Epoch: 96, Train loss: 0.0020, Perfect acc: 0.9825
Epoch: 97, Train loss: 0.0022, Perfect acc: 0.9812
Epoch: 98, Train loss: 0.0030, Perfect acc: 0.9750
Epoch: 99, Train loss: 0.0024, Perfect acc: 0.9769
Epoch: 100, Train loss: 0.0024, Perfect acc: 0.9794
Evaluation:: Loss: 0.0037, Perfect acc: 0.9650
Evaluation:: Loss: 0.0037, Perfect acc: 0.9650
2695.10user 112.24system 45:48.86elapsed 102%CPU (0avgtext+0avgdata 2007160maxresident)k
1888inputs+14416outputs (0major+3810562minor)pagefaults 0swaps
