WARNING:absl:No GPU/TPU found, falling back to CPU. (Set TF_CPP_MIN_LOG_LEVEL=0 and rerun for more info.)
Successfully loaded Static Constraints dataset.
Number of distinct solutions in train set: 1557
Number of distinct solutions in test set: 984
[2m[36m(ilp_solver pid=73465)[0m Academic license - for non-commercial use only - expires 2023-05-13
[2m[36m(ilp_solver pid=73465)[0m Using license file /home/rishabh/gurobi.lic
[2m[36m(ilp_solver pid=73471)[0m Academic license - for non-commercial use only - expires 2023-05-13
[2m[36m(ilp_solver pid=73471)[0m Using license file /home/rishabh/gurobi.lic
[2m[36m(ilp_solver pid=73475)[0m Academic license - for non-commercial use only - expires 2023-05-13
[2m[36m(ilp_solver pid=73475)[0m Using license file /home/rishabh/gurobi.lic
[2m[36m(ilp_solver pid=73455)[0m Academic license - for non-commercial use only - expires 2023-05-13
[2m[36m(ilp_solver pid=73455)[0m Using license file /home/rishabh/gurobi.lic
[2m[36m(ilp_solver pid=73451)[0m Academic license - for non-commercial use only - expires 2023-05-13
[2m[36m(ilp_solver pid=73451)[0m Using license file /home/rishabh/gurobi.lic
[2m[36m(ilp_solver pid=73495)[0m Academic license - for non-commercial use only - expires 2023-05-13
[2m[36m(ilp_solver pid=73495)[0m Using license file /home/rishabh/gurobi.lic
[2m[36m(ilp_solver pid=73481)[0m Academic license - for non-commercial use only - expires 2023-05-13
[2m[36m(ilp_solver pid=73481)[0m Using license file /home/rishabh/gurobi.lic
[2m[36m(ilp_solver pid=73492)[0m Academic license - for non-commercial use only - expires 2023-05-13
[2m[36m(ilp_solver pid=73492)[0m Using license file /home/rishabh/gurobi.lic
Evaluation:: Loss: 0.1836, Perfect acc: 0.0360
Epoch:  1, Train loss: 0.1383, Perfect acc: 0.1081
Epoch:  2, Train loss: 0.0853, Perfect acc: 0.2988
Epoch:  3, Train loss: 0.0673, Perfect acc: 0.3981
Epoch:  4, Train loss: 0.0620, Perfect acc: 0.4412
Epoch:  5, Train loss: 0.0601, Perfect acc: 0.4581
[2m[36m(ilp_solver pid=71762)[0m Academic license - for non-commercial use only - expires 2023-05-13
[2m[36m(ilp_solver pid=71762)[0m Using license file /home/rishabh/gurobi.lic
Epoch:  6, Train loss: 0.0581, Perfect acc: 0.4700
Epoch:  7, Train loss: 0.0563, Perfect acc: 0.4825
Epoch:  8, Train loss: 0.0525, Perfect acc: 0.5056
Epoch:  9, Train loss: 0.0490, Perfect acc: 0.5256
Epoch: 10, Train loss: 0.0462, Perfect acc: 0.5437
Evaluation:: Loss: 0.0483, Perfect acc: 0.5340
Epoch: 11, Train loss: 0.0425, Perfect acc: 0.5725
Epoch: 12, Train loss: 0.0385, Perfect acc: 0.6056
Epoch: 13, Train loss: 0.0341, Perfect acc: 0.6475
Epoch: 14, Train loss: 0.0298, Perfect acc: 0.6887
Epoch: 15, Train loss: 0.0265, Perfect acc: 0.7219
Epoch: 16, Train loss: 0.0226, Perfect acc: 0.7644
Epoch: 17, Train loss: 0.0186, Perfect acc: 0.8106
Epoch: 18, Train loss: 0.0151, Perfect acc: 0.8494
Epoch: 19, Train loss: 0.0126, Perfect acc: 0.8800
Epoch: 20, Train loss: 0.0089, Perfect acc: 0.9144
Evaluation:: Loss: 0.0074, Perfect acc: 0.9250
Epoch: 21, Train loss: 0.0063, Perfect acc: 0.9400
Epoch: 22, Train loss: 0.0034, Perfect acc: 0.9656
[2m[36m(ilp_solver pid=124163)[0m Academic license - for non-commercial use only - expires 2023-05-13
[2m[36m(ilp_solver pid=124163)[0m Using license file /home/rishabh/gurobi.lic
Epoch: 23, Train loss: 0.0026, Perfect acc: 0.9769
Epoch: 24, Train loss: 0.0015, Perfect acc: 0.9856
Epoch: 25, Train loss: 0.0006, Perfect acc: 0.9931
Epoch: 26, Train loss: 0.0012, Perfect acc: 0.9894
Epoch: 27, Train loss: 0.0010, Perfect acc: 0.9906
Epoch: 28, Train loss: 0.0013, Perfect acc: 0.9894
Epoch: 29, Train loss: 0.0013, Perfect acc: 0.9900
Epoch: 30, Train loss: 0.0012, Perfect acc: 0.9881
Evaluation:: Loss: 0.0029, Perfect acc: 0.9730
[2m[36m(ilp_solver pid=126030)[0m Academic license - for non-commercial use only - expires 2023-05-13
[2m[36m(ilp_solver pid=126030)[0m Using license file /home/rishabh/gurobi.lic
Epoch: 31, Train loss: 0.0017, Perfect acc: 0.9838
[2m[36m(ilp_solver pid=126335)[0m Academic license - for non-commercial use only - expires 2023-05-13
[2m[36m(ilp_solver pid=126335)[0m Using license file /home/rishabh/gurobi.lic
Epoch: 32, Train loss: 0.0015, Perfect acc: 0.9844
Epoch: 33, Train loss: 0.0014, Perfect acc: 0.9862
Epoch: 34, Train loss: 0.0012, Perfect acc: 0.9894
Epoch: 35, Train loss: 0.0019, Perfect acc: 0.9825
Epoch: 36, Train loss: 0.0029, Perfect acc: 0.9744
Epoch: 37, Train loss: 0.0020, Perfect acc: 0.9806
Epoch: 38, Train loss: 0.0016, Perfect acc: 0.9856
Epoch: 39, Train loss: 0.0016, Perfect acc: 0.9869
Epoch: 40, Train loss: 0.0019, Perfect acc: 0.9800
Evaluation:: Loss: 0.0019, Perfect acc: 0.9830
Epoch: 41, Train loss: 0.0020, Perfect acc: 0.9819
Epoch: 42, Train loss: 0.0016, Perfect acc: 0.9825
Epoch: 43, Train loss: 0.0027, Perfect acc: 0.9756
Epoch: 44, Train loss: 0.0013, Perfect acc: 0.9869
Epoch: 45, Train loss: 0.0014, Perfect acc: 0.9862
Epoch: 46, Train loss: 0.0019, Perfect acc: 0.9806
Epoch: 47, Train loss: 0.0016, Perfect acc: 0.9838
Epoch: 48, Train loss: 0.0021, Perfect acc: 0.9788
Epoch: 49, Train loss: 0.0017, Perfect acc: 0.9844
Epoch: 50, Train loss: 0.0012, Perfect acc: 0.9888
Evaluation:: Loss: 0.0021, Perfect acc: 0.9810
[2m[36m(ilp_solver pid=130290)[0m Academic license - for non-commercial use only - expires 2023-05-13
[2m[36m(ilp_solver pid=130290)[0m Using license file /home/rishabh/gurobi.lic
Epoch: 51, Train loss: 0.0017, Perfect acc: 0.9831
Epoch: 52, Train loss: 0.0018, Perfect acc: 0.9844
Epoch: 53, Train loss: 0.0018, Perfect acc: 0.9831
Epoch: 54, Train loss: 0.0012, Perfect acc: 0.9881
Epoch: 55, Train loss: 0.0019, Perfect acc: 0.9825
Epoch: 56, Train loss: 0.0020, Perfect acc: 0.9819
Epoch: 57, Train loss: 0.0018, Perfect acc: 0.9838
Epoch: 58, Train loss: 0.0016, Perfect acc: 0.9850
Epoch: 59, Train loss: 0.0022, Perfect acc: 0.9831
Epoch: 60, Train loss: 0.0017, Perfect acc: 0.9850
[2m[36m(ilp_solver pid=133440)[0m Academic license - for non-commercial use only - expires 2023-05-13
[2m[36m(ilp_solver pid=133440)[0m Using license file /home/rishabh/gurobi.lic
Evaluation:: Loss: 0.0032, Perfect acc: 0.9710
Epoch: 61, Train loss: 0.0020, Perfect acc: 0.9806
Epoch: 62, Train loss: 0.0030, Perfect acc: 0.9750
Epoch: 63, Train loss: 0.0020, Perfect acc: 0.9825
Epoch: 64, Train loss: 0.0018, Perfect acc: 0.9831
Epoch: 65, Train loss: 0.0021, Perfect acc: 0.9825
Epoch: 66, Train loss: 0.0014, Perfect acc: 0.9888
Epoch: 67, Train loss: 0.0022, Perfect acc: 0.9794
Epoch: 68, Train loss: 0.0012, Perfect acc: 0.9894
Epoch: 69, Train loss: 0.0021, Perfect acc: 0.9838
Epoch: 70, Train loss: 0.0015, Perfect acc: 0.9862
Evaluation:: Loss: 0.0026, Perfect acc: 0.9750
Epoch: 71, Train loss: 0.0018, Perfect acc: 0.9831
Epoch: 72, Train loss: 0.0016, Perfect acc: 0.9850
Epoch: 73, Train loss: 0.0021, Perfect acc: 0.9825
Epoch: 74, Train loss: 0.0020, Perfect acc: 0.9831
Epoch: 75, Train loss: 0.0018, Perfect acc: 0.9831
Epoch: 76, Train loss: 0.0013, Perfect acc: 0.9888
Epoch: 77, Train loss: 0.0016, Perfect acc: 0.9856
Epoch: 78, Train loss: 0.0013, Perfect acc: 0.9875
[2m[36m(ilp_solver pid=138223)[0m Academic license - for non-commercial use only - expires 2023-05-13
[2m[36m(ilp_solver pid=138223)[0m Using license file /home/rishabh/gurobi.lic
Epoch: 79, Train loss: 0.0024, Perfect acc: 0.9775
Epoch: 80, Train loss: 0.0021, Perfect acc: 0.9794
Evaluation:: Loss: 0.0026, Perfect acc: 0.9770
Epoch: 81, Train loss: 0.0019, Perfect acc: 0.9806
Epoch: 82, Train loss: 0.0016, Perfect acc: 0.9862
Epoch: 83, Train loss: 0.0019, Perfect acc: 0.9825
Epoch: 84, Train loss: 0.0019, Perfect acc: 0.9831
Epoch: 85, Train loss: 0.0014, Perfect acc: 0.9856
Epoch: 86, Train loss: 0.0015, Perfect acc: 0.9850
Epoch: 87, Train loss: 0.0020, Perfect acc: 0.9838
Epoch: 88, Train loss: 0.0018, Perfect acc: 0.9825
Epoch: 89, Train loss: 0.0020, Perfect acc: 0.9831
Epoch: 90, Train loss: 0.0018, Perfect acc: 0.9844
Evaluation:: Loss: 0.0024, Perfect acc: 0.9780
Epoch: 91, Train loss: 0.0019, Perfect acc: 0.9831
Epoch: 92, Train loss: 0.0023, Perfect acc: 0.9781
Epoch: 93, Train loss: 0.0015, Perfect acc: 0.9838
Epoch: 94, Train loss: 0.0014, Perfect acc: 0.9850
Epoch: 95, Train loss: 0.0022, Perfect acc: 0.9794
[2m[36m(ilp_solver pid=141691)[0m Academic license - for non-commercial use only - expires 2023-05-13
[2m[36m(ilp_solver pid=141691)[0m Using license file /home/rishabh/gurobi.lic
Epoch: 96, Train loss: 0.0023, Perfect acc: 0.9819
Epoch: 97, Train loss: 0.0014, Perfect acc: 0.9850
Epoch: 98, Train loss: 0.0016, Perfect acc: 0.9862
Epoch: 99, Train loss: 0.0014, Perfect acc: 0.9862
Epoch: 100, Train loss: 0.0013, Perfect acc: 0.9881
Evaluation:: Loss: 0.0021, Perfect acc: 0.9820
Evaluation:: Loss: 0.0021, Perfect acc: 0.9820
2701.46user 113.52system 45:49.10elapsed 102%CPU (0avgtext+0avgdata 2022836maxresident)k
1888inputs+14440outputs (0major+3645658minor)pagefaults 0swaps
