WARNING:absl:No GPU/TPU found, falling back to CPU. (Set TF_CPP_MIN_LOG_LEVEL=0 and rerun for more info.)
Successfully loaded Static Constraints dataset.
Number of distinct solutions in train set: 1545
Number of distinct solutions in test set: 972
[2m[36m(ilp_solver pid=73457)[0m Academic license - for non-commercial use only - expires 2023-05-13
[2m[36m(ilp_solver pid=73457)[0m Using license file /home/rishabh/gurobi.lic
[2m[36m(ilp_solver pid=73445)[0m Academic license - for non-commercial use only - expires 2023-05-13
[2m[36m(ilp_solver pid=73445)[0m Using license file /home/rishabh/gurobi.lic
[2m[36m(ilp_solver pid=73483)[0m Academic license - for non-commercial use only - expires 2023-05-13
[2m[36m(ilp_solver pid=73483)[0m Using license file /home/rishabh/gurobi.lic
[2m[36m(ilp_solver pid=73474)[0m Academic license - for non-commercial use only - expires 2023-05-13
[2m[36m(ilp_solver pid=73474)[0m Using license file /home/rishabh/gurobi.lic
[2m[36m(ilp_solver pid=73454)[0m Academic license - for non-commercial use only - expires 2023-05-13
[2m[36m(ilp_solver pid=73454)[0m Using license file /home/rishabh/gurobi.lic
[2m[36m(ilp_solver pid=73479)[0m Academic license - for non-commercial use only - expires 2023-05-13
[2m[36m(ilp_solver pid=73479)[0m Using license file /home/rishabh/gurobi.lic
[2m[36m(ilp_solver pid=73464)[0m Academic license - for non-commercial use only - expires 2023-05-13
[2m[36m(ilp_solver pid=73464)[0m Using license file /home/rishabh/gurobi.lic
[2m[36m(ilp_solver pid=73469)[0m Academic license - for non-commercial use only - expires 2023-05-13
[2m[36m(ilp_solver pid=73469)[0m Using license file /home/rishabh/gurobi.lic
Evaluation:: Loss: 0.1683, Perfect acc: 0.0550
Epoch:  1, Train loss: 0.1264, Perfect acc: 0.1425
Epoch:  2, Train loss: 0.0797, Perfect acc: 0.3244
Epoch:  3, Train loss: 0.0661, Perfect acc: 0.4156
Epoch:  4, Train loss: 0.0604, Perfect acc: 0.4575
Epoch:  5, Train loss: 0.0587, Perfect acc: 0.4756
Epoch:  6, Train loss: 0.0541, Perfect acc: 0.4950
Epoch:  7, Train loss: 0.0512, Perfect acc: 0.5156
Epoch:  8, Train loss: 0.0465, Perfect acc: 0.5406
Epoch:  9, Train loss: 0.0417, Perfect acc: 0.5787
Epoch: 10, Train loss: 0.0372, Perfect acc: 0.6300
Evaluation:: Loss: 0.0324, Perfect acc: 0.6650
Epoch: 11, Train loss: 0.0311, Perfect acc: 0.6875
Epoch: 12, Train loss: 0.0255, Perfect acc: 0.7512
[2m[36m(ilp_solver pid=99413)[0m Academic license - for non-commercial use only - expires 2023-05-13
[2m[36m(ilp_solver pid=99413)[0m Using license file /home/rishabh/gurobi.lic
Epoch: 13, Train loss: 0.0192, Perfect acc: 0.8169
Epoch: 14, Train loss: 0.0121, Perfect acc: 0.8850
Epoch: 15, Train loss: 0.0073, Perfect acc: 0.9287
Epoch: 16, Train loss: 0.0039, Perfect acc: 0.9644
Epoch: 17, Train loss: 0.0017, Perfect acc: 0.9850
Epoch: 18, Train loss: 0.0018, Perfect acc: 0.9850
Epoch: 19, Train loss: 0.0014, Perfect acc: 0.9888
Epoch: 20, Train loss: 0.0018, Perfect acc: 0.9850
Evaluation:: Loss: 0.0014, Perfect acc: 0.9890
Epoch: 21, Train loss: 0.0012, Perfect acc: 0.9906
Epoch: 22, Train loss: 0.0020, Perfect acc: 0.9831
Epoch: 23, Train loss: 0.0016, Perfect acc: 0.9869
Epoch: 24, Train loss: 0.0022, Perfect acc: 0.9812
Epoch: 25, Train loss: 0.0018, Perfect acc: 0.9838
Epoch: 26, Train loss: 0.0018, Perfect acc: 0.9825
Epoch: 27, Train loss: 0.0019, Perfect acc: 0.9844
Epoch: 28, Train loss: 0.0022, Perfect acc: 0.9806
[2m[36m(ilp_solver pid=125712)[0m Academic license - for non-commercial use only - expires 2023-05-13
[2m[36m(ilp_solver pid=125712)[0m Using license file /home/rishabh/gurobi.lic
Epoch: 29, Train loss: 0.0039, Perfect acc: 0.9694
Epoch: 30, Train loss: 0.0037, Perfect acc: 0.9694
Evaluation:: Loss: 0.0015, Perfect acc: 0.9840
Epoch: 31, Train loss: 0.0023, Perfect acc: 0.9806
Epoch: 32, Train loss: 0.0020, Perfect acc: 0.9819
Epoch: 33, Train loss: 0.0041, Perfect acc: 0.9644
Epoch: 34, Train loss: 0.0026, Perfect acc: 0.9775
Epoch: 35, Train loss: 0.0029, Perfect acc: 0.9769
Epoch: 36, Train loss: 0.0029, Perfect acc: 0.9744
Epoch: 37, Train loss: 0.0021, Perfect acc: 0.9838
Epoch: 38, Train loss: 0.0027, Perfect acc: 0.9788
Epoch: 39, Train loss: 0.0027, Perfect acc: 0.9756
Epoch: 40, Train loss: 0.0021, Perfect acc: 0.9812
Evaluation:: Loss: 0.0019, Perfect acc: 0.9820
Epoch: 41, Train loss: 0.0029, Perfect acc: 0.9762
Epoch: 42, Train loss: 0.0031, Perfect acc: 0.9731
Epoch: 43, Train loss: 0.0013, Perfect acc: 0.9881
Epoch: 44, Train loss: 0.0018, Perfect acc: 0.9850
Epoch: 45, Train loss: 0.0026, Perfect acc: 0.9762
Epoch: 46, Train loss: 0.0020, Perfect acc: 0.9819
[2m[36m(ilp_solver pid=129320)[0m Academic license - for non-commercial use only - expires 2023-05-13
[2m[36m(ilp_solver pid=129320)[0m Using license file /home/rishabh/gurobi.lic
Epoch: 47, Train loss: 0.0021, Perfect acc: 0.9806
Epoch: 48, Train loss: 0.0017, Perfect acc: 0.9856
[2m[36m(ilp_solver pid=129802)[0m Academic license - for non-commercial use only - expires 2023-05-13
[2m[36m(ilp_solver pid=129802)[0m Using license file /home/rishabh/gurobi.lic
Epoch: 49, Train loss: 0.0026, Perfect acc: 0.9800
[2m[36m(ilp_solver pid=130145)[0m Academic license - for non-commercial use only - expires 2023-05-13
[2m[36m(ilp_solver pid=130145)[0m Using license file /home/rishabh/gurobi.lic
Epoch: 50, Train loss: 0.0025, Perfect acc: 0.9781
Evaluation:: Loss: 0.0021, Perfect acc: 0.9790
Epoch: 51, Train loss: 0.0021, Perfect acc: 0.9806
Epoch: 52, Train loss: 0.0024, Perfect acc: 0.9806
Epoch: 53, Train loss: 0.0026, Perfect acc: 0.9756
Epoch: 54, Train loss: 0.0023, Perfect acc: 0.9800
Epoch: 55, Train loss: 0.0027, Perfect acc: 0.9800
Epoch: 56, Train loss: 0.0021, Perfect acc: 0.9812
Epoch: 57, Train loss: 0.0025, Perfect acc: 0.9800
Epoch: 58, Train loss: 0.0020, Perfect acc: 0.9819
Epoch: 59, Train loss: 0.0026, Perfect acc: 0.9788
Epoch: 60, Train loss: 0.0020, Perfect acc: 0.9812
Evaluation:: Loss: 0.0023, Perfect acc: 0.9790
Epoch: 61, Train loss: 0.0025, Perfect acc: 0.9781
Epoch: 62, Train loss: 0.0022, Perfect acc: 0.9825
Epoch: 63, Train loss: 0.0030, Perfect acc: 0.9725
[2m[36m(ilp_solver pid=134544)[0m Academic license - for non-commercial use only - expires 2023-05-13
[2m[36m(ilp_solver pid=134544)[0m Using license file /home/rishabh/gurobi.lic
Epoch: 64, Train loss: 0.0020, Perfect acc: 0.9831
Epoch: 65, Train loss: 0.0024, Perfect acc: 0.9806
Epoch: 66, Train loss: 0.0025, Perfect acc: 0.9800
Epoch: 67, Train loss: 0.0025, Perfect acc: 0.9781
Epoch: 68, Train loss: 0.0019, Perfect acc: 0.9838
Epoch: 69, Train loss: 0.0030, Perfect acc: 0.9769
Epoch: 70, Train loss: 0.0025, Perfect acc: 0.9781
Evaluation:: Loss: 0.0011, Perfect acc: 0.9890
Epoch: 71, Train loss: 0.0026, Perfect acc: 0.9781
Epoch: 72, Train loss: 0.0031, Perfect acc: 0.9750
Epoch: 73, Train loss: 0.0020, Perfect acc: 0.9844
Epoch: 74, Train loss: 0.0019, Perfect acc: 0.9844
Epoch: 75, Train loss: 0.0021, Perfect acc: 0.9819
Epoch: 76, Train loss: 0.0029, Perfect acc: 0.9750
Epoch: 77, Train loss: 0.0015, Perfect acc: 0.9856
Epoch: 78, Train loss: 0.0025, Perfect acc: 0.9788
Epoch: 79, Train loss: 0.0027, Perfect acc: 0.9794
Epoch: 80, Train loss: 0.0021, Perfect acc: 0.9831
Evaluation:: Loss: 0.0021, Perfect acc: 0.9800
Epoch: 81, Train loss: 0.0023, Perfect acc: 0.9812
Epoch: 82, Train loss: 0.0023, Perfect acc: 0.9831
Epoch: 83, Train loss: 0.0024, Perfect acc: 0.9806
Epoch: 84, Train loss: 0.0033, Perfect acc: 0.9719
Epoch: 85, Train loss: 0.0019, Perfect acc: 0.9850
Epoch: 86, Train loss: 0.0028, Perfect acc: 0.9756
[2m[36m(ilp_solver pid=139966)[0m Academic license - for non-commercial use only - expires 2023-05-13
[2m[36m(ilp_solver pid=139966)[0m Using license file /home/rishabh/gurobi.lic
Epoch: 87, Train loss: 0.0021, Perfect acc: 0.9800
Epoch: 88, Train loss: 0.0024, Perfect acc: 0.9775
Epoch: 89, Train loss: 0.0020, Perfect acc: 0.9844
Epoch: 90, Train loss: 0.0027, Perfect acc: 0.9762
Evaluation:: Loss: 0.0019, Perfect acc: 0.9830
Epoch: 91, Train loss: 0.0024, Perfect acc: 0.9781
Epoch: 92, Train loss: 0.0024, Perfect acc: 0.9812
Epoch: 93, Train loss: 0.0023, Perfect acc: 0.9812
Epoch: 94, Train loss: 0.0023, Perfect acc: 0.9806
Epoch: 95, Train loss: 0.0030, Perfect acc: 0.9762
Epoch: 96, Train loss: 0.0027, Perfect acc: 0.9781
Epoch: 97, Train loss: 0.0027, Perfect acc: 0.9769
Epoch: 98, Train loss: 0.0027, Perfect acc: 0.9762
Epoch: 99, Train loss: 0.0021, Perfect acc: 0.9819
Epoch: 100, Train loss: 0.0022, Perfect acc: 0.9825
Evaluation:: Loss: 0.0018, Perfect acc: 0.9870
Evaluation:: Loss: 0.0018, Perfect acc: 0.9870
2707.96user 113.50system 45:57.34elapsed 102%CPU (0avgtext+0avgdata 2003380maxresident)k
1888inputs+14448outputs (0major+4251179minor)pagefaults 0swaps
