WARNING:absl:No GPU/TPU found, falling back to CPU. (Set TF_CPP_MIN_LOG_LEVEL=0 and rerun for more info.)
Successfully loaded Static Constraints dataset.
Number of distinct solutions in train set: 1461
Number of distinct solutions in test set: 952
[2m[36m(ilp_solver pid=169664)[0m Academic license - for non-commercial use only - expires 2023-05-13
[2m[36m(ilp_solver pid=169664)[0m Using license file /home/rishabh/gurobi.lic
[2m[36m(ilp_solver pid=169667)[0m Academic license - for non-commercial use only - expires 2023-05-13
[2m[36m(ilp_solver pid=169667)[0m Using license file /home/rishabh/gurobi.lic
[2m[36m(ilp_solver pid=169678)[0m Academic license - for non-commercial use only - expires 2023-05-13
[2m[36m(ilp_solver pid=169678)[0m Using license file /home/rishabh/gurobi.lic
[2m[36m(ilp_solver pid=169676)[0m Academic license - for non-commercial use only - expires 2023-05-13
[2m[36m(ilp_solver pid=169676)[0m Using license file /home/rishabh/gurobi.lic
[2m[36m(ilp_solver pid=169639)[0m Academic license - for non-commercial use only - expires 2023-05-13
[2m[36m(ilp_solver pid=169639)[0m Using license file /home/rishabh/gurobi.lic
[2m[36m(ilp_solver pid=169645)[0m Academic license - for non-commercial use only - expires 2023-05-13
[2m[36m(ilp_solver pid=169645)[0m Using license file /home/rishabh/gurobi.lic
[2m[36m(ilp_solver pid=169654)[0m Academic license - for non-commercial use only - expires 2023-05-13
[2m[36m(ilp_solver pid=169654)[0m Using license file /home/rishabh/gurobi.lic
[2m[36m(ilp_solver pid=169677)[0m Academic license - for non-commercial use only - expires 2023-05-13
[2m[36m(ilp_solver pid=169677)[0m Using license file /home/rishabh/gurobi.lic
Evaluation:: Loss: 0.1965, Perfect acc: 0.0390
Epoch:  1, Train loss: 0.1583, Perfect acc: 0.1031
Epoch:  2, Train loss: 0.1244, Perfect acc: 0.1694
Epoch:  3, Train loss: 0.1116, Perfect acc: 0.2037
Epoch:  4, Train loss: 0.1039, Perfect acc: 0.2250
Epoch:  5, Train loss: 0.0920, Perfect acc: 0.2687
Epoch:  6, Train loss: 0.0813, Perfect acc: 0.3119
Epoch:  7, Train loss: 0.0714, Perfect acc: 0.3837
Epoch:  8, Train loss: 0.0581, Perfect acc: 0.4894
Epoch:  9, Train loss: 0.0437, Perfect acc: 0.6250
Epoch: 10, Train loss: 0.0256, Perfect acc: 0.7900
Evaluation:: Loss: 0.0161, Perfect acc: 0.8570
Epoch: 11, Train loss: 0.0117, Perfect acc: 0.9075
Epoch: 12, Train loss: 0.0051, Perfect acc: 0.9613
Epoch: 13, Train loss: 0.0030, Perfect acc: 0.9769
Epoch: 14, Train loss: 0.0028, Perfect acc: 0.9800
Epoch: 15, Train loss: 0.0021, Perfect acc: 0.9825
Epoch: 16, Train loss: 0.0031, Perfect acc: 0.9762
Epoch: 17, Train loss: 0.0031, Perfect acc: 0.9756
Epoch: 18, Train loss: 0.0028, Perfect acc: 0.9781
Epoch: 19, Train loss: 0.0040, Perfect acc: 0.9688
Epoch: 20, Train loss: 0.0025, Perfect acc: 0.9819
Evaluation:: Loss: 0.0038, Perfect acc: 0.9680
Epoch: 21, Train loss: 0.0041, Perfect acc: 0.9688
Epoch: 22, Train loss: 0.0034, Perfect acc: 0.9719
Epoch: 23, Train loss: 0.0043, Perfect acc: 0.9656
Epoch: 24, Train loss: 0.0036, Perfect acc: 0.9719
Epoch: 25, Train loss: 0.0043, Perfect acc: 0.9650
Epoch: 26, Train loss: 0.0037, Perfect acc: 0.9681
Epoch: 27, Train loss: 0.0052, Perfect acc: 0.9606
Epoch: 28, Train loss: 0.0049, Perfect acc: 0.9587
Epoch: 29, Train loss: 0.0058, Perfect acc: 0.9544
Epoch: 30, Train loss: 0.0034, Perfect acc: 0.9719
Evaluation:: Loss: 0.0026, Perfect acc: 0.9750
Epoch: 31, Train loss: 0.0041, Perfect acc: 0.9656
Epoch: 32, Train loss: 0.0035, Perfect acc: 0.9731
Epoch: 33, Train loss: 0.0031, Perfect acc: 0.9731
[2m[36m(ilp_solver pid=45634)[0m Academic license - for non-commercial use only - expires 2023-05-13
[2m[36m(ilp_solver pid=45634)[0m Using license file /home/rishabh/gurobi.lic
Epoch: 34, Train loss: 0.0041, Perfect acc: 0.9656
Epoch: 35, Train loss: 0.0049, Perfect acc: 0.9594
Epoch: 36, Train loss: 0.0036, Perfect acc: 0.9738
Epoch: 37, Train loss: 0.0044, Perfect acc: 0.9637
Epoch: 38, Train loss: 0.0045, Perfect acc: 0.9688
Epoch: 39, Train loss: 0.0037, Perfect acc: 0.9694
Epoch: 40, Train loss: 0.0051, Perfect acc: 0.9613
Evaluation:: Loss: 0.0043, Perfect acc: 0.9640
Epoch: 41, Train loss: 0.0025, Perfect acc: 0.9762
Epoch: 42, Train loss: 0.0042, Perfect acc: 0.9650
Epoch: 43, Train loss: 0.0043, Perfect acc: 0.9650
Epoch: 44, Train loss: 0.0033, Perfect acc: 0.9731
Epoch: 45, Train loss: 0.0041, Perfect acc: 0.9700
Epoch: 46, Train loss: 0.0031, Perfect acc: 0.9744
Epoch: 47, Train loss: 0.0048, Perfect acc: 0.9656
Epoch: 48, Train loss: 0.0041, Perfect acc: 0.9681
Epoch: 49, Train loss: 0.0048, Perfect acc: 0.9644
Epoch: 50, Train loss: 0.0037, Perfect acc: 0.9700
Evaluation:: Loss: 0.0032, Perfect acc: 0.9720
Epoch: 51, Train loss: 0.0036, Perfect acc: 0.9706
Epoch: 52, Train loss: 0.0034, Perfect acc: 0.9756
Epoch: 53, Train loss: 0.0052, Perfect acc: 0.9594
Epoch: 54, Train loss: 0.0039, Perfect acc: 0.9675
Epoch: 55, Train loss: 0.0034, Perfect acc: 0.9706
Epoch: 56, Train loss: 0.0032, Perfect acc: 0.9744
Epoch: 57, Train loss: 0.0039, Perfect acc: 0.9706
Epoch: 58, Train loss: 0.0041, Perfect acc: 0.9663
Epoch: 59, Train loss: 0.0029, Perfect acc: 0.9781
Epoch: 60, Train loss: 0.0044, Perfect acc: 0.9656
Evaluation:: Loss: 0.0030, Perfect acc: 0.9750
Epoch: 61, Train loss: 0.0031, Perfect acc: 0.9769
Epoch: 62, Train loss: 0.0041, Perfect acc: 0.9700
Epoch: 63, Train loss: 0.0050, Perfect acc: 0.9619
Epoch: 64, Train loss: 0.0033, Perfect acc: 0.9712
Epoch: 65, Train loss: 0.0035, Perfect acc: 0.9731
Epoch: 66, Train loss: 0.0038, Perfect acc: 0.9694
Epoch: 67, Train loss: 0.0045, Perfect acc: 0.9675
Epoch: 68, Train loss: 0.0045, Perfect acc: 0.9688
Epoch: 69, Train loss: 0.0047, Perfect acc: 0.9631
Epoch: 70, Train loss: 0.0027, Perfect acc: 0.9756
Evaluation:: Loss: 0.0030, Perfect acc: 0.9730
Epoch: 71, Train loss: 0.0039, Perfect acc: 0.9700
Epoch: 72, Train loss: 0.0039, Perfect acc: 0.9694
Epoch: 73, Train loss: 0.0043, Perfect acc: 0.9681
Epoch: 74, Train loss: 0.0043, Perfect acc: 0.9637
Epoch: 75, Train loss: 0.0041, Perfect acc: 0.9669
Epoch: 76, Train loss: 0.0043, Perfect acc: 0.9663
Epoch: 77, Train loss: 0.0045, Perfect acc: 0.9650
Epoch: 78, Train loss: 0.0042, Perfect acc: 0.9675
Epoch: 79, Train loss: 0.0040, Perfect acc: 0.9706
Epoch: 80, Train loss: 0.0035, Perfect acc: 0.9700
Evaluation:: Loss: 0.0036, Perfect acc: 0.9670
Epoch: 81, Train loss: 0.0037, Perfect acc: 0.9712
Epoch: 82, Train loss: 0.0044, Perfect acc: 0.9656
Epoch: 83, Train loss: 0.0038, Perfect acc: 0.9681
Epoch: 84, Train loss: 0.0038, Perfect acc: 0.9719
Epoch: 85, Train loss: 0.0046, Perfect acc: 0.9669
Epoch: 86, Train loss: 0.0028, Perfect acc: 0.9750
Epoch: 87, Train loss: 0.0036, Perfect acc: 0.9694
[2m[36m(ilp_solver pid=54945)[0m Academic license - for non-commercial use only - expires 2023-05-13
[2m[36m(ilp_solver pid=54945)[0m Using license file /home/rishabh/gurobi.lic
Epoch: 88, Train loss: 0.0041, Perfect acc: 0.9706
Epoch: 89, Train loss: 0.0040, Perfect acc: 0.9688
Epoch: 90, Train loss: 0.0045, Perfect acc: 0.9656
Evaluation:: Loss: 0.0027, Perfect acc: 0.9700
Epoch: 91, Train loss: 0.0050, Perfect acc: 0.9613
Epoch: 92, Train loss: 0.0031, Perfect acc: 0.9756
Epoch: 93, Train loss: 0.0032, Perfect acc: 0.9756
Epoch: 94, Train loss: 0.0043, Perfect acc: 0.9688
Epoch: 95, Train loss: 0.0030, Perfect acc: 0.9744
Epoch: 96, Train loss: 0.0036, Perfect acc: 0.9706
Epoch: 97, Train loss: 0.0036, Perfect acc: 0.9756
Epoch: 98, Train loss: 0.0039, Perfect acc: 0.9712
Epoch: 99, Train loss: 0.0037, Perfect acc: 0.9669
Epoch: 100, Train loss: 0.0042, Perfect acc: 0.9669
Evaluation:: Loss: 0.0037, Perfect acc: 0.9640
Evaluation:: Loss: 0.0037, Perfect acc: 0.9640
2571.37user 110.22system 43:17.99elapsed 103%CPU (0avgtext+0avgdata 1992124maxresident)k
1888inputs+13592outputs (0major+4356046minor)pagefaults 0swaps
