WARNING:absl:No GPU/TPU found, falling back to CPU. (Set TF_CPP_MIN_LOG_LEVEL=0 and rerun for more info.)
Successfully loaded Static Constraints dataset.
Number of distinct solutions in train set: 1574
Number of distinct solutions in test set: 990
[2m[36m(ilp_solver pid=169661)[0m Academic license - for non-commercial use only - expires 2023-05-13
[2m[36m(ilp_solver pid=169661)[0m Using license file /home/rishabh/gurobi.lic
[2m[36m(ilp_solver pid=169673)[0m Academic license - for non-commercial use only - expires 2023-05-13
[2m[36m(ilp_solver pid=169673)[0m Using license file /home/rishabh/gurobi.lic
[2m[36m(ilp_solver pid=169646)[0m Academic license - for non-commercial use only - expires 2023-05-13
[2m[36m(ilp_solver pid=169646)[0m Using license file /home/rishabh/gurobi.lic
[2m[36m(ilp_solver pid=169640)[0m Academic license - for non-commercial use only - expires 2023-05-13
[2m[36m(ilp_solver pid=169640)[0m Using license file /home/rishabh/gurobi.lic
[2m[36m(ilp_solver pid=169675)[0m Academic license - for non-commercial use only - expires 2023-05-13
[2m[36m(ilp_solver pid=169675)[0m Using license file /home/rishabh/gurobi.lic
[2m[36m(ilp_solver pid=169656)[0m Academic license - for non-commercial use only - expires 2023-05-13
[2m[36m(ilp_solver pid=169656)[0m Using license file /home/rishabh/gurobi.lic
[2m[36m(ilp_solver pid=169666)[0m Academic license - for non-commercial use only - expires 2023-05-13
[2m[36m(ilp_solver pid=169666)[0m Using license file /home/rishabh/gurobi.lic
[2m[36m(ilp_solver pid=169670)[0m Academic license - for non-commercial use only - expires 2023-05-13
[2m[36m(ilp_solver pid=169670)[0m Using license file /home/rishabh/gurobi.lic
Evaluation:: Loss: 0.1577, Perfect acc: 0.0730
Epoch:  1, Train loss: 0.1091, Perfect acc: 0.2144
Epoch:  2, Train loss: 0.0528, Perfect acc: 0.4850
Epoch:  3, Train loss: 0.0341, Perfect acc: 0.6262
Epoch:  4, Train loss: 0.0262, Perfect acc: 0.6937
Epoch:  5, Train loss: 0.0220, Perfect acc: 0.7412
Epoch:  6, Train loss: 0.0196, Perfect acc: 0.7650
[2m[36m(ilp_solver pid=40005)[0m Academic license - for non-commercial use only - expires 2023-05-13
[2m[36m(ilp_solver pid=40005)[0m Using license file /home/rishabh/gurobi.lic
Epoch:  7, Train loss: 0.0180, Perfect acc: 0.7844
Epoch:  8, Train loss: 0.0159, Perfect acc: 0.8063
Epoch:  9, Train loss: 0.0146, Perfect acc: 0.8225
Epoch: 10, Train loss: 0.0135, Perfect acc: 0.8387
Evaluation:: Loss: 0.0123, Perfect acc: 0.8480
Epoch: 11, Train loss: 0.0121, Perfect acc: 0.8550
Epoch: 12, Train loss: 0.0107, Perfect acc: 0.8719
Epoch: 13, Train loss: 0.0089, Perfect acc: 0.8944
Epoch: 14, Train loss: 0.0078, Perfect acc: 0.9075
Epoch: 15, Train loss: 0.0068, Perfect acc: 0.9206
Epoch: 16, Train loss: 0.0049, Perfect acc: 0.9419
[2m[36m(ilp_solver pid=41974)[0m Academic license - for non-commercial use only - expires 2023-05-13
[2m[36m(ilp_solver pid=41974)[0m Using license file /home/rishabh/gurobi.lic
Epoch: 17, Train loss: 0.0041, Perfect acc: 0.9537
[2m[36m(ilp_solver pid=42262)[0m Academic license - for non-commercial use only - expires 2023-05-13
[2m[36m(ilp_solver pid=42262)[0m Using license file /home/rishabh/gurobi.lic
Epoch: 18, Train loss: 0.0028, Perfect acc: 0.9669
Epoch: 19, Train loss: 0.0017, Perfect acc: 0.9788
Epoch: 20, Train loss: 0.0017, Perfect acc: 0.9825
Evaluation:: Loss: 0.0013, Perfect acc: 0.9860
[2m[36m(ilp_solver pid=42824)[0m Academic license - for non-commercial use only - expires 2023-05-13
[2m[36m(ilp_solver pid=42824)[0m Using license file /home/rishabh/gurobi.lic
Epoch: 21, Train loss: 0.0012, Perfect acc: 0.9862
Epoch: 22, Train loss: 0.0005, Perfect acc: 0.9931
Epoch: 23, Train loss: 0.0005, Perfect acc: 0.9938
Epoch: 24, Train loss: 0.0004, Perfect acc: 0.9938
Epoch: 25, Train loss: 0.0005, Perfect acc: 0.9931
Epoch: 26, Train loss: 0.0005, Perfect acc: 0.9938
Epoch: 27, Train loss: 0.0004, Perfect acc: 0.9938
[2m[36m(ilp_solver pid=44515)[0m Academic license - for non-commercial use only - expires 2023-05-13
[2m[36m(ilp_solver pid=44515)[0m Using license file /home/rishabh/gurobi.lic
Epoch: 28, Train loss: 0.0008, Perfect acc: 0.9912
Epoch: 29, Train loss: 0.0005, Perfect acc: 0.9931
Epoch: 30, Train loss: 0.0005, Perfect acc: 0.9938
Evaluation:: Loss: 0.0008, Perfect acc: 0.9910
Epoch: 31, Train loss: 0.0006, Perfect acc: 0.9944
Epoch: 32, Train loss: 0.0003, Perfect acc: 0.9962
Epoch: 33, Train loss: 0.0008, Perfect acc: 0.9919
Epoch: 34, Train loss: 0.0005, Perfect acc: 0.9938
Epoch: 35, Train loss: 0.0005, Perfect acc: 0.9938
Epoch: 36, Train loss: 0.0006, Perfect acc: 0.9931
Epoch: 37, Train loss: 0.0009, Perfect acc: 0.9900
Epoch: 38, Train loss: 0.0005, Perfect acc: 0.9944
Epoch: 39, Train loss: 0.0007, Perfect acc: 0.9912
Epoch: 40, Train loss: 0.0007, Perfect acc: 0.9919
Evaluation:: Loss: 0.0007, Perfect acc: 0.9920
Epoch: 41, Train loss: 0.0005, Perfect acc: 0.9938
Epoch: 42, Train loss: 0.0007, Perfect acc: 0.9925
Epoch: 43, Train loss: 0.0011, Perfect acc: 0.9888
[2m[36m(ilp_solver pid=47283)[0m Academic license - for non-commercial use only - expires 2023-05-13
[2m[36m(ilp_solver pid=47283)[0m Using license file /home/rishabh/gurobi.lic
Epoch: 44, Train loss: 0.0007, Perfect acc: 0.9919
Epoch: 45, Train loss: 0.0006, Perfect acc: 0.9925
Epoch: 46, Train loss: 0.0007, Perfect acc: 0.9912
Epoch: 47, Train loss: 0.0007, Perfect acc: 0.9925
Epoch: 48, Train loss: 0.0008, Perfect acc: 0.9925
Epoch: 49, Train loss: 0.0004, Perfect acc: 0.9938
Epoch: 50, Train loss: 0.0009, Perfect acc: 0.9906
Evaluation:: Loss: 0.0011, Perfect acc: 0.9860
Epoch: 51, Train loss: 0.0009, Perfect acc: 0.9912
Epoch: 52, Train loss: 0.0006, Perfect acc: 0.9931
Epoch: 53, Train loss: 0.0006, Perfect acc: 0.9938
Epoch: 54, Train loss: 0.0007, Perfect acc: 0.9912
Epoch: 55, Train loss: 0.0004, Perfect acc: 0.9950
Epoch: 56, Train loss: 0.0009, Perfect acc: 0.9906
Epoch: 57, Train loss: 0.0007, Perfect acc: 0.9919
Epoch: 58, Train loss: 0.0009, Perfect acc: 0.9900
Epoch: 59, Train loss: 0.0005, Perfect acc: 0.9931
Epoch: 60, Train loss: 0.0010, Perfect acc: 0.9894
Evaluation:: Loss: 0.0011, Perfect acc: 0.9890
Epoch: 61, Train loss: 0.0005, Perfect acc: 0.9931
Epoch: 62, Train loss: 0.0009, Perfect acc: 0.9912
[2m[36m(ilp_solver pid=51042)[0m Academic license - for non-commercial use only - expires 2023-05-13
[2m[36m(ilp_solver pid=51042)[0m Using license file /home/rishabh/gurobi.lic
Epoch: 63, Train loss: 0.0006, Perfect acc: 0.9931
Epoch: 64, Train loss: 0.0008, Perfect acc: 0.9925
Epoch: 65, Train loss: 0.0007, Perfect acc: 0.9919
Epoch: 66, Train loss: 0.0009, Perfect acc: 0.9906
Epoch: 67, Train loss: 0.0004, Perfect acc: 0.9950
Epoch: 68, Train loss: 0.0007, Perfect acc: 0.9931
Epoch: 69, Train loss: 0.0008, Perfect acc: 0.9900
Epoch: 70, Train loss: 0.0009, Perfect acc: 0.9906
Evaluation:: Loss: 0.0007, Perfect acc: 0.9920
Epoch: 71, Train loss: 0.0004, Perfect acc: 0.9956
Epoch: 72, Train loss: 0.0004, Perfect acc: 0.9944
Epoch: 73, Train loss: 0.0007, Perfect acc: 0.9919
Epoch: 74, Train loss: 0.0007, Perfect acc: 0.9925
Epoch: 75, Train loss: 0.0010, Perfect acc: 0.9906
Epoch: 76, Train loss: 0.0006, Perfect acc: 0.9925
Epoch: 77, Train loss: 0.0010, Perfect acc: 0.9906
Epoch: 78, Train loss: 0.0007, Perfect acc: 0.9919
Epoch: 79, Train loss: 0.0006, Perfect acc: 0.9938
Epoch: 80, Train loss: 0.0006, Perfect acc: 0.9938
Evaluation:: Loss: 0.0012, Perfect acc: 0.9880
Epoch: 81, Train loss: 0.0004, Perfect acc: 0.9944
Epoch: 82, Train loss: 0.0008, Perfect acc: 0.9900
Epoch: 83, Train loss: 0.0007, Perfect acc: 0.9919
Epoch: 84, Train loss: 0.0011, Perfect acc: 0.9894
Epoch: 85, Train loss: 0.0007, Perfect acc: 0.9906
Epoch: 86, Train loss: 0.0005, Perfect acc: 0.9938
Epoch: 87, Train loss: 0.0006, Perfect acc: 0.9931
Epoch: 88, Train loss: 0.0009, Perfect acc: 0.9912
Epoch: 89, Train loss: 0.0006, Perfect acc: 0.9925
Epoch: 90, Train loss: 0.0003, Perfect acc: 0.9969
Evaluation:: Loss: 0.0015, Perfect acc: 0.9840
Epoch: 91, Train loss: 0.0006, Perfect acc: 0.9938
Epoch: 92, Train loss: 0.0007, Perfect acc: 0.9912
Epoch: 93, Train loss: 0.0008, Perfect acc: 0.9912
Epoch: 94, Train loss: 0.0008, Perfect acc: 0.9900
Epoch: 95, Train loss: 0.0006, Perfect acc: 0.9931
Epoch: 96, Train loss: 0.0005, Perfect acc: 0.9944
Epoch: 97, Train loss: 0.0011, Perfect acc: 0.9869
Epoch: 98, Train loss: 0.0006, Perfect acc: 0.9938
Epoch: 99, Train loss: 0.0005, Perfect acc: 0.9925
Epoch: 100, Train loss: 0.0008, Perfect acc: 0.9900
Evaluation:: Loss: 0.0008, Perfect acc: 0.9910
Evaluation:: Loss: 0.0008, Perfect acc: 0.9910
2580.60user 112.88system 43:10.08elapsed 103%CPU (0avgtext+0avgdata 2009000maxresident)k
1888inputs+13624outputs (0major+3923055minor)pagefaults 0swaps
