WARNING:absl:No GPU/TPU found, falling back to CPU. (Set TF_CPP_MIN_LOG_LEVEL=0 and rerun for more info.)
Successfully loaded Static Constraints dataset.
Number of distinct solutions in train set: 1555
Number of distinct solutions in test set: 985
[2m[36m(ilp_solver pid=169657)[0m Academic license - for non-commercial use only - expires 2023-05-13
[2m[36m(ilp_solver pid=169657)[0m Using license file /home/rishabh/gurobi.lic
[2m[36m(ilp_solver pid=169642)[0m Academic license - for non-commercial use only - expires 2023-05-13
[2m[36m(ilp_solver pid=169642)[0m Using license file /home/rishabh/gurobi.lic
[2m[36m(ilp_solver pid=169669)[0m Academic license - for non-commercial use only - expires 2023-05-13
[2m[36m(ilp_solver pid=169669)[0m Using license file /home/rishabh/gurobi.lic
[2m[36m(ilp_solver pid=169662)[0m Academic license - for non-commercial use only - expires 2023-05-13
[2m[36m(ilp_solver pid=169662)[0m Using license file /home/rishabh/gurobi.lic
[2m[36m(ilp_solver pid=169634)[0m Academic license - for non-commercial use only - expires 2023-05-13
[2m[36m(ilp_solver pid=169634)[0m Using license file /home/rishabh/gurobi.lic
[2m[36m(ilp_solver pid=169672)[0m Academic license - for non-commercial use only - expires 2023-05-13
[2m[36m(ilp_solver pid=169672)[0m Using license file /home/rishabh/gurobi.lic
[2m[36m(ilp_solver pid=169649)[0m Academic license - for non-commercial use only - expires 2023-05-13
[2m[36m(ilp_solver pid=169649)[0m Using license file /home/rishabh/gurobi.lic
[2m[36m(ilp_solver pid=169674)[0m Academic license - for non-commercial use only - expires 2023-05-13
[2m[36m(ilp_solver pid=169674)[0m Using license file /home/rishabh/gurobi.lic
Evaluation:: Loss: 0.1929, Perfect acc: 0.0190
Epoch:  1, Train loss: 0.1471, Perfect acc: 0.0762
Epoch:  2, Train loss: 0.0936, Perfect acc: 0.2431
Epoch:  3, Train loss: 0.0746, Perfect acc: 0.3450
Epoch:  4, Train loss: 0.0650, Perfect acc: 0.4012
Epoch:  5, Train loss: 0.0577, Perfect acc: 0.4387
Epoch:  6, Train loss: 0.0498, Perfect acc: 0.4850
Epoch:  7, Train loss: 0.0418, Perfect acc: 0.5537
Epoch:  8, Train loss: 0.0327, Perfect acc: 0.6419
Epoch:  9, Train loss: 0.0225, Perfect acc: 0.7575
Epoch: 10, Train loss: 0.0150, Perfect acc: 0.8450
Evaluation:: Loss: 0.0151, Perfect acc: 0.8520
Epoch: 11, Train loss: 0.0086, Perfect acc: 0.9113
Epoch: 12, Train loss: 0.0052, Perfect acc: 0.9444
Epoch: 13, Train loss: 0.0034, Perfect acc: 0.9644
Epoch: 14, Train loss: 0.0015, Perfect acc: 0.9825
Epoch: 15, Train loss: 0.0010, Perfect acc: 0.9888
Epoch: 16, Train loss: 0.0013, Perfect acc: 0.9881
Epoch: 17, Train loss: 0.0009, Perfect acc: 0.9894
Epoch: 18, Train loss: 0.0006, Perfect acc: 0.9925
Epoch: 19, Train loss: 0.0011, Perfect acc: 0.9888
Epoch: 20, Train loss: 0.0013, Perfect acc: 0.9881
Evaluation:: Loss: 0.0024, Perfect acc: 0.9760
Epoch: 21, Train loss: 0.0013, Perfect acc: 0.9869
Epoch: 22, Train loss: 0.0012, Perfect acc: 0.9888
Epoch: 23, Train loss: 0.0015, Perfect acc: 0.9856
Epoch: 24, Train loss: 0.0016, Perfect acc: 0.9850
Epoch: 25, Train loss: 0.0013, Perfect acc: 0.9850
Epoch: 26, Train loss: 0.0020, Perfect acc: 0.9806
Epoch: 27, Train loss: 0.0014, Perfect acc: 0.9862
Epoch: 28, Train loss: 0.0016, Perfect acc: 0.9844
Epoch: 29, Train loss: 0.0020, Perfect acc: 0.9794
Epoch: 30, Train loss: 0.0020, Perfect acc: 0.9806
Evaluation:: Loss: 0.0022, Perfect acc: 0.9800
Epoch: 31, Train loss: 0.0020, Perfect acc: 0.9800
Epoch: 32, Train loss: 0.0024, Perfect acc: 0.9775
Epoch: 33, Train loss: 0.0022, Perfect acc: 0.9781
Epoch: 34, Train loss: 0.0018, Perfect acc: 0.9806
Epoch: 35, Train loss: 0.0022, Perfect acc: 0.9769
Epoch: 36, Train loss: 0.0018, Perfect acc: 0.9819
Epoch: 37, Train loss: 0.0016, Perfect acc: 0.9825
Epoch: 38, Train loss: 0.0025, Perfect acc: 0.9738
Epoch: 39, Train loss: 0.0018, Perfect acc: 0.9819
Epoch: 40, Train loss: 0.0019, Perfect acc: 0.9838
Evaluation:: Loss: 0.0027, Perfect acc: 0.9740
Epoch: 41, Train loss: 0.0024, Perfect acc: 0.9775
Epoch: 42, Train loss: 0.0028, Perfect acc: 0.9731
Epoch: 43, Train loss: 0.0018, Perfect acc: 0.9812
Epoch: 44, Train loss: 0.0021, Perfect acc: 0.9806
Epoch: 45, Train loss: 0.0026, Perfect acc: 0.9750
Epoch: 46, Train loss: 0.0023, Perfect acc: 0.9788
Epoch: 47, Train loss: 0.0023, Perfect acc: 0.9775
Epoch: 48, Train loss: 0.0020, Perfect acc: 0.9831
Epoch: 49, Train loss: 0.0025, Perfect acc: 0.9762
[2m[36m(ilp_solver pid=48067)[0m Academic license - for non-commercial use only - expires 2023-05-13
[2m[36m(ilp_solver pid=48067)[0m Using license file /home/rishabh/gurobi.lic
Epoch: 50, Train loss: 0.0020, Perfect acc: 0.9800
Evaluation:: Loss: 0.0035, Perfect acc: 0.9680
Epoch: 51, Train loss: 0.0023, Perfect acc: 0.9775
[2m[36m(ilp_solver pid=48439)[0m Academic license - for non-commercial use only - expires 2023-05-13
[2m[36m(ilp_solver pid=48439)[0m Using license file /home/rishabh/gurobi.lic
Epoch: 52, Train loss: 0.0022, Perfect acc: 0.9781
[2m[36m(ilp_solver pid=48534)[0m Academic license - for non-commercial use only - expires 2023-05-13
[2m[36m(ilp_solver pid=48534)[0m Using license file /home/rishabh/gurobi.lic
Epoch: 53, Train loss: 0.0028, Perfect acc: 0.9706
Epoch: 54, Train loss: 0.0022, Perfect acc: 0.9775
Epoch: 55, Train loss: 0.0019, Perfect acc: 0.9794
Epoch: 56, Train loss: 0.0023, Perfect acc: 0.9781
Epoch: 57, Train loss: 0.0018, Perfect acc: 0.9819
Epoch: 58, Train loss: 0.0016, Perfect acc: 0.9856
Epoch: 59, Train loss: 0.0021, Perfect acc: 0.9800
Epoch: 60, Train loss: 0.0018, Perfect acc: 0.9819
Evaluation:: Loss: 0.0030, Perfect acc: 0.9720
Epoch: 61, Train loss: 0.0020, Perfect acc: 0.9812
Epoch: 62, Train loss: 0.0025, Perfect acc: 0.9750
Epoch: 63, Train loss: 0.0023, Perfect acc: 0.9769
Epoch: 64, Train loss: 0.0021, Perfect acc: 0.9788
Epoch: 65, Train loss: 0.0025, Perfect acc: 0.9769
Epoch: 66, Train loss: 0.0022, Perfect acc: 0.9794
Epoch: 67, Train loss: 0.0027, Perfect acc: 0.9719
Epoch: 68, Train loss: 0.0027, Perfect acc: 0.9744
Epoch: 69, Train loss: 0.0012, Perfect acc: 0.9869
Epoch: 70, Train loss: 0.0014, Perfect acc: 0.9844
Evaluation:: Loss: 0.0021, Perfect acc: 0.9800
Epoch: 71, Train loss: 0.0018, Perfect acc: 0.9825
Epoch: 72, Train loss: 0.0024, Perfect acc: 0.9781
Epoch: 73, Train loss: 0.0018, Perfect acc: 0.9806
Epoch: 74, Train loss: 0.0024, Perfect acc: 0.9775
Epoch: 75, Train loss: 0.0015, Perfect acc: 0.9844
Epoch: 76, Train loss: 0.0021, Perfect acc: 0.9794
Epoch: 77, Train loss: 0.0027, Perfect acc: 0.9719
Epoch: 78, Train loss: 0.0029, Perfect acc: 0.9712
Epoch: 79, Train loss: 0.0018, Perfect acc: 0.9812
Epoch: 80, Train loss: 0.0021, Perfect acc: 0.9831
Evaluation:: Loss: 0.0040, Perfect acc: 0.9600
Epoch: 81, Train loss: 0.0011, Perfect acc: 0.9894
Epoch: 82, Train loss: 0.0018, Perfect acc: 0.9819
Epoch: 83, Train loss: 0.0024, Perfect acc: 0.9744
Epoch: 84, Train loss: 0.0014, Perfect acc: 0.9862
Epoch: 85, Train loss: 0.0023, Perfect acc: 0.9769
Epoch: 86, Train loss: 0.0027, Perfect acc: 0.9744
Epoch: 87, Train loss: 0.0016, Perfect acc: 0.9838
Epoch: 88, Train loss: 0.0026, Perfect acc: 0.9762
Epoch: 89, Train loss: 0.0011, Perfect acc: 0.9881
Epoch: 90, Train loss: 0.0022, Perfect acc: 0.9769
Evaluation:: Loss: 0.0016, Perfect acc: 0.9830
Epoch: 91, Train loss: 0.0021, Perfect acc: 0.9788
Epoch: 92, Train loss: 0.0025, Perfect acc: 0.9775
Epoch: 93, Train loss: 0.0020, Perfect acc: 0.9806
Epoch: 94, Train loss: 0.0024, Perfect acc: 0.9750
Epoch: 95, Train loss: 0.0022, Perfect acc: 0.9800
Epoch: 96, Train loss: 0.0027, Perfect acc: 0.9731
Epoch: 97, Train loss: 0.0029, Perfect acc: 0.9712
Epoch: 98, Train loss: 0.0029, Perfect acc: 0.9719
Epoch: 99, Train loss: 0.0028, Perfect acc: 0.9731
Epoch: 100, Train loss: 0.0020, Perfect acc: 0.9825
Evaluation:: Loss: 0.0018, Perfect acc: 0.9840
Evaluation:: Loss: 0.0018, Perfect acc: 0.9840
2565.52user 115.69system 43:19.09elapsed 103%CPU (0avgtext+0avgdata 1994756maxresident)k
1888inputs+13584outputs (0major+4719493minor)pagefaults 0swaps
