WARNING:absl:No GPU/TPU found, falling back to CPU. (Set TF_CPP_MIN_LOG_LEVEL=0 and rerun for more info.)
LLVM ERROR: pthread_create failed: Resource temporarily unavailable
*** SIGABRT received at time=1652928718 on cpu 29 ***
PC: @     0x7fb18cfa3428  (unknown)  raise
    @     0x7fb18d349390       3904  (unknown)
    @     0x7fb12ef13cb1         48  llvm::report_fatal_error()
    @     0x7fb12eea5100         96  ReportErrnumFatal()
    @     0x7fb12eea52f8        128  llvm::llvm_execute_on_thread_impl()
    @     0x7fb12eea579d         48  llvm::thread::thread<>()
    @     0x7fb12eea7871        144  llvm::ThreadPool::ThreadPool()
    @     0x7fb12edbd74f        496  mlir::MLIRContext::MLIRContext()
    @     0x7fb12edbda19        160  mlir::MLIRContext::MLIRContext()
    @     0x7fb12ca930cc       2528  xla::cpu::CpuCompiler::RunBackend()
    @     0x7fb12ca7f57a       4432  xla::TfrtCpuClient::Compile()
    @     0x7fb12c9be2b5        976  xla::PyClient::Compile()
    @     0x7fb12c728b5c       1632  pybind11::detail::argument_loader<>::call_impl<>()
    @     0x7fb12c729434        192  pybind11::cpp_function::initialize<>()::{lambda()#3}::_FUN()
    @     0x7fb12c70a821        544  pybind11::cpp_function::dispatcher()
    @     0x557d53c64562  (unknown)  _PyCFunction_FastCallDict
    @     0x557d53dd4660  (unknown)  (unknown)
[2022-05-19 08:21:58,496 E 72032 75792] logging.cc:325: *** SIGABRT received at time=1652928718 on cpu 29 ***
[2022-05-19 08:21:58,497 E 72032 75792] logging.cc:325: PC: @     0x7fb18cfa3428  (unknown)  raise
[2022-05-19 08:21:58,499 E 72032 75792] logging.cc:325:     @     0x7fb18d349390       3904  (unknown)
[2022-05-19 08:21:58,499 E 72032 75792] logging.cc:325:     @     0x7fb12ef13cb1         48  llvm::report_fatal_error()
[2022-05-19 08:21:58,499 E 72032 75792] logging.cc:325:     @     0x7fb12eea5100         96  ReportErrnumFatal()
[2022-05-19 08:21:58,499 E 72032 75792] logging.cc:325:     @     0x7fb12eea52f8        128  llvm::llvm_execute_on_thread_impl()
[2022-05-19 08:21:58,499 E 72032 75792] logging.cc:325:     @     0x7fb12eea579d         48  llvm::thread::thread<>()
[2022-05-19 08:21:58,499 E 72032 75792] logging.cc:325:     @     0x7fb12eea7871        144  llvm::ThreadPool::ThreadPool()
[2022-05-19 08:21:58,499 E 72032 75792] logging.cc:325:     @     0x7fb12edbd74f        496  mlir::MLIRContext::MLIRContext()
[2022-05-19 08:21:58,499 E 72032 75792] logging.cc:325:     @     0x7fb12edbda19        160  mlir::MLIRContext::MLIRContext()
[2022-05-19 08:21:58,499 E 72032 75792] logging.cc:325:     @     0x7fb12ca930cc       2528  xla::cpu::CpuCompiler::RunBackend()
[2022-05-19 08:21:58,499 E 72032 75792] logging.cc:325:     @     0x7fb12ca7f57a       4432  xla::TfrtCpuClient::Compile()
[2022-05-19 08:21:58,499 E 72032 75792] logging.cc:325:     @     0x7fb12c9be2b5        976  xla::PyClient::Compile()
[2022-05-19 08:21:58,499 E 72032 75792] logging.cc:325:     @     0x7fb12c728b5c       1632  pybind11::detail::argument_loader<>::call_impl<>()
[2022-05-19 08:21:58,499 E 72032 75792] logging.cc:325:     @     0x7fb12c729434        192  pybind11::cpp_function::initialize<>()::{lambda()#3}::_FUN()
[2022-05-19 08:21:58,499 E 72032 75792] logging.cc:325:     @     0x7fb12c70a821        544  pybind11::cpp_function::dispatcher()
[2022-05-19 08:21:58,499 E 72032 75792] logging.cc:325:     @     0x557d53c64562  (unknown)  _PyCFunction_FastCallDict
[2022-05-19 08:21:58,502 E 72032 75792] logging.cc:325:     @     0x557d53dd4660  (unknown)  (unknown)
Fatal Python error: Aborted

Stack (most recent call first):
  File "/home/rishabh/.local/share/virtualenvs/CombOptNetJAX-wSKOtHoc/lib/python3.6/site-packages/jax/interpreters/xla.py", line 360 in backend_compile
  File "/home/rishabh/.local/share/virtualenvs/CombOptNetJAX-wSKOtHoc/lib/python3.6/site-packages/jax/interpreters/xla.py", line 297 in xla_primitive_callable
  File "/home/rishabh/.local/share/virtualenvs/CombOptNetJAX-wSKOtHoc/lib/python3.6/site-packages/jax/_src/util.py", line 179 in cached
  File "/home/rishabh/.local/share/virtualenvs/CombOptNetJAX-wSKOtHoc/lib/python3.6/site-packages/jax/_src/util.py", line 186 in wrapper
  File "/home/rishabh/.local/share/virtualenvs/CombOptNetJAX-wSKOtHoc/lib/python3.6/site-packages/jax/interpreters/xla.py", line 248 in apply_primitive
  File "/home/rishabh/.local/share/virtualenvs/CombOptNetJAX-wSKOtHoc/lib/python3.6/site-packages/jax/core.py", line 603 in process_primitive
  File "/home/rishabh/.local/share/virtualenvs/CombOptNetJAX-wSKOtHoc/lib/python3.6/site-packages/jax/core.py", line 264 in bind
  File "/home/rishabh/.local/share/virtualenvs/CombOptNetJAX-wSKOtHoc/lib/python3.6/site-packages/jax/_src/lax/lax.py", line 316 in bitwise_not
  File "/home/rishabh/.local/share/virtualenvs/CombOptNetJAX-wSKOtHoc/lib/python3.6/site-packages/jax/_src/numpy/lax_numpy.py", line 515 in op
  File "/home/rishabh/.local/share/virtualenvs/CombOptNetJAX-wSKOtHoc/lib/python3.6/site-packages/jax/_src/numpy/lax_numpy.py", line 1529 in isclose
  File "/home/rishabh/btp/src/CombOptNet/ext/CombOptNetJAX/models/comboptnet.py", line 233 in mismatch_function
  File "/home/rishabh/.local/share/virtualenvs/CombOptNetJAX-wSKOtHoc/lib/python3.6/site-packages/jax/linear_util.py", line 166 in call_wrapped
  File "/home/rishabh/.local/share/virtualenvs/CombOptNetJAX-wSKOtHoc/lib/python3.6/site-packages/jax/interpreters/partial_eval.py", line 505 in trace_to_jaxpr
  File "/home/rishabh/.local/share/virtualenvs/CombOptNetJAX-wSKOtHoc/lib/python3.6/site-packages/jax/interpreters/ad.py", line 102 in linearize
  File "/home/rishabh/.local/share/virtualenvs/CombOptNetJAX-wSKOtHoc/lib/python3.6/site-packages/jax/interpreters/ad.py", line 115 in vjp
  File "/home/rishabh/.local/share/virtualenvs/CombOptNetJAX-wSKOtHoc/lib/python3.6/site-packages/jax/_src/api.py", line 1997 in _vjp
  File "/home/rishabh/.local/share/virtualenvs/CombOptNetJAX-wSKOtHoc/lib/python3.6/site-packages/jax/_src/api.py", line 901 in value_and_grad_f
  File "/home/rishabh/.local/share/virtualenvs/CombOptNetJAX-wSKOtHoc/lib/python3.6/site-packages/jax/_src/traceback_util.py", line 183 in reraise_with_filtered_traceback
  File "/home/rishabh/.local/share/virtualenvs/CombOptNetJAX-wSKOtHoc/lib/python3.6/site-packages/jax/_src/api.py", line 829 in grad_f
  File "/home/rishabh/.local/share/virtualenvs/CombOptNetJAX-wSKOtHoc/lib/python3.6/site-packages/jax/_src/traceback_util.py", line 183 in reraise_with_filtered_traceback
  File "/home/rishabh/btp/src/CombOptNet/ext/CombOptNetJAX/models/comboptnet.py", line 123 in backward
  File "/home/rishabh/.local/share/virtualenvs/CombOptNetJAX-wSKOtHoc/lib/python3.6/site-packages/torch/autograd/function.py", line 77 in apply
Command terminated by signal 6
7.20user 2.12system 0:23.98elapsed 38%CPU (0avgtext+0avgdata 1995800maxresident)k
1888inputs+48outputs (0major+321210minor)pagefaults 0swaps
WARNING:absl:No GPU/TPU found, falling back to CPU. (Set TF_CPP_MIN_LOG_LEVEL=0 and rerun for more info.)
LLVM ERROR: pthread_create failed: Resource temporarily unavailable
*** SIGABRT received at time=1652929023 on cpu 42 ***
PC: @     0x7f14cb6d7428  (unknown)  raise
    @     0x7f14cba7d390       3872  (unknown)
    @     0x7f146d647cb1         48  llvm::report_fatal_error()
    @     0x7f146d5d9100         96  ReportErrnumFatal()
    @     0x7f146d5d92f8        128  llvm::llvm_execute_on_thread_impl()
    @     0x7f146d5d979d         48  llvm::thread::thread<>()
    @     0x7f146d5db871        144  llvm::ThreadPool::ThreadPool()
    @     0x7f146d4f174f        496  mlir::MLIRContext::MLIRContext()
    @     0x7f146d4f1a19        160  mlir::MLIRContext::MLIRContext()
    @     0x7f146b1c70cc       2528  xla::cpu::CpuCompiler::RunBackend()
    @     0x7f146b1b357a       4432  xla::TfrtCpuClient::Compile()
    @     0x7f146b0f22b5        976  xla::PyClient::Compile()
    @     0x7f146ae5cb5c       1632  pybind11::detail::argument_loader<>::call_impl<>()
    @     0x7f146ae5d434        192  pybind11::cpp_function::initialize<>()::{lambda()#3}::_FUN()
    @     0x7f146ae3e821        544  pybind11::cpp_function::dispatcher()
    @     0x55ca8d9d2562  (unknown)  _PyCFunction_FastCallDict
    @     0x55ca8db42660  (unknown)  (unknown)
[2022-05-19 08:27:03,825 E 100471 102757] logging.cc:325: *** SIGABRT received at time=1652929023 on cpu 42 ***
[2022-05-19 08:27:03,825 E 100471 102757] logging.cc:325: PC: @     0x7f14cb6d7428  (unknown)  raise
[2022-05-19 08:27:03,828 E 100471 102757] logging.cc:325:     @     0x7f14cba7d390       3872  (unknown)
[2022-05-19 08:27:03,828 E 100471 102757] logging.cc:325:     @     0x7f146d647cb1         48  llvm::report_fatal_error()
[2022-05-19 08:27:03,828 E 100471 102757] logging.cc:325:     @     0x7f146d5d9100         96  ReportErrnumFatal()
[2022-05-19 08:27:03,828 E 100471 102757] logging.cc:325:     @     0x7f146d5d92f8        128  llvm::llvm_execute_on_thread_impl()
[2022-05-19 08:27:03,828 E 100471 102757] logging.cc:325:     @     0x7f146d5d979d         48  llvm::thread::thread<>()
[2022-05-19 08:27:03,828 E 100471 102757] logging.cc:325:     @     0x7f146d5db871        144  llvm::ThreadPool::ThreadPool()
[2022-05-19 08:27:03,828 E 100471 102757] logging.cc:325:     @     0x7f146d4f174f        496  mlir::MLIRContext::MLIRContext()
[2022-05-19 08:27:03,828 E 100471 102757] logging.cc:325:     @     0x7f146d4f1a19        160  mlir::MLIRContext::MLIRContext()
[2022-05-19 08:27:03,828 E 100471 102757] logging.cc:325:     @     0x7f146b1c70cc       2528  xla::cpu::CpuCompiler::RunBackend()
[2022-05-19 08:27:03,829 E 100471 102757] logging.cc:325:     @     0x7f146b1b357a       4432  xla::TfrtCpuClient::Compile()
[2022-05-19 08:27:03,829 E 100471 102757] logging.cc:325:     @     0x7f146b0f22b5        976  xla::PyClient::Compile()
[2022-05-19 08:27:03,829 E 100471 102757] logging.cc:325:     @     0x7f146ae5cb5c       1632  pybind11::detail::argument_loader<>::call_impl<>()
[2022-05-19 08:27:03,829 E 100471 102757] logging.cc:325:     @     0x7f146ae5d434        192  pybind11::cpp_function::initialize<>()::{lambda()#3}::_FUN()
[2022-05-19 08:27:03,829 E 100471 102757] logging.cc:325:     @     0x7f146ae3e821        544  pybind11::cpp_function::dispatcher()
[2022-05-19 08:27:03,829 E 100471 102757] logging.cc:325:     @     0x55ca8d9d2562  (unknown)  _PyCFunction_FastCallDict
[2022-05-19 08:27:03,833 E 100471 102757] logging.cc:325:     @     0x55ca8db42660  (unknown)  (unknown)
Fatal Python error: Aborted

Stack (most recent call first):
  File "/home/rishabh/.local/share/virtualenvs/CombOptNetJAX-wSKOtHoc/lib/python3.6/site-packages/jax/interpreters/xla.py", line 360 in backend_compile
  File "/home/rishabh/.local/share/virtualenvs/CombOptNetJAX-wSKOtHoc/lib/python3.6/site-packages/jax/interpreters/xla.py", line 297 in xla_primitive_callable
  File "/home/rishabh/.local/share/virtualenvs/CombOptNetJAX-wSKOtHoc/lib/python3.6/site-packages/jax/_src/util.py", line 179 in cached
  File "/home/rishabh/.local/share/virtualenvs/CombOptNetJAX-wSKOtHoc/lib/python3.6/site-packages/jax/_src/util.py", line 186 in wrapper
  File "/home/rishabh/.local/share/virtualenvs/CombOptNetJAX-wSKOtHoc/lib/python3.6/site-packages/jax/interpreters/xla.py", line 248 in apply_primitive
  File "/home/rishabh/.local/share/virtualenvs/CombOptNetJAX-wSKOtHoc/lib/python3.6/site-packages/jax/core.py", line 603 in process_primitive
  File "/home/rishabh/.local/share/virtualenvs/CombOptNetJAX-wSKOtHoc/lib/python3.6/site-packages/jax/core.py", line 264 in bind
  File "/home/rishabh/.local/share/virtualenvs/CombOptNetJAX-wSKOtHoc/lib/python3.6/site-packages/jax/_src/lax/lax.py", line 340 in add
  File "/home/rishabh/.local/share/virtualenvs/CombOptNetJAX-wSKOtHoc/lib/python3.6/site-packages/jax/_src/numpy/lax_numpy.py", line 431 in fn
  File "/home/rishabh/.local/share/virtualenvs/CombOptNetJAX-wSKOtHoc/lib/python3.6/site-packages/jax/_src/numpy/lax_numpy.py", line 5869 in deferring_binary_op
  File "/home/rishabh/btp/src/CombOptNet/ext/CombOptNetJAX/models/comboptnet.py", line 225 in mismatch_function
  File "/home/rishabh/.local/share/virtualenvs/CombOptNetJAX-wSKOtHoc/lib/python3.6/site-packages/jax/linear_util.py", line 166 in call_wrapped
  File "/home/rishabh/.local/share/virtualenvs/CombOptNetJAX-wSKOtHoc/lib/python3.6/site-packages/jax/interpreters/partial_eval.py", line 505 in trace_to_jaxpr
  File "/home/rishabh/.local/share/virtualenvs/CombOptNetJAX-wSKOtHoc/lib/python3.6/site-packages/jax/interpreters/ad.py", line 102 in linearize
  File "/home/rishabh/.local/share/virtualenvs/CombOptNetJAX-wSKOtHoc/lib/python3.6/site-packages/jax/interpreters/ad.py", line 115 in vjp
  File "/home/rishabh/.local/share/virtualenvs/CombOptNetJAX-wSKOtHoc/lib/python3.6/site-packages/jax/_src/api.py", line 1997 in _vjp
  File "/home/rishabh/.local/share/virtualenvs/CombOptNetJAX-wSKOtHoc/lib/python3.6/site-packages/jax/_src/api.py", line 901 in value_and_grad_f
  File "/home/rishabh/.local/share/virtualenvs/CombOptNetJAX-wSKOtHoc/lib/python3.6/site-packages/jax/_src/traceback_util.py", line 183 in reraise_with_filtered_traceback
  File "/home/rishabh/.local/share/virtualenvs/CombOptNetJAX-wSKOtHoc/lib/python3.6/site-packages/jax/_src/api.py", line 829 in grad_f
  File "/home/rishabh/.local/share/virtualenvs/CombOptNetJAX-wSKOtHoc/lib/python3.6/site-packages/jax/_src/traceback_util.py", line 183 in reraise_with_filtered_traceback
  File "/home/rishabh/btp/src/CombOptNet/ext/CombOptNetJAX/models/comboptnet.py", line 123 in backward
  File "/home/rishabh/.local/share/virtualenvs/CombOptNetJAX-wSKOtHoc/lib/python3.6/site-packages/torch/autograd/function.py", line 77 in apply
Command terminated by signal 6
5.98user 1.86system 0:23.01elapsed 34%CPU (0avgtext+0avgdata 1988860maxresident)k
0inputs+48outputs (0major+316677minor)pagefaults 0swaps
WARNING:absl:No GPU/TPU found, falling back to CPU. (Set TF_CPP_MIN_LOG_LEVEL=0 and rerun for more info.)
Successfully loaded Static Constraints dataset.
Number of distinct solutions in train set: 1585
Number of distinct solutions in test set: 996
[2m[36m(ilp_solver pid=5569)[0m Academic license - for non-commercial use only - expires 2022-09-01
[2m[36m(ilp_solver pid=5569)[0m Using license file /home/rishabh/gurobi.lic
[2m[36m(ilp_solver pid=5572)[0m Academic license - for non-commercial use only - expires 2022-09-01
[2m[36m(ilp_solver pid=5572)[0m Using license file /home/rishabh/gurobi.lic
[2m[36m(ilp_solver pid=5575)[0m Academic license - for non-commercial use only - expires 2022-09-01
[2m[36m(ilp_solver pid=5575)[0m Using license file /home/rishabh/gurobi.lic
[2m[36m(ilp_solver pid=5563)[0m Academic license - for non-commercial use only - expires 2022-09-01
[2m[36m(ilp_solver pid=5563)[0m Using license file /home/rishabh/gurobi.lic
[2m[36m(ilp_solver pid=5562)[0m Academic license - for non-commercial use only - expires 2022-09-01
[2m[36m(ilp_solver pid=5562)[0m Using license file /home/rishabh/gurobi.lic
[2m[36m(ilp_solver pid=5567)[0m Academic license - for non-commercial use only - expires 2022-09-01
[2m[36m(ilp_solver pid=5567)[0m Using license file /home/rishabh/gurobi.lic
[2m[36m(ilp_solver pid=5568)[0m Academic license - for non-commercial use only - expires 2022-09-01
[2m[36m(ilp_solver pid=5568)[0m Using license file /home/rishabh/gurobi.lic
[2m[36m(ilp_solver pid=5574)[0m Academic license - for non-commercial use only - expires 2022-09-01
[2m[36m(ilp_solver pid=5574)[0m Using license file /home/rishabh/gurobi.lic
Evaluation:: Loss: 0.1733, Perfect acc: 0.0130
Epoch:  1, Train loss: 0.1542, Perfect acc: 0.0238
Epoch:  2, Train loss: 0.1359, Perfect acc: 0.0475
Epoch:  3, Train loss: 0.1245, Perfect acc: 0.0631
Epoch:  4, Train loss: 0.1168, Perfect acc: 0.0806
Epoch:  5, Train loss: 0.1104, Perfect acc: 0.1000
Epoch:  6, Train loss: 0.1051, Perfect acc: 0.1062
Epoch:  7, Train loss: 0.1001, Perfect acc: 0.1237
Epoch:  8, Train loss: 0.0954, Perfect acc: 0.1375
Epoch:  9, Train loss: 0.0911, Perfect acc: 0.1412
Epoch: 10, Train loss: 0.0866, Perfect acc: 0.1469
Evaluation:: Loss: 0.0909, Perfect acc: 0.1430
Epoch: 11, Train loss: 0.0817, Perfect acc: 0.1575
Epoch: 12, Train loss: 0.0771, Perfect acc: 0.1656
Epoch: 13, Train loss: 0.0713, Perfect acc: 0.1694
Epoch: 14, Train loss: 0.0665, Perfect acc: 0.1769
Epoch: 15, Train loss: 0.0619, Perfect acc: 0.1850
Epoch: 16, Train loss: 0.0578, Perfect acc: 0.1963
Epoch: 17, Train loss: 0.0529, Perfect acc: 0.2062
Epoch: 18, Train loss: 0.0479, Perfect acc: 0.2069
[2m[36m(ilp_solver pid=23896)[0m Academic license - for non-commercial use only - expires 2022-09-01
[2m[36m(ilp_solver pid=23896)[0m Using license file /home/rishabh/gurobi.lic
Epoch: 19, Train loss: 0.0432, Perfect acc: 0.2250
Epoch: 20, Train loss: 0.0389, Perfect acc: 0.2387
Evaluation:: Loss: 0.0398, Perfect acc: 0.2310
Epoch: 21, Train loss: 0.0354, Perfect acc: 0.2575
Epoch: 22, Train loss: 0.0328, Perfect acc: 0.2719
Epoch: 23, Train loss: 0.0305, Perfect acc: 0.2794
Epoch: 24, Train loss: 0.0274, Perfect acc: 0.3013
Epoch: 25, Train loss: 0.0251, Perfect acc: 0.3081
Epoch: 26, Train loss: 0.0217, Perfect acc: 0.3287
Epoch: 27, Train loss: 0.0190, Perfect acc: 0.3638
Epoch: 28, Train loss: 0.0163, Perfect acc: 0.3944
Epoch: 29, Train loss: 0.0135, Perfect acc: 0.4531
Epoch: 30, Train loss: 0.0108, Perfect acc: 0.5119
Evaluation:: Loss: 0.0103, Perfect acc: 0.5330
Epoch: 31, Train loss: 0.0090, Perfect acc: 0.5969
Epoch: 32, Train loss: 0.0075, Perfect acc: 0.6831
Epoch: 33, Train loss: 0.0060, Perfect acc: 0.7388
Epoch: 34, Train loss: 0.0064, Perfect acc: 0.7269
Epoch: 35, Train loss: 0.0064, Perfect acc: 0.7281
Epoch: 36, Train loss: 0.0068, Perfect acc: 0.7006
Epoch: 37, Train loss: 0.0062, Perfect acc: 0.7113
Epoch: 38, Train loss: 0.0061, Perfect acc: 0.7181
Epoch: 39, Train loss: 0.0067, Perfect acc: 0.7125
Epoch: 40, Train loss: 0.0061, Perfect acc: 0.7250
Evaluation:: Loss: 0.0060, Perfect acc: 0.7530
Epoch: 41, Train loss: 0.0058, Perfect acc: 0.7269
Epoch: 42, Train loss: 0.0065, Perfect acc: 0.7163
[2m[36m(ilp_solver pid=12477)[0m Academic license - for non-commercial use only - expires 2022-09-01
[2m[36m(ilp_solver pid=12477)[0m Using license file /home/rishabh/gurobi.lic
Epoch: 43, Train loss: 0.0070, Perfect acc: 0.6837
Epoch: 44, Train loss: 0.0061, Perfect acc: 0.7163
Epoch: 45, Train loss: 0.0066, Perfect acc: 0.7119
Epoch: 46, Train loss: 0.0066, Perfect acc: 0.7006
Epoch: 47, Train loss: 0.0063, Perfect acc: 0.7219
Epoch: 48, Train loss: 0.0063, Perfect acc: 0.7169
Epoch: 49, Train loss: 0.0063, Perfect acc: 0.7219
Epoch: 50, Train loss: 0.0065, Perfect acc: 0.7113
Evaluation:: Loss: 0.0069, Perfect acc: 0.6760
Epoch: 51, Train loss: 0.0063, Perfect acc: 0.7081
Epoch: 52, Train loss: 0.0062, Perfect acc: 0.7075
Epoch: 53, Train loss: 0.0056, Perfect acc: 0.7525
Epoch: 54, Train loss: 0.0063, Perfect acc: 0.7081
Epoch: 55, Train loss: 0.0059, Perfect acc: 0.7350
Epoch: 56, Train loss: 0.0063, Perfect acc: 0.7063
Epoch: 57, Train loss: 0.0059, Perfect acc: 0.7256
Epoch: 58, Train loss: 0.0057, Perfect acc: 0.7344
Epoch: 59, Train loss: 0.0058, Perfect acc: 0.7281
Epoch: 60, Train loss: 0.0056, Perfect acc: 0.7331
Evaluation:: Loss: 0.0061, Perfect acc: 0.7200
Epoch: 61, Train loss: 0.0062, Perfect acc: 0.7306
Epoch: 62, Train loss: 0.0060, Perfect acc: 0.7288
Epoch: 63, Train loss: 0.0059, Perfect acc: 0.7244
Epoch: 64, Train loss: 0.0058, Perfect acc: 0.7344
Epoch: 65, Train loss: 0.0055, Perfect acc: 0.7581
Epoch: 66, Train loss: 0.0062, Perfect acc: 0.7056
Epoch: 67, Train loss: 0.0069, Perfect acc: 0.6887
Epoch: 68, Train loss: 0.0066, Perfect acc: 0.6931
Epoch: 69, Train loss: 0.0063, Perfect acc: 0.7056
Epoch: 70, Train loss: 0.0059, Perfect acc: 0.7350
Evaluation:: Loss: 0.0060, Perfect acc: 0.7300
[2m[36m(ilp_solver pid=15393)[0m Academic license - for non-commercial use only - expires 2022-09-01
[2m[36m(ilp_solver pid=15393)[0m Using license file /home/rishabh/gurobi.lic
Epoch: 71, Train loss: 0.0061, Perfect acc: 0.7206
Epoch: 72, Train loss: 0.0058, Perfect acc: 0.7350
Epoch: 73, Train loss: 0.0064, Perfect acc: 0.6969
Epoch: 74, Train loss: 0.0060, Perfect acc: 0.7113
Epoch: 75, Train loss: 0.0054, Perfect acc: 0.7450
Epoch: 76, Train loss: 0.0059, Perfect acc: 0.7231
Epoch: 77, Train loss: 0.0064, Perfect acc: 0.7006
Epoch: 78, Train loss: 0.0065, Perfect acc: 0.7100
Epoch: 79, Train loss: 0.0061, Perfect acc: 0.7269
Epoch: 80, Train loss: 0.0057, Perfect acc: 0.7231
Evaluation:: Loss: 0.0063, Perfect acc: 0.7200
[2m[36m(ilp_solver pid=16625)[0m Academic license - for non-commercial use only - expires 2022-09-01
[2m[36m(ilp_solver pid=16625)[0m Using license file /home/rishabh/gurobi.lic
Epoch: 81, Train loss: 0.0057, Perfect acc: 0.7250
Epoch: 82, Train loss: 0.0059, Perfect acc: 0.7262
Epoch: 83, Train loss: 0.0066, Perfect acc: 0.7194
Epoch: 84, Train loss: 0.0061, Perfect acc: 0.7275
Epoch: 85, Train loss: 0.0057, Perfect acc: 0.7319
Epoch: 86, Train loss: 0.0055, Perfect acc: 0.7381
Epoch: 87, Train loss: 0.0059, Perfect acc: 0.7119
Epoch: 88, Train loss: 0.0061, Perfect acc: 0.7219
Epoch: 89, Train loss: 0.0061, Perfect acc: 0.7113
Epoch: 90, Train loss: 0.0056, Perfect acc: 0.7338
Evaluation:: Loss: 0.0052, Perfect acc: 0.7810
Epoch: 91, Train loss: 0.0056, Perfect acc: 0.7294
Epoch: 92, Train loss: 0.0058, Perfect acc: 0.7238
Epoch: 93, Train loss: 0.0063, Perfect acc: 0.7163
Epoch: 94, Train loss: 0.0058, Perfect acc: 0.7125
Epoch: 95, Train loss: 0.0053, Perfect acc: 0.7500
Epoch: 96, Train loss: 0.0065, Perfect acc: 0.7006
Epoch: 97, Train loss: 0.0060, Perfect acc: 0.7113
Epoch: 98, Train loss: 0.0057, Perfect acc: 0.7344
Epoch: 99, Train loss: 0.0056, Perfect acc: 0.7250
[2m[36m(ilp_solver pid=18771)[0m Academic license - for non-commercial use only - expires 2022-09-01
[2m[36m(ilp_solver pid=18771)[0m Using license file /home/rishabh/gurobi.lic
Epoch: 100, Train loss: 0.0058, Perfect acc: 0.7250
Evaluation:: Loss: 0.0059, Perfect acc: 0.7430
Evaluation:: Loss: 0.0059, Perfect acc: 0.7430
./main.py conf/${t}/${m}x16/${i}.yaml  1966.23s user 49.10s system 82% cpu 40:49.36 total
