WARNING:absl:No GPU/TPU found, falling back to CPU. (Set TF_CPP_MIN_LOG_LEVEL=0 and rerun for more info.)
Successfully loaded Static Constraints dataset.
Number of distinct solutions in train set: 1530
Number of distinct solutions in test set: 966
[2m[36m(ilp_solver pid=132115)[0m Academic license - for non-commercial use only - expires 2023-05-13
[2m[36m(ilp_solver pid=132115)[0m Using license file /home/rishabh/gurobi.lic
[2m[36m(ilp_solver pid=132132)[0m Academic license - for non-commercial use only - expires 2023-05-13
[2m[36m(ilp_solver pid=132132)[0m Using license file /home/rishabh/gurobi.lic
[2m[36m(ilp_solver pid=132106)[0m Academic license - for non-commercial use only - expires 2023-05-13
[2m[36m(ilp_solver pid=132106)[0m Using license file /home/rishabh/gurobi.lic
[2m[36m(ilp_solver pid=132139)[0m Academic license - for non-commercial use only - expires 2023-05-13
[2m[36m(ilp_solver pid=132139)[0m Using license file /home/rishabh/gurobi.lic
[2m[36m(ilp_solver pid=132102)[0m Academic license - for non-commercial use only - expires 2023-05-13
[2m[36m(ilp_solver pid=132102)[0m Using license file /home/rishabh/gurobi.lic
[2m[36m(ilp_solver pid=132128)[0m Academic license - for non-commercial use only - expires 2023-05-13
[2m[36m(ilp_solver pid=132128)[0m Using license file /home/rishabh/gurobi.lic
[2m[36m(ilp_solver pid=132111)[0m Academic license - for non-commercial use only - expires 2023-05-13
[2m[36m(ilp_solver pid=132111)[0m Using license file /home/rishabh/gurobi.lic
[2m[36m(ilp_solver pid=132123)[0m Academic license - for non-commercial use only - expires 2023-05-13
[2m[36m(ilp_solver pid=132123)[0m Using license file /home/rishabh/gurobi.lic
Evaluation:: Loss: 0.2367, Perfect acc: 0.0040
Epoch:  1, Train loss: 0.1702, Perfect acc: 0.0531
Epoch:  2, Train loss: 0.1054, Perfect acc: 0.1931
Epoch:  3, Train loss: 0.0857, Perfect acc: 0.2969
Epoch:  4, Train loss: 0.0782, Perfect acc: 0.3387
Epoch:  5, Train loss: 0.0727, Perfect acc: 0.3675
Epoch:  6, Train loss: 0.0693, Perfect acc: 0.3850
Epoch:  7, Train loss: 0.0638, Perfect acc: 0.4225
[2m[36m(ilp_solver pid=98869)[0m Academic license - for non-commercial use only - expires 2023-05-13
[2m[36m(ilp_solver pid=98869)[0m Using license file /home/rishabh/gurobi.lic
Epoch:  8, Train loss: 0.0573, Perfect acc: 0.4606
Epoch:  9, Train loss: 0.0512, Perfect acc: 0.5131
Epoch: 10, Train loss: 0.0459, Perfect acc: 0.5675
Evaluation:: Loss: 0.0464, Perfect acc: 0.5420
Epoch: 11, Train loss: 0.0432, Perfect acc: 0.5950
Epoch: 12, Train loss: 0.0410, Perfect acc: 0.6169
Epoch: 13, Train loss: 0.0407, Perfect acc: 0.6238
Epoch: 14, Train loss: 0.0406, Perfect acc: 0.6262
Epoch: 15, Train loss: 0.0394, Perfect acc: 0.6362
Epoch: 16, Train loss: 0.0389, Perfect acc: 0.6419
Epoch: 17, Train loss: 0.0395, Perfect acc: 0.6438
Epoch: 18, Train loss: 0.0383, Perfect acc: 0.6531
Epoch: 19, Train loss: 0.0378, Perfect acc: 0.6587
Epoch: 20, Train loss: 0.0375, Perfect acc: 0.6613
Evaluation:: Loss: 0.0366, Perfect acc: 0.6380
Epoch: 21, Train loss: 0.0378, Perfect acc: 0.6581
[2m[36m(ilp_solver pid=124448)[0m Academic license - for non-commercial use only - expires 2023-05-13
[2m[36m(ilp_solver pid=124448)[0m Using license file /home/rishabh/gurobi.lic
Epoch: 22, Train loss: 0.0363, Perfect acc: 0.6731
Epoch: 23, Train loss: 0.0353, Perfect acc: 0.6781
Epoch: 24, Train loss: 0.0327, Perfect acc: 0.6987
Epoch: 25, Train loss: 0.0300, Perfect acc: 0.7219
Epoch: 26, Train loss: 0.0285, Perfect acc: 0.7394
Epoch: 27, Train loss: 0.0258, Perfect acc: 0.7594
Epoch: 28, Train loss: 0.0216, Perfect acc: 0.7975
Epoch: 29, Train loss: 0.0172, Perfect acc: 0.8356
Epoch: 30, Train loss: 0.0157, Perfect acc: 0.8525
Evaluation:: Loss: 0.0156, Perfect acc: 0.8380
Epoch: 31, Train loss: 0.0150, Perfect acc: 0.8625
Epoch: 32, Train loss: 0.0146, Perfect acc: 0.8681
Epoch: 33, Train loss: 0.0129, Perfect acc: 0.8838
Epoch: 34, Train loss: 0.0122, Perfect acc: 0.8906
Epoch: 35, Train loss: 0.0110, Perfect acc: 0.9006
Epoch: 36, Train loss: 0.0088, Perfect acc: 0.9200
Epoch: 37, Train loss: 0.0093, Perfect acc: 0.9169
Epoch: 38, Train loss: 0.0091, Perfect acc: 0.9181
Epoch: 39, Train loss: 0.0075, Perfect acc: 0.9319
Epoch: 40, Train loss: 0.0070, Perfect acc: 0.9394
Evaluation:: Loss: 0.0061, Perfect acc: 0.9430
Epoch: 41, Train loss: 0.0063, Perfect acc: 0.9450
Epoch: 42, Train loss: 0.0068, Perfect acc: 0.9394
Epoch: 43, Train loss: 0.0056, Perfect acc: 0.9525
Epoch: 44, Train loss: 0.0041, Perfect acc: 0.9619
Epoch: 45, Train loss: 0.0054, Perfect acc: 0.9537
Epoch: 46, Train loss: 0.0043, Perfect acc: 0.9613
Epoch: 47, Train loss: 0.0046, Perfect acc: 0.9625
Epoch: 48, Train loss: 0.0041, Perfect acc: 0.9656
Epoch: 49, Train loss: 0.0034, Perfect acc: 0.9700
Epoch: 50, Train loss: 0.0042, Perfect acc: 0.9663
Evaluation:: Loss: 0.0049, Perfect acc: 0.9570
Epoch: 51, Train loss: 0.0038, Perfect acc: 0.9700
Epoch: 52, Train loss: 0.0036, Perfect acc: 0.9675
Epoch: 53, Train loss: 0.0039, Perfect acc: 0.9650
Epoch: 54, Train loss: 0.0043, Perfect acc: 0.9637
Epoch: 55, Train loss: 0.0034, Perfect acc: 0.9725
Epoch: 56, Train loss: 0.0036, Perfect acc: 0.9700
Epoch: 57, Train loss: 0.0045, Perfect acc: 0.9613
Epoch: 58, Train loss: 0.0048, Perfect acc: 0.9600
Epoch: 59, Train loss: 0.0037, Perfect acc: 0.9694
Epoch: 60, Train loss: 0.0033, Perfect acc: 0.9688
[2m[36m(ilp_solver pid=133599)[0m Academic license - for non-commercial use only - expires 2023-05-13
[2m[36m(ilp_solver pid=133599)[0m Using license file /home/rishabh/gurobi.lic
Evaluation:: Loss: 0.0034, Perfect acc: 0.9670
Epoch: 61, Train loss: 0.0045, Perfect acc: 0.9625
Epoch: 62, Train loss: 0.0025, Perfect acc: 0.9769
Epoch: 63, Train loss: 0.0022, Perfect acc: 0.9838
Epoch: 64, Train loss: 0.0037, Perfect acc: 0.9656
Epoch: 65, Train loss: 0.0036, Perfect acc: 0.9669
Epoch: 66, Train loss: 0.0045, Perfect acc: 0.9619
Epoch: 67, Train loss: 0.0036, Perfect acc: 0.9694
Epoch: 68, Train loss: 0.0037, Perfect acc: 0.9675
Epoch: 69, Train loss: 0.0039, Perfect acc: 0.9663
Epoch: 70, Train loss: 0.0043, Perfect acc: 0.9631
Evaluation:: Loss: 0.0061, Perfect acc: 0.9420
Epoch: 71, Train loss: 0.0040, Perfect acc: 0.9656
Epoch: 72, Train loss: 0.0043, Perfect acc: 0.9650
Epoch: 73, Train loss: 0.0046, Perfect acc: 0.9606
Epoch: 74, Train loss: 0.0053, Perfect acc: 0.9569
Epoch: 75, Train loss: 0.0046, Perfect acc: 0.9644
Epoch: 76, Train loss: 0.0037, Perfect acc: 0.9681
Epoch: 77, Train loss: 0.0045, Perfect acc: 0.9600
Epoch: 78, Train loss: 0.0042, Perfect acc: 0.9644
Epoch: 79, Train loss: 0.0039, Perfect acc: 0.9663
Epoch: 80, Train loss: 0.0050, Perfect acc: 0.9563
Evaluation:: Loss: 0.0023, Perfect acc: 0.9760
Epoch: 81, Train loss: 0.0040, Perfect acc: 0.9675
Epoch: 82, Train loss: 0.0043, Perfect acc: 0.9644
Epoch: 83, Train loss: 0.0041, Perfect acc: 0.9663
Epoch: 84, Train loss: 0.0040, Perfect acc: 0.9656
Epoch: 85, Train loss: 0.0050, Perfect acc: 0.9600
Epoch: 86, Train loss: 0.0042, Perfect acc: 0.9663
Epoch: 87, Train loss: 0.0043, Perfect acc: 0.9619
Epoch: 88, Train loss: 0.0050, Perfect acc: 0.9569
Epoch: 89, Train loss: 0.0057, Perfect acc: 0.9525
Epoch: 90, Train loss: 0.0046, Perfect acc: 0.9594
Evaluation:: Loss: 0.0053, Perfect acc: 0.9520
Epoch: 91, Train loss: 0.0054, Perfect acc: 0.9500
Epoch: 92, Train loss: 0.0039, Perfect acc: 0.9637
Epoch: 93, Train loss: 0.0041, Perfect acc: 0.9656
Epoch: 94, Train loss: 0.0045, Perfect acc: 0.9637
Epoch: 95, Train loss: 0.0039, Perfect acc: 0.9637
Epoch: 96, Train loss: 0.0043, Perfect acc: 0.9631
Epoch: 97, Train loss: 0.0041, Perfect acc: 0.9619
Epoch: 98, Train loss: 0.0039, Perfect acc: 0.9694
Epoch: 99, Train loss: 0.0041, Perfect acc: 0.9663
Epoch: 100, Train loss: 0.0047, Perfect acc: 0.9600
Evaluation:: Loss: 0.0021, Perfect acc: 0.9770
[2m[36m(ilp_solver pid=142831)[0m Academic license - for non-commercial use only - expires 2023-05-13
[2m[36m(ilp_solver pid=142831)[0m Using license file /home/rishabh/gurobi.lic
Evaluation:: Loss: 0.0021, Perfect acc: 0.9770
2565.09user 85.20system 44:26.49elapsed 99%CPU (0avgtext+0avgdata 2000776maxresident)k
1888inputs+13960outputs (0major+3720729minor)pagefaults 0swaps
