WARNING:absl:No GPU/TPU found, falling back to CPU. (Set TF_CPP_MIN_LOG_LEVEL=0 and rerun for more info.)
Successfully loaded Static Constraints dataset.
Number of distinct solutions in train set: 1544
Number of distinct solutions in test set: 978
[2m[36m(ilp_solver pid=49574)[0m Academic license - for non-commercial use only - expires 2023-05-13
[2m[36m(ilp_solver pid=49574)[0m Using license file /home/rishabh/gurobi.lic
[2m[36m(ilp_solver pid=49553)[0m Academic license - for non-commercial use only - expires 2023-05-13
[2m[36m(ilp_solver pid=49553)[0m Using license file /home/rishabh/gurobi.lic
[2m[36m(ilp_solver pid=49577)[0m Academic license - for non-commercial use only - expires 2023-05-13
[2m[36m(ilp_solver pid=49577)[0m Using license file /home/rishabh/gurobi.lic
[2m[36m(ilp_solver pid=49541)[0m Academic license - for non-commercial use only - expires 2023-05-13
[2m[36m(ilp_solver pid=49541)[0m Using license file /home/rishabh/gurobi.lic
[2m[36m(ilp_solver pid=49558)[0m Academic license - for non-commercial use only - expires 2023-05-13
[2m[36m(ilp_solver pid=49558)[0m Using license file /home/rishabh/gurobi.lic
[2m[36m(ilp_solver pid=49565)[0m Academic license - for non-commercial use only - expires 2023-05-13
[2m[36m(ilp_solver pid=49565)[0m Using license file /home/rishabh/gurobi.lic
[2m[36m(ilp_solver pid=49548)[0m Academic license - for non-commercial use only - expires 2023-05-13
[2m[36m(ilp_solver pid=49548)[0m Using license file /home/rishabh/gurobi.lic
[2m[36m(ilp_solver pid=49575)[0m Academic license - for non-commercial use only - expires 2023-05-13
[2m[36m(ilp_solver pid=49575)[0m Using license file /home/rishabh/gurobi.lic
Evaluation:: Loss: 0.2467, Perfect acc: 0.0040
Epoch:  1, Train loss: 0.1778, Perfect acc: 0.0456
Epoch:  2, Train loss: 0.1091, Perfect acc: 0.1844
Epoch:  3, Train loss: 0.0866, Perfect acc: 0.2881
Epoch:  4, Train loss: 0.0799, Perfect acc: 0.3244
Epoch:  5, Train loss: 0.0766, Perfect acc: 0.3469
Epoch:  6, Train loss: 0.0750, Perfect acc: 0.3544
Epoch:  7, Train loss: 0.0729, Perfect acc: 0.3694
Epoch:  8, Train loss: 0.0705, Perfect acc: 0.3850
Epoch:  9, Train loss: 0.0679, Perfect acc: 0.3956
Epoch: 10, Train loss: 0.0652, Perfect acc: 0.4169
Evaluation:: Loss: 0.0662, Perfect acc: 0.4020
Epoch: 11, Train loss: 0.0624, Perfect acc: 0.4306
Epoch: 12, Train loss: 0.0582, Perfect acc: 0.4581
Epoch: 13, Train loss: 0.0531, Perfect acc: 0.4894
Epoch: 14, Train loss: 0.0481, Perfect acc: 0.5288
Epoch: 15, Train loss: 0.0437, Perfect acc: 0.5775
Epoch: 16, Train loss: 0.0379, Perfect acc: 0.6325
Epoch: 17, Train loss: 0.0333, Perfect acc: 0.6800
Epoch: 18, Train loss: 0.0291, Perfect acc: 0.7144
Epoch: 19, Train loss: 0.0272, Perfect acc: 0.7369
Epoch: 20, Train loss: 0.0240, Perfect acc: 0.7694
Evaluation:: Loss: 0.0248, Perfect acc: 0.7720
Epoch: 21, Train loss: 0.0211, Perfect acc: 0.7937
Epoch: 22, Train loss: 0.0168, Perfect acc: 0.8425
Epoch: 23, Train loss: 0.0133, Perfect acc: 0.8744
Epoch: 24, Train loss: 0.0109, Perfect acc: 0.9006
Epoch: 25, Train loss: 0.0092, Perfect acc: 0.9131
Epoch: 26, Train loss: 0.0064, Perfect acc: 0.9444
Epoch: 27, Train loss: 0.0037, Perfect acc: 0.9675
Epoch: 28, Train loss: 0.0035, Perfect acc: 0.9712
Epoch: 29, Train loss: 0.0036, Perfect acc: 0.9712
Epoch: 30, Train loss: 0.0029, Perfect acc: 0.9738
Evaluation:: Loss: 0.0041, Perfect acc: 0.9640
Epoch: 31, Train loss: 0.0032, Perfect acc: 0.9719
Epoch: 32, Train loss: 0.0039, Perfect acc: 0.9663
Epoch: 33, Train loss: 0.0035, Perfect acc: 0.9719
Epoch: 34, Train loss: 0.0043, Perfect acc: 0.9625
Epoch: 35, Train loss: 0.0035, Perfect acc: 0.9675
Epoch: 36, Train loss: 0.0032, Perfect acc: 0.9706
Epoch: 37, Train loss: 0.0032, Perfect acc: 0.9694
Epoch: 38, Train loss: 0.0028, Perfect acc: 0.9738
Epoch: 39, Train loss: 0.0029, Perfect acc: 0.9750
Epoch: 40, Train loss: 0.0034, Perfect acc: 0.9694
Evaluation:: Loss: 0.0026, Perfect acc: 0.9730
Epoch: 41, Train loss: 0.0052, Perfect acc: 0.9513
Epoch: 42, Train loss: 0.0048, Perfect acc: 0.9594
Epoch: 43, Train loss: 0.0045, Perfect acc: 0.9575
Epoch: 44, Train loss: 0.0039, Perfect acc: 0.9663
Epoch: 45, Train loss: 0.0030, Perfect acc: 0.9719
Epoch: 46, Train loss: 0.0055, Perfect acc: 0.9531
Epoch: 47, Train loss: 0.0048, Perfect acc: 0.9544
Epoch: 48, Train loss: 0.0051, Perfect acc: 0.9556
Epoch: 49, Train loss: 0.0031, Perfect acc: 0.9719
Epoch: 50, Train loss: 0.0035, Perfect acc: 0.9669
Evaluation:: Loss: 0.0034, Perfect acc: 0.9690
Epoch: 51, Train loss: 0.0045, Perfect acc: 0.9594
Epoch: 52, Train loss: 0.0035, Perfect acc: 0.9694
Epoch: 53, Train loss: 0.0034, Perfect acc: 0.9719
Epoch: 54, Train loss: 0.0032, Perfect acc: 0.9700
Epoch: 55, Train loss: 0.0043, Perfect acc: 0.9600
Epoch: 56, Train loss: 0.0032, Perfect acc: 0.9725
Epoch: 57, Train loss: 0.0044, Perfect acc: 0.9625
Epoch: 58, Train loss: 0.0032, Perfect acc: 0.9725
Epoch: 59, Train loss: 0.0024, Perfect acc: 0.9769
Epoch: 60, Train loss: 0.0040, Perfect acc: 0.9650
Evaluation:: Loss: 0.0043, Perfect acc: 0.9650
Epoch: 61, Train loss: 0.0034, Perfect acc: 0.9706
Epoch: 62, Train loss: 0.0048, Perfect acc: 0.9581
Epoch: 63, Train loss: 0.0039, Perfect acc: 0.9637
Epoch: 64, Train loss: 0.0037, Perfect acc: 0.9650
Epoch: 65, Train loss: 0.0030, Perfect acc: 0.9712
Epoch: 66, Train loss: 0.0025, Perfect acc: 0.9756
Epoch: 67, Train loss: 0.0038, Perfect acc: 0.9656
Epoch: 68, Train loss: 0.0036, Perfect acc: 0.9712
Epoch: 69, Train loss: 0.0039, Perfect acc: 0.9631
Epoch: 70, Train loss: 0.0039, Perfect acc: 0.9644
Evaluation:: Loss: 0.0075, Perfect acc: 0.9390
Epoch: 71, Train loss: 0.0038, Perfect acc: 0.9631
Epoch: 72, Train loss: 0.0039, Perfect acc: 0.9644
Epoch: 73, Train loss: 0.0039, Perfect acc: 0.9637
Epoch: 74, Train loss: 0.0037, Perfect acc: 0.9675
Epoch: 75, Train loss: 0.0032, Perfect acc: 0.9688
Epoch: 76, Train loss: 0.0041, Perfect acc: 0.9619
Epoch: 77, Train loss: 0.0035, Perfect acc: 0.9694
Epoch: 78, Train loss: 0.0040, Perfect acc: 0.9613
[2m[36m(ilp_solver pid=53721)[0m Academic license - for non-commercial use only - expires 2023-05-13
[2m[36m(ilp_solver pid=53721)[0m Using license file /home/rishabh/gurobi.lic
Epoch: 79, Train loss: 0.0044, Perfect acc: 0.9581
Epoch: 80, Train loss: 0.0038, Perfect acc: 0.9650
Evaluation:: Loss: 0.0037, Perfect acc: 0.9660
Epoch: 81, Train loss: 0.0029, Perfect acc: 0.9744
Epoch: 82, Train loss: 0.0037, Perfect acc: 0.9656
Epoch: 83, Train loss: 0.0037, Perfect acc: 0.9675
Epoch: 84, Train loss: 0.0031, Perfect acc: 0.9694
Epoch: 85, Train loss: 0.0039, Perfect acc: 0.9656
Epoch: 86, Train loss: 0.0047, Perfect acc: 0.9563
Epoch: 87, Train loss: 0.0046, Perfect acc: 0.9619
Epoch: 88, Train loss: 0.0035, Perfect acc: 0.9681
Epoch: 89, Train loss: 0.0036, Perfect acc: 0.9681
Epoch: 90, Train loss: 0.0043, Perfect acc: 0.9600
Evaluation:: Loss: 0.0036, Perfect acc: 0.9720
Epoch: 91, Train loss: 0.0034, Perfect acc: 0.9719
Epoch: 92, Train loss: 0.0027, Perfect acc: 0.9744
Epoch: 93, Train loss: 0.0038, Perfect acc: 0.9688
Epoch: 94, Train loss: 0.0037, Perfect acc: 0.9650
Epoch: 95, Train loss: 0.0050, Perfect acc: 0.9556
Epoch: 96, Train loss: 0.0027, Perfect acc: 0.9725
Epoch: 97, Train loss: 0.0026, Perfect acc: 0.9731
Epoch: 98, Train loss: 0.0034, Perfect acc: 0.9706
Epoch: 99, Train loss: 0.0036, Perfect acc: 0.9663
Epoch: 100, Train loss: 0.0028, Perfect acc: 0.9756
Evaluation:: Loss: 0.0029, Perfect acc: 0.9690
Evaluation:: Loss: 0.0029, Perfect acc: 0.9690
2490.56user 89.17system 42:38.48elapsed 100%CPU (0avgtext+0avgdata 1993132maxresident)k
1888inputs+13336outputs (0major+5398173minor)pagefaults 0swaps
