WARNING:absl:No GPU/TPU found, falling back to CPU. (Set TF_CPP_MIN_LOG_LEVEL=0 and rerun for more info.)
Successfully loaded Static Constraints dataset.
Number of distinct solutions in train set: 1460
Number of distinct solutions in test set: 953
[2m[36m(ilp_solver pid=49572)[0m Academic license - for non-commercial use only - expires 2023-05-13
[2m[36m(ilp_solver pid=49572)[0m Using license file /home/rishabh/gurobi.lic
[2m[36m(ilp_solver pid=49567)[0m Academic license - for non-commercial use only - expires 2023-05-13
[2m[36m(ilp_solver pid=49567)[0m Using license file /home/rishabh/gurobi.lic
[2m[36m(ilp_solver pid=49552)[0m Academic license - for non-commercial use only - expires 2023-05-13
[2m[36m(ilp_solver pid=49552)[0m Using license file /home/rishabh/gurobi.lic
[2m[36m(ilp_solver pid=49570)[0m Academic license - for non-commercial use only - expires 2023-05-13
[2m[36m(ilp_solver pid=49570)[0m Using license file /home/rishabh/gurobi.lic
[2m[36m(ilp_solver pid=49547)[0m Academic license - for non-commercial use only - expires 2023-05-13
[2m[36m(ilp_solver pid=49547)[0m Using license file /home/rishabh/gurobi.lic
[2m[36m(ilp_solver pid=49562)[0m Academic license - for non-commercial use only - expires 2023-05-13
[2m[36m(ilp_solver pid=49562)[0m Using license file /home/rishabh/gurobi.lic
[2m[36m(ilp_solver pid=49543)[0m Academic license - for non-commercial use only - expires 2023-05-13
[2m[36m(ilp_solver pid=49543)[0m Using license file /home/rishabh/gurobi.lic
[2m[36m(ilp_solver pid=49557)[0m Academic license - for non-commercial use only - expires 2023-05-13
[2m[36m(ilp_solver pid=49557)[0m Using license file /home/rishabh/gurobi.lic
Evaluation:: Loss: 0.2353, Perfect acc: 0.0090
Epoch:  1, Train loss: 0.1798, Perfect acc: 0.0600
Epoch:  2, Train loss: 0.1279, Perfect acc: 0.1500
Epoch:  3, Train loss: 0.1125, Perfect acc: 0.1944
Epoch:  4, Train loss: 0.1026, Perfect acc: 0.2194
Epoch:  5, Train loss: 0.0957, Perfect acc: 0.2338
Epoch:  6, Train loss: 0.0860, Perfect acc: 0.2712
Epoch:  7, Train loss: 0.0797, Perfect acc: 0.3044
Epoch:  8, Train loss: 0.0721, Perfect acc: 0.3531
Epoch:  9, Train loss: 0.0661, Perfect acc: 0.3925
Epoch: 10, Train loss: 0.0595, Perfect acc: 0.4469
Evaluation:: Loss: 0.0564, Perfect acc: 0.4710
Epoch: 11, Train loss: 0.0555, Perfect acc: 0.4919
Epoch: 12, Train loss: 0.0492, Perfect acc: 0.5556
Epoch: 13, Train loss: 0.0417, Perfect acc: 0.6231
Epoch: 14, Train loss: 0.0350, Perfect acc: 0.6819
Epoch: 15, Train loss: 0.0322, Perfect acc: 0.7075
Epoch: 16, Train loss: 0.0322, Perfect acc: 0.7125
Epoch: 17, Train loss: 0.0306, Perfect acc: 0.7231
Epoch: 18, Train loss: 0.0312, Perfect acc: 0.7206
Epoch: 19, Train loss: 0.0303, Perfect acc: 0.7325
Epoch: 20, Train loss: 0.0298, Perfect acc: 0.7375
Evaluation:: Loss: 0.0254, Perfect acc: 0.7710
Epoch: 21, Train loss: 0.0279, Perfect acc: 0.7469
Epoch: 22, Train loss: 0.0279, Perfect acc: 0.7519
Epoch: 23, Train loss: 0.0262, Perfect acc: 0.7656
Epoch: 24, Train loss: 0.0255, Perfect acc: 0.7794
Epoch: 25, Train loss: 0.0222, Perfect acc: 0.8063
Epoch: 26, Train loss: 0.0214, Perfect acc: 0.8175
Epoch: 27, Train loss: 0.0208, Perfect acc: 0.8244
Epoch: 28, Train loss: 0.0182, Perfect acc: 0.8462
Epoch: 29, Train loss: 0.0150, Perfect acc: 0.8738
Epoch: 30, Train loss: 0.0135, Perfect acc: 0.8900
Evaluation:: Loss: 0.0109, Perfect acc: 0.9150
Epoch: 31, Train loss: 0.0113, Perfect acc: 0.9106
Epoch: 32, Train loss: 0.0085, Perfect acc: 0.9363
Epoch: 33, Train loss: 0.0060, Perfect acc: 0.9556
Epoch: 34, Train loss: 0.0042, Perfect acc: 0.9681
Epoch: 35, Train loss: 0.0053, Perfect acc: 0.9613
Epoch: 36, Train loss: 0.0043, Perfect acc: 0.9663
Epoch: 37, Train loss: 0.0041, Perfect acc: 0.9644
Epoch: 38, Train loss: 0.0038, Perfect acc: 0.9700
Epoch: 39, Train loss: 0.0034, Perfect acc: 0.9725
Epoch: 40, Train loss: 0.0045, Perfect acc: 0.9675
Evaluation:: Loss: 0.0060, Perfect acc: 0.9540
Epoch: 41, Train loss: 0.0042, Perfect acc: 0.9669
Epoch: 42, Train loss: 0.0048, Perfect acc: 0.9631
Epoch: 43, Train loss: 0.0060, Perfect acc: 0.9537
Epoch: 44, Train loss: 0.0045, Perfect acc: 0.9644
Epoch: 45, Train loss: 0.0062, Perfect acc: 0.9537
Epoch: 46, Train loss: 0.0064, Perfect acc: 0.9519
Epoch: 47, Train loss: 0.0054, Perfect acc: 0.9556
Epoch: 48, Train loss: 0.0045, Perfect acc: 0.9656
Epoch: 49, Train loss: 0.0050, Perfect acc: 0.9619
Epoch: 50, Train loss: 0.0063, Perfect acc: 0.9531
Evaluation:: Loss: 0.0056, Perfect acc: 0.9560
Epoch: 51, Train loss: 0.0045, Perfect acc: 0.9656
Epoch: 52, Train loss: 0.0052, Perfect acc: 0.9625
Epoch: 53, Train loss: 0.0049, Perfect acc: 0.9600
Epoch: 54, Train loss: 0.0058, Perfect acc: 0.9556
Epoch: 55, Train loss: 0.0048, Perfect acc: 0.9644
Epoch: 56, Train loss: 0.0046, Perfect acc: 0.9650
Epoch: 57, Train loss: 0.0067, Perfect acc: 0.9513
Epoch: 58, Train loss: 0.0039, Perfect acc: 0.9694
Epoch: 59, Train loss: 0.0047, Perfect acc: 0.9606
Epoch: 60, Train loss: 0.0037, Perfect acc: 0.9706
Evaluation:: Loss: 0.0039, Perfect acc: 0.9690
Epoch: 61, Train loss: 0.0048, Perfect acc: 0.9613
Epoch: 62, Train loss: 0.0051, Perfect acc: 0.9600
Epoch: 63, Train loss: 0.0054, Perfect acc: 0.9594
Epoch: 64, Train loss: 0.0056, Perfect acc: 0.9556
Epoch: 65, Train loss: 0.0057, Perfect acc: 0.9569
Epoch: 66, Train loss: 0.0050, Perfect acc: 0.9644
Epoch: 67, Train loss: 0.0053, Perfect acc: 0.9600
Epoch: 68, Train loss: 0.0056, Perfect acc: 0.9569
[2m[36m(ilp_solver pid=51837)[0m Academic license - for non-commercial use only - expires 2023-05-13
[2m[36m(ilp_solver pid=51837)[0m Using license file /home/rishabh/gurobi.lic
Epoch: 69, Train loss: 0.0062, Perfect acc: 0.9519
Epoch: 70, Train loss: 0.0054, Perfect acc: 0.9594
Evaluation:: Loss: 0.0049, Perfect acc: 0.9600
Epoch: 71, Train loss: 0.0051, Perfect acc: 0.9594
Epoch: 72, Train loss: 0.0048, Perfect acc: 0.9625
Epoch: 73, Train loss: 0.0048, Perfect acc: 0.9644
Epoch: 74, Train loss: 0.0044, Perfect acc: 0.9681
Epoch: 75, Train loss: 0.0050, Perfect acc: 0.9606
Epoch: 76, Train loss: 0.0072, Perfect acc: 0.9450
Epoch: 77, Train loss: 0.0036, Perfect acc: 0.9700
Epoch: 78, Train loss: 0.0050, Perfect acc: 0.9619
Epoch: 79, Train loss: 0.0040, Perfect acc: 0.9681
Epoch: 80, Train loss: 0.0048, Perfect acc: 0.9619
Evaluation:: Loss: 0.0047, Perfect acc: 0.9650
Epoch: 81, Train loss: 0.0053, Perfect acc: 0.9625
Epoch: 82, Train loss: 0.0059, Perfect acc: 0.9531
Epoch: 83, Train loss: 0.0056, Perfect acc: 0.9581
Epoch: 84, Train loss: 0.0061, Perfect acc: 0.9531
Epoch: 85, Train loss: 0.0047, Perfect acc: 0.9613
Epoch: 86, Train loss: 0.0059, Perfect acc: 0.9556
Epoch: 87, Train loss: 0.0042, Perfect acc: 0.9650
Epoch: 88, Train loss: 0.0043, Perfect acc: 0.9656
Epoch: 89, Train loss: 0.0048, Perfect acc: 0.9650
Epoch: 90, Train loss: 0.0045, Perfect acc: 0.9675
Evaluation:: Loss: 0.0054, Perfect acc: 0.9580
Epoch: 91, Train loss: 0.0057, Perfect acc: 0.9569
Epoch: 92, Train loss: 0.0062, Perfect acc: 0.9525
Epoch: 93, Train loss: 0.0068, Perfect acc: 0.9475
Epoch: 94, Train loss: 0.0054, Perfect acc: 0.9594
Epoch: 95, Train loss: 0.0053, Perfect acc: 0.9613
Epoch: 96, Train loss: 0.0056, Perfect acc: 0.9581
Epoch: 97, Train loss: 0.0042, Perfect acc: 0.9681
Epoch: 98, Train loss: 0.0039, Perfect acc: 0.9675
Epoch: 99, Train loss: 0.0056, Perfect acc: 0.9556
Epoch: 100, Train loss: 0.0047, Perfect acc: 0.9606
Evaluation:: Loss: 0.0041, Perfect acc: 0.9690
Evaluation:: Loss: 0.0041, Perfect acc: 0.9690
2379.06user 82.86system 41:04.10elapsed 99%CPU (0avgtext+0avgdata 1994856maxresident)k
1888inputs+12840outputs (0major+2433774minor)pagefaults 0swaps
