WARNING:absl:No GPU/TPU found, falling back to CPU. (Set TF_CPP_MIN_LOG_LEVEL=0 and rerun for more info.)
Successfully loaded Static Constraints dataset.
Number of distinct solutions in train set: 1406
Number of distinct solutions in test set: 920
[2m[36m(ilp_solver pid=49554)[0m Academic license - for non-commercial use only - expires 2023-05-13
[2m[36m(ilp_solver pid=49554)[0m Using license file /home/rishabh/gurobi.lic
[2m[36m(ilp_solver pid=49559)[0m Academic license - for non-commercial use only - expires 2023-05-13
[2m[36m(ilp_solver pid=49559)[0m Using license file /home/rishabh/gurobi.lic
[2m[36m(ilp_solver pid=49563)[0m Academic license - for non-commercial use only - expires 2023-05-13
[2m[36m(ilp_solver pid=49563)[0m Using license file /home/rishabh/gurobi.lic
[2m[36m(ilp_solver pid=49538)[0m Academic license - for non-commercial use only - expires 2023-05-13
[2m[36m(ilp_solver pid=49538)[0m Using license file /home/rishabh/gurobi.lic
[2m[36m(ilp_solver pid=49545)[0m Academic license - for non-commercial use only - expires 2023-05-13
[2m[36m(ilp_solver pid=49545)[0m Using license file /home/rishabh/gurobi.lic
[2m[36m(ilp_solver pid=49569)[0m Academic license - for non-commercial use only - expires 2023-05-13
[2m[36m(ilp_solver pid=49569)[0m Using license file /home/rishabh/gurobi.lic
[2m[36m(ilp_solver pid=49576)[0m Academic license - for non-commercial use only - expires 2023-05-13
[2m[36m(ilp_solver pid=49576)[0m Using license file /home/rishabh/gurobi.lic
[2m[36m(ilp_solver pid=49550)[0m Academic license - for non-commercial use only - expires 2023-05-13
[2m[36m(ilp_solver pid=49550)[0m Using license file /home/rishabh/gurobi.lic
Evaluation:: Loss: 0.3124, Perfect acc: 0.0000
Epoch:  1, Train loss: 0.2315, Perfect acc: 0.0187
Epoch:  2, Train loss: 0.1557, Perfect acc: 0.0788
Epoch:  3, Train loss: 0.1400, Perfect acc: 0.1106
Epoch:  4, Train loss: 0.1331, Perfect acc: 0.1338
[2m[36m(ilp_solver pid=168412)[0m Academic license - for non-commercial use only - expires 2023-05-13
[2m[36m(ilp_solver pid=168412)[0m Using license file /home/rishabh/gurobi.lic
Epoch:  5, Train loss: 0.1309, Perfect acc: 0.1481
Epoch:  6, Train loss: 0.1259, Perfect acc: 0.1606
Epoch:  7, Train loss: 0.1188, Perfect acc: 0.1800
Epoch:  8, Train loss: 0.1109, Perfect acc: 0.1969
Epoch:  9, Train loss: 0.1034, Perfect acc: 0.2269
Epoch: 10, Train loss: 0.0968, Perfect acc: 0.2600
Evaluation:: Loss: 0.0968, Perfect acc: 0.2250
Epoch: 11, Train loss: 0.0874, Perfect acc: 0.2950
Epoch: 12, Train loss: 0.0815, Perfect acc: 0.3387
Epoch: 13, Train loss: 0.0747, Perfect acc: 0.3862
Epoch: 14, Train loss: 0.0646, Perfect acc: 0.4650
Epoch: 15, Train loss: 0.0519, Perfect acc: 0.5606
[2m[36m(ilp_solver pid=42100)[0m Academic license - for non-commercial use only - expires 2023-05-13
[2m[36m(ilp_solver pid=42100)[0m Using license file /home/rishabh/gurobi.lic
Epoch: 16, Train loss: 0.0421, Perfect acc: 0.6369
Epoch: 17, Train loss: 0.0361, Perfect acc: 0.6987
Epoch: 18, Train loss: 0.0315, Perfect acc: 0.7325
Epoch: 19, Train loss: 0.0285, Perfect acc: 0.7638
Epoch: 20, Train loss: 0.0256, Perfect acc: 0.7919
Evaluation:: Loss: 0.0254, Perfect acc: 0.8060
Epoch: 21, Train loss: 0.0222, Perfect acc: 0.8144
Epoch: 22, Train loss: 0.0198, Perfect acc: 0.8387
Epoch: 23, Train loss: 0.0173, Perfect acc: 0.8581
Epoch: 24, Train loss: 0.0148, Perfect acc: 0.8806
Epoch: 25, Train loss: 0.0134, Perfect acc: 0.8956
Epoch: 26, Train loss: 0.0102, Perfect acc: 0.9163
Epoch: 27, Train loss: 0.0086, Perfect acc: 0.9375
Epoch: 28, Train loss: 0.0087, Perfect acc: 0.9319
Epoch: 29, Train loss: 0.0065, Perfect acc: 0.9456
Epoch: 30, Train loss: 0.0058, Perfect acc: 0.9550
Evaluation:: Loss: 0.0075, Perfect acc: 0.9440
Epoch: 31, Train loss: 0.0063, Perfect acc: 0.9569
Epoch: 32, Train loss: 0.0064, Perfect acc: 0.9537
Epoch: 33, Train loss: 0.0073, Perfect acc: 0.9475
Epoch: 34, Train loss: 0.0061, Perfect acc: 0.9550
Epoch: 35, Train loss: 0.0066, Perfect acc: 0.9513
Epoch: 36, Train loss: 0.0063, Perfect acc: 0.9513
Epoch: 37, Train loss: 0.0046, Perfect acc: 0.9656
Epoch: 38, Train loss: 0.0066, Perfect acc: 0.9519
Epoch: 39, Train loss: 0.0067, Perfect acc: 0.9481
Epoch: 40, Train loss: 0.0060, Perfect acc: 0.9519
Evaluation:: Loss: 0.0054, Perfect acc: 0.9590
Epoch: 41, Train loss: 0.0065, Perfect acc: 0.9519
Epoch: 42, Train loss: 0.0058, Perfect acc: 0.9500
Epoch: 43, Train loss: 0.0068, Perfect acc: 0.9506
Epoch: 44, Train loss: 0.0072, Perfect acc: 0.9463
Epoch: 45, Train loss: 0.0080, Perfect acc: 0.9431
Epoch: 46, Train loss: 0.0077, Perfect acc: 0.9425
Epoch: 47, Train loss: 0.0066, Perfect acc: 0.9513
Epoch: 48, Train loss: 0.0061, Perfect acc: 0.9575
Epoch: 49, Train loss: 0.0060, Perfect acc: 0.9563
Epoch: 50, Train loss: 0.0073, Perfect acc: 0.9494
Evaluation:: Loss: 0.0049, Perfect acc: 0.9610
Epoch: 51, Train loss: 0.0055, Perfect acc: 0.9606
Epoch: 52, Train loss: 0.0067, Perfect acc: 0.9513
Epoch: 53, Train loss: 0.0079, Perfect acc: 0.9425
Epoch: 54, Train loss: 0.0062, Perfect acc: 0.9519
Epoch: 55, Train loss: 0.0061, Perfect acc: 0.9537
Epoch: 56, Train loss: 0.0087, Perfect acc: 0.9381
Epoch: 57, Train loss: 0.0055, Perfect acc: 0.9569
Epoch: 58, Train loss: 0.0062, Perfect acc: 0.9550
Epoch: 59, Train loss: 0.0061, Perfect acc: 0.9513
Epoch: 60, Train loss: 0.0063, Perfect acc: 0.9525
Evaluation:: Loss: 0.0091, Perfect acc: 0.9290
Epoch: 61, Train loss: 0.0071, Perfect acc: 0.9437
Epoch: 62, Train loss: 0.0071, Perfect acc: 0.9475
Epoch: 63, Train loss: 0.0068, Perfect acc: 0.9487
Epoch: 64, Train loss: 0.0050, Perfect acc: 0.9613
Epoch: 65, Train loss: 0.0052, Perfect acc: 0.9594
Epoch: 66, Train loss: 0.0079, Perfect acc: 0.9406
Epoch: 67, Train loss: 0.0072, Perfect acc: 0.9463
Epoch: 68, Train loss: 0.0058, Perfect acc: 0.9550
Epoch: 69, Train loss: 0.0070, Perfect acc: 0.9469
Epoch: 70, Train loss: 0.0074, Perfect acc: 0.9431
Evaluation:: Loss: 0.0043, Perfect acc: 0.9670
Epoch: 71, Train loss: 0.0059, Perfect acc: 0.9531
Epoch: 72, Train loss: 0.0061, Perfect acc: 0.9550
Epoch: 73, Train loss: 0.0058, Perfect acc: 0.9569
Epoch: 74, Train loss: 0.0064, Perfect acc: 0.9537
Epoch: 75, Train loss: 0.0050, Perfect acc: 0.9606
Epoch: 76, Train loss: 0.0065, Perfect acc: 0.9525
Epoch: 77, Train loss: 0.0072, Perfect acc: 0.9487
Epoch: 78, Train loss: 0.0065, Perfect acc: 0.9519
Epoch: 79, Train loss: 0.0082, Perfect acc: 0.9381
Epoch: 80, Train loss: 0.0078, Perfect acc: 0.9431
Evaluation:: Loss: 0.0065, Perfect acc: 0.9510
Epoch: 81, Train loss: 0.0064, Perfect acc: 0.9525
Epoch: 82, Train loss: 0.0055, Perfect acc: 0.9569
Epoch: 83, Train loss: 0.0066, Perfect acc: 0.9513
Epoch: 84, Train loss: 0.0067, Perfect acc: 0.9444
Epoch: 85, Train loss: 0.0057, Perfect acc: 0.9575
Epoch: 86, Train loss: 0.0068, Perfect acc: 0.9513
Epoch: 87, Train loss: 0.0071, Perfect acc: 0.9513
Epoch: 88, Train loss: 0.0059, Perfect acc: 0.9563
Epoch: 89, Train loss: 0.0059, Perfect acc: 0.9556
Epoch: 90, Train loss: 0.0047, Perfect acc: 0.9644
Evaluation:: Loss: 0.0068, Perfect acc: 0.9470
Epoch: 91, Train loss: 0.0077, Perfect acc: 0.9444
Epoch: 92, Train loss: 0.0039, Perfect acc: 0.9688
Epoch: 93, Train loss: 0.0078, Perfect acc: 0.9456
Epoch: 94, Train loss: 0.0071, Perfect acc: 0.9513
Epoch: 95, Train loss: 0.0073, Perfect acc: 0.9469
Epoch: 96, Train loss: 0.0085, Perfect acc: 0.9344
Epoch: 97, Train loss: 0.0072, Perfect acc: 0.9500
Epoch: 98, Train loss: 0.0050, Perfect acc: 0.9619
Epoch: 99, Train loss: 0.0063, Perfect acc: 0.9525
Epoch: 100, Train loss: 0.0058, Perfect acc: 0.9550
Evaluation:: Loss: 0.0074, Perfect acc: 0.9440
Evaluation:: Loss: 0.0074, Perfect acc: 0.9440
2407.54user 84.10system 41:40.04elapsed 99%CPU (0avgtext+0avgdata 1998328maxresident)k
1888inputs+13080outputs (0major+2159235minor)pagefaults 0swaps
