*** SIGTERM received at time=1652928977 on cpu 7 ***
PC: @     0x7f37f7d0287f  (unknown)  recv
    @     0x7f37f7d03390  (unknown)  (unknown)
[2022-05-19 08:26:17,945 E 75764 75764] logging.cc:325: *** SIGTERM received at time=1652928977 on cpu 7 ***
[2022-05-19 08:26:17,945 E 75764 75764] logging.cc:325: PC: @     0x7f37f7d0287f  (unknown)  recv
[2022-05-19 08:26:17,945 E 75764 75764] logging.cc:325:     @     0x7f37f7d03390  (unknown)  (unknown)
WARNING:absl:No GPU/TPU found, falling back to CPU. (Set TF_CPP_MIN_LOG_LEVEL=0 and rerun for more info.)
Successfully loaded Static Constraints dataset.
Number of distinct solutions in train set: 1593
Number of distinct solutions in test set: 997
[2m[36m(ilp_solver pid=25612)[0m Academic license - for non-commercial use only - expires 2022-09-01
[2m[36m(ilp_solver pid=25612)[0m Using license file /home/rishabh/gurobi.lic
[2m[36m(ilp_solver pid=25613)[0m Academic license - for non-commercial use only - expires 2022-09-01
[2m[36m(ilp_solver pid=25613)[0m Using license file /home/rishabh/gurobi.lic
[2m[36m(ilp_solver pid=25616)[0m Academic license - for non-commercial use only - expires 2022-09-01
[2m[36m(ilp_solver pid=25616)[0m Using license file /home/rishabh/gurobi.lic
[2m[36m(ilp_solver pid=25614)[0m Academic license - for non-commercial use only - expires 2022-09-01
[2m[36m(ilp_solver pid=25614)[0m Using license file /home/rishabh/gurobi.lic
[2m[36m(ilp_solver pid=25615)[0m Academic license - for non-commercial use only - expires 2022-09-01
[2m[36m(ilp_solver pid=25615)[0m Using license file /home/rishabh/gurobi.lic
[2m[36m(ilp_solver pid=25611)[0m Academic license - for non-commercial use only - expires 2022-09-01
[2m[36m(ilp_solver pid=25611)[0m Using license file /home/rishabh/gurobi.lic
[2m[36m(ilp_solver pid=25617)[0m Academic license - for non-commercial use only - expires 2022-09-01
[2m[36m(ilp_solver pid=25617)[0m Using license file /home/rishabh/gurobi.lic
[2m[36m(ilp_solver pid=25610)[0m Academic license - for non-commercial use only - expires 2022-09-01
[2m[36m(ilp_solver pid=25610)[0m Using license file /home/rishabh/gurobi.lic
Evaluation:: Loss: 0.2428, Perfect acc: 0.0000
Epoch:  1, Train loss: 0.2183, Perfect acc: 0.0006
Epoch:  2, Train loss: 0.1871, Perfect acc: 0.0031
Epoch:  3, Train loss: 0.1671, Perfect acc: 0.0050
Epoch:  4, Train loss: 0.1531, Perfect acc: 0.0075
Epoch:  5, Train loss: 0.1424, Perfect acc: 0.0100
Epoch:  6, Train loss: 0.1342, Perfect acc: 0.0163
Epoch:  7, Train loss: 0.1274, Perfect acc: 0.0194
[2m[36m(ilp_solver pid=12129)[0m Academic license - for non-commercial use only - expires 2022-09-01
[2m[36m(ilp_solver pid=12129)[0m Using license file /home/rishabh/gurobi.lic
Epoch:  8, Train loss: 0.1218, Perfect acc: 0.0244
Epoch:  9, Train loss: 0.1170, Perfect acc: 0.0300
Epoch: 10, Train loss: 0.1132, Perfect acc: 0.0356
Evaluation:: Loss: 0.1152, Perfect acc: 0.0400
Epoch: 11, Train loss: 0.1103, Perfect acc: 0.0406
Epoch: 12, Train loss: 0.1073, Perfect acc: 0.0431
Epoch: 13, Train loss: 0.1046, Perfect acc: 0.0500
Epoch: 14, Train loss: 0.1024, Perfect acc: 0.0506
Epoch: 15, Train loss: 0.1001, Perfect acc: 0.0594
Epoch: 16, Train loss: 0.0979, Perfect acc: 0.0625
Epoch: 17, Train loss: 0.0959, Perfect acc: 0.0650
Epoch: 18, Train loss: 0.0943, Perfect acc: 0.0694
Epoch: 19, Train loss: 0.0927, Perfect acc: 0.0731
Epoch: 20, Train loss: 0.0910, Perfect acc: 0.0775
Evaluation:: Loss: 0.0934, Perfect acc: 0.0620
Epoch: 21, Train loss: 0.0890, Perfect acc: 0.0831
Epoch: 22, Train loss: 0.0875, Perfect acc: 0.0844
Epoch: 23, Train loss: 0.0860, Perfect acc: 0.0850
Epoch: 24, Train loss: 0.0843, Perfect acc: 0.0875
Epoch: 25, Train loss: 0.0829, Perfect acc: 0.0919
Epoch: 26, Train loss: 0.0815, Perfect acc: 0.0931
Epoch: 27, Train loss: 0.0800, Perfect acc: 0.0931
Epoch: 28, Train loss: 0.0788, Perfect acc: 0.0944
Epoch: 29, Train loss: 0.0777, Perfect acc: 0.0975
Epoch: 30, Train loss: 0.0764, Perfect acc: 0.0981
Evaluation:: Loss: 0.0789, Perfect acc: 0.0880
Epoch: 31, Train loss: 0.0757, Perfect acc: 0.0988
Epoch: 32, Train loss: 0.0747, Perfect acc: 0.0981
Epoch: 33, Train loss: 0.0740, Perfect acc: 0.0981
Epoch: 34, Train loss: 0.0732, Perfect acc: 0.1013
Epoch: 35, Train loss: 0.0720, Perfect acc: 0.1025
Epoch: 36, Train loss: 0.0713, Perfect acc: 0.1019
Epoch: 37, Train loss: 0.0706, Perfect acc: 0.1044
Epoch: 38, Train loss: 0.0699, Perfect acc: 0.1081
Epoch: 39, Train loss: 0.0691, Perfect acc: 0.1100
[2m[36m(ilp_solver pid=15656)[0m Academic license - for non-commercial use only - expires 2022-09-01
[2m[36m(ilp_solver pid=15656)[0m Using license file /home/rishabh/gurobi.lic
Epoch: 40, Train loss: 0.0680, Perfect acc: 0.1094
Evaluation:: Loss: 0.0700, Perfect acc: 0.1020
Epoch: 41, Train loss: 0.0669, Perfect acc: 0.1119
Epoch: 42, Train loss: 0.0667, Perfect acc: 0.1144
Epoch: 43, Train loss: 0.0658, Perfect acc: 0.1206
Epoch: 44, Train loss: 0.0655, Perfect acc: 0.1212
Epoch: 45, Train loss: 0.0642, Perfect acc: 0.1219
Epoch: 46, Train loss: 0.0642, Perfect acc: 0.1244
Epoch: 47, Train loss: 0.0629, Perfect acc: 0.1225
Epoch: 48, Train loss: 0.0622, Perfect acc: 0.1244
Epoch: 49, Train loss: 0.0616, Perfect acc: 0.1244
Epoch: 50, Train loss: 0.0609, Perfect acc: 0.1244
Evaluation:: Loss: 0.0618, Perfect acc: 0.1170
Epoch: 51, Train loss: 0.0605, Perfect acc: 0.1237
Epoch: 52, Train loss: 0.0594, Perfect acc: 0.1363
Epoch: 53, Train loss: 0.0585, Perfect acc: 0.1313
Epoch: 54, Train loss: 0.0577, Perfect acc: 0.1294
[2m[36m(ilp_solver pid=17531)[0m Academic license - for non-commercial use only - expires 2022-09-01
[2m[36m(ilp_solver pid=17531)[0m Using license file /home/rishabh/gurobi.lic
Epoch: 55, Train loss: 0.0569, Perfect acc: 0.1319
Epoch: 56, Train loss: 0.0561, Perfect acc: 0.1388
Epoch: 57, Train loss: 0.0556, Perfect acc: 0.1419
[2m[36m(ilp_solver pid=17966)[0m Academic license - for non-commercial use only - expires 2022-09-01
[2m[36m(ilp_solver pid=17966)[0m Using license file /home/rishabh/gurobi.lic
Epoch: 58, Train loss: 0.0551, Perfect acc: 0.1456
Epoch: 59, Train loss: 0.0538, Perfect acc: 0.1450
Epoch: 60, Train loss: 0.0534, Perfect acc: 0.1475
Evaluation:: Loss: 0.0534, Perfect acc: 0.1440
Epoch: 61, Train loss: 0.0524, Perfect acc: 0.1494
Epoch: 62, Train loss: 0.0516, Perfect acc: 0.1562
Epoch: 63, Train loss: 0.0509, Perfect acc: 0.1544
Epoch: 64, Train loss: 0.0504, Perfect acc: 0.1525
Epoch: 65, Train loss: 0.0492, Perfect acc: 0.1556
Epoch: 66, Train loss: 0.0480, Perfect acc: 0.1613
Epoch: 67, Train loss: 0.0467, Perfect acc: 0.1681
Epoch: 68, Train loss: 0.0452, Perfect acc: 0.1681
Epoch: 69, Train loss: 0.0441, Perfect acc: 0.1913
Epoch: 70, Train loss: 0.0431, Perfect acc: 0.1862
Evaluation:: Loss: 0.0407, Perfect acc: 0.2190
Epoch: 71, Train loss: 0.0423, Perfect acc: 0.2019
Epoch: 72, Train loss: 0.0416, Perfect acc: 0.2162
Epoch: 73, Train loss: 0.0410, Perfect acc: 0.2206
Epoch: 74, Train loss: 0.0396, Perfect acc: 0.2269
Epoch: 75, Train loss: 0.0390, Perfect acc: 0.2412
Epoch: 76, Train loss: 0.0386, Perfect acc: 0.2331
Epoch: 77, Train loss: 0.0389, Perfect acc: 0.2313
Epoch: 78, Train loss: 0.0382, Perfect acc: 0.2387
Epoch: 79, Train loss: 0.0376, Perfect acc: 0.2625
Epoch: 80, Train loss: 0.0380, Perfect acc: 0.2394
Evaluation:: Loss: 0.0346, Perfect acc: 0.2860
Epoch: 81, Train loss: 0.0379, Perfect acc: 0.2387
Epoch: 82, Train loss: 0.0376, Perfect acc: 0.2350
Epoch: 83, Train loss: 0.0380, Perfect acc: 0.2412
Epoch: 84, Train loss: 0.0381, Perfect acc: 0.2475
Epoch: 85, Train loss: 0.0375, Perfect acc: 0.2344
Epoch: 86, Train loss: 0.0375, Perfect acc: 0.2319
Epoch: 87, Train loss: 0.0369, Perfect acc: 0.2275
Epoch: 88, Train loss: 0.0373, Perfect acc: 0.2219
Epoch: 89, Train loss: 0.0368, Perfect acc: 0.2231
[2m[36m(ilp_solver pid=20347)[0m Academic license - for non-commercial use only - expires 2022-09-01
[2m[36m(ilp_solver pid=20347)[0m Using license file /home/rishabh/gurobi.lic
Epoch: 90, Train loss: 0.0372, Perfect acc: 0.2356
Evaluation:: Loss: 0.0335, Perfect acc: 0.2800
Epoch: 91, Train loss: 0.0372, Perfect acc: 0.2200
Epoch: 92, Train loss: 0.0372, Perfect acc: 0.2175
Epoch: 93, Train loss: 0.0372, Perfect acc: 0.2150
Epoch: 94, Train loss: 0.0376, Perfect acc: 0.2075
Epoch: 95, Train loss: 0.0366, Perfect acc: 0.2156
Epoch: 96, Train loss: 0.0364, Perfect acc: 0.2162
Epoch: 97, Train loss: 0.0367, Perfect acc: 0.2231
Epoch: 98, Train loss: 0.0369, Perfect acc: 0.2194
Epoch: 99, Train loss: 0.0365, Perfect acc: 0.2225
Epoch: 100, Train loss: 0.0366, Perfect acc: 0.2206
Evaluation:: Loss: 0.0329, Perfect acc: 0.2500
Evaluation:: Loss: 0.0329, Perfect acc: 0.2500
./main.py conf/${t}/${m}x16/${i}.yaml  1862.93s user 54.61s system 78% cpu 40:40.57 total
