WARNING:absl:No GPU/TPU found, falling back to CPU. (Set TF_CPP_MIN_LOG_LEVEL=0 and rerun for more info.)
LLVM ERROR: pthread_create failed: Resource temporarily unavailable
*** SIGABRT received at time=1652928744 on cpu 51 ***
PC: @     0x7f511cbad428  (unknown)  raise
    @     0x7f511cf53390       3904  (unknown)
    @     0x7f50beb1dcb1         48  llvm::report_fatal_error()
    @     0x7f50beaaf100         96  ReportErrnumFatal()
    @     0x7f50beaaf2f8        128  llvm::llvm_execute_on_thread_impl()
    @     0x7f50beaaf79d         48  llvm::thread::thread<>()
    @     0x7f50beab1871        144  llvm::ThreadPool::ThreadPool()
    @     0x7f50be9c774f        496  mlir::MLIRContext::MLIRContext()
    @     0x7f50be9c7a19        160  mlir::MLIRContext::MLIRContext()
    @     0x7f50bc69d0cc       2528  xla::cpu::CpuCompiler::RunBackend()
    @     0x7f50bc68957a       4432  xla::TfrtCpuClient::Compile()
    @     0x7f50bc5c82b5        976  xla::PyClient::Compile()
    @     0x7f50bc332b5c       1632  pybind11::detail::argument_loader<>::call_impl<>()
    @     0x7f50bc333434        192  pybind11::cpp_function::initialize<>()::{lambda()#3}::_FUN()
    @     0x7f50bc314821        544  pybind11::cpp_function::dispatcher()
    @     0x5648ac855562  1188726072  _PyCFunction_FastCallDict
    @     0x5648ac9c5660  (unknown)  (unknown)
[2022-05-19 08:22:24,158 E 75765 97117] logging.cc:325: *** SIGABRT received at time=1652928744 on cpu 51 ***
[2022-05-19 08:22:24,159 E 75765 97117] logging.cc:325: PC: @     0x7f511cbad428  (unknown)  raise
[2022-05-19 08:22:24,161 E 75765 97117] logging.cc:325:     @     0x7f511cf53390       3904  (unknown)
[2022-05-19 08:22:24,161 E 75765 97117] logging.cc:325:     @     0x7f50beb1dcb1         48  llvm::report_fatal_error()
[2022-05-19 08:22:24,161 E 75765 97117] logging.cc:325:     @     0x7f50beaaf100         96  ReportErrnumFatal()
[2022-05-19 08:22:24,161 E 75765 97117] logging.cc:325:     @     0x7f50beaaf2f8        128  llvm::llvm_execute_on_thread_impl()
[2022-05-19 08:22:24,161 E 75765 97117] logging.cc:325:     @     0x7f50beaaf79d         48  llvm::thread::thread<>()
[2022-05-19 08:22:24,161 E 75765 97117] logging.cc:325:     @     0x7f50beab1871        144  llvm::ThreadPool::ThreadPool()
[2022-05-19 08:22:24,161 E 75765 97117] logging.cc:325:     @     0x7f50be9c774f        496  mlir::MLIRContext::MLIRContext()
[2022-05-19 08:22:24,162 E 75765 97117] logging.cc:325:     @     0x7f50be9c7a19        160  mlir::MLIRContext::MLIRContext()
[2022-05-19 08:22:24,162 E 75765 97117] logging.cc:325:     @     0x7f50bc69d0cc       2528  xla::cpu::CpuCompiler::RunBackend()
[2022-05-19 08:22:24,162 E 75765 97117] logging.cc:325:     @     0x7f50bc68957a       4432  xla::TfrtCpuClient::Compile()
[2022-05-19 08:22:24,162 E 75765 97117] logging.cc:325:     @     0x7f50bc5c82b5        976  xla::PyClient::Compile()
[2022-05-19 08:22:24,162 E 75765 97117] logging.cc:325:     @     0x7f50bc332b5c       1632  pybind11::detail::argument_loader<>::call_impl<>()
[2022-05-19 08:22:24,162 E 75765 97117] logging.cc:325:     @     0x7f50bc333434        192  pybind11::cpp_function::initialize<>()::{lambda()#3}::_FUN()
[2022-05-19 08:22:24,162 E 75765 97117] logging.cc:325:     @     0x7f50bc314821        544  pybind11::cpp_function::dispatcher()
[2022-05-19 08:22:24,162 E 75765 97117] logging.cc:325:     @     0x5648ac855562  1188726072  _PyCFunction_FastCallDict
[2022-05-19 08:22:24,166 E 75765 97117] logging.cc:325:     @     0x5648ac9c5660  (unknown)  (unknown)
Fatal Python error: Aborted

Stack (most recent call first):
  File "/home/rishabh/.local/share/virtualenvs/CombOptNetJAX-wSKOtHoc/lib/python3.6/site-packages/jax/interpreters/xla.py", line 360 in backend_compile
  File "/home/rishabh/.local/share/virtualenvs/CombOptNetJAX-wSKOtHoc/lib/python3.6/site-packages/jax/interpreters/xla.py", line 297 in xla_primitive_callable
  File "/home/rishabh/.local/share/virtualenvs/CombOptNetJAX-wSKOtHoc/lib/python3.6/site-packages/jax/_src/util.py", line 179 in cached
  File "/home/rishabh/.local/share/virtualenvs/CombOptNetJAX-wSKOtHoc/lib/python3.6/site-packages/jax/_src/util.py", line 186 in wrapper
  File "/home/rishabh/.local/share/virtualenvs/CombOptNetJAX-wSKOtHoc/lib/python3.6/site-packages/jax/interpreters/xla.py", line 248 in apply_primitive
  File "/home/rishabh/.local/share/virtualenvs/CombOptNetJAX-wSKOtHoc/lib/python3.6/site-packages/jax/core.py", line 603 in process_primitive
  File "/home/rishabh/.local/share/virtualenvs/CombOptNetJAX-wSKOtHoc/lib/python3.6/site-packages/jax/core.py", line 264 in bind
  File "/home/rishabh/.local/share/virtualenvs/CombOptNetJAX-wSKOtHoc/lib/python3.6/site-packages/jax/_src/lax/lax.py", line 1613 in broadcasted_iota
  File "/home/rishabh/.local/share/virtualenvs/CombOptNetJAX-wSKOtHoc/lib/python3.6/site-packages/jax/_src/numpy/lax_numpy.py", line 4643 in argsort
  File "/home/rishabh/btp/src/CombOptNet/ext/CombOptNetJAX/utils/comboptnet_utils.py", line 51 in compute_delta_y
  File "/home/rishabh/btp/src/CombOptNet/ext/CombOptNetJAX/models/comboptnet.py", line 222 in mismatch_function
  File "/home/rishabh/.local/share/virtualenvs/CombOptNetJAX-wSKOtHoc/lib/python3.6/site-packages/jax/linear_util.py", line 166 in call_wrapped
  File "/home/rishabh/.local/share/virtualenvs/CombOptNetJAX-wSKOtHoc/lib/python3.6/site-packages/jax/interpreters/partial_eval.py", line 505 in trace_to_jaxpr
  File "/home/rishabh/.local/share/virtualenvs/CombOptNetJAX-wSKOtHoc/lib/python3.6/site-packages/jax/interpreters/ad.py", line 102 in linearize
  File "/home/rishabh/.local/share/virtualenvs/CombOptNetJAX-wSKOtHoc/lib/python3.6/site-packages/jax/interpreters/ad.py", line 115 in vjp
  File "/home/rishabh/.local/share/virtualenvs/CombOptNetJAX-wSKOtHoc/lib/python3.6/site-packages/jax/_src/api.py", line 1997 in _vjp
  File "/home/rishabh/.local/share/virtualenvs/CombOptNetJAX-wSKOtHoc/lib/python3.6/site-packages/jax/_src/api.py", line 901 in value_and_grad_f
  File "/home/rishabh/.local/share/virtualenvs/CombOptNetJAX-wSKOtHoc/lib/python3.6/site-packages/jax/_src/traceback_util.py", line 183 in reraise_with_filtered_traceback
  File "/home/rishabh/.local/share/virtualenvs/CombOptNetJAX-wSKOtHoc/lib/python3.6/site-packages/jax/_src/api.py", line 829 in grad_f
  File "/home/rishabh/.local/share/virtualenvs/CombOptNetJAX-wSKOtHoc/lib/python3.6/site-packages/jax/_src/traceback_util.py", line 183 in reraise_with_filtered_traceback
  File "/home/rishabh/btp/src/CombOptNet/ext/CombOptNetJAX/models/comboptnet.py", line 123 in backward
  File "/home/rishabh/.local/share/virtualenvs/CombOptNetJAX-wSKOtHoc/lib/python3.6/site-packages/torch/autograd/function.py", line 77 in apply
Command terminated by signal 6
5.60user 2.98system 0:31.80elapsed 27%CPU (0avgtext+0avgdata 1976504maxresident)k
1888inputs+48outputs (0major+338418minor)pagefaults 0swaps
WARNING:absl:No GPU/TPU found, falling back to CPU. (Set TF_CPP_MIN_LOG_LEVEL=0 and rerun for more info.)
Successfully loaded Static Constraints dataset.
Number of distinct solutions in train set: 1595
Number of distinct solutions in test set: 1000
[2m[36m(ilp_solver pid=26086)[0m Academic license - for non-commercial use only - expires 2022-09-01
[2m[36m(ilp_solver pid=26086)[0m Using license file /home/rishabh/gurobi.lic
[2m[36m(ilp_solver pid=26081)[0m Academic license - for non-commercial use only - expires 2022-09-01
[2m[36m(ilp_solver pid=26081)[0m Using license file /home/rishabh/gurobi.lic
[2m[36m(ilp_solver pid=26067)[0m Academic license - for non-commercial use only - expires 2022-09-01
[2m[36m(ilp_solver pid=26067)[0m Using license file /home/rishabh/gurobi.lic
[2m[36m(ilp_solver pid=26078)[0m Academic license - for non-commercial use only - expires 2022-09-01
[2m[36m(ilp_solver pid=26078)[0m Using license file /home/rishabh/gurobi.lic
[2m[36m(ilp_solver pid=26085)[0m Academic license - for non-commercial use only - expires 2022-09-01
[2m[36m(ilp_solver pid=26085)[0m Using license file /home/rishabh/gurobi.lic
[2m[36m(ilp_solver pid=26075)[0m Academic license - for non-commercial use only - expires 2022-09-01
[2m[36m(ilp_solver pid=26075)[0m Using license file /home/rishabh/gurobi.lic
[2m[36m(ilp_solver pid=26071)[0m Academic license - for non-commercial use only - expires 2022-09-01
[2m[36m(ilp_solver pid=26071)[0m Using license file /home/rishabh/gurobi.lic
[2m[36m(ilp_solver pid=26059)[0m Academic license - for non-commercial use only - expires 2022-09-01
[2m[36m(ilp_solver pid=26059)[0m Using license file /home/rishabh/gurobi.lic
Evaluation:: Loss: 0.2898, Perfect acc: 0.0000
Epoch:  1, Train loss: 0.2432, Perfect acc: 0.0000
Epoch:  2, Train loss: 0.1983, Perfect acc: 0.0006
Epoch:  3, Train loss: 0.1755, Perfect acc: 0.0044
Epoch:  4, Train loss: 0.1621, Perfect acc: 0.0088
Epoch:  5, Train loss: 0.1515, Perfect acc: 0.0144
Epoch:  6, Train loss: 0.1442, Perfect acc: 0.0200
Epoch:  7, Train loss: 0.1377, Perfect acc: 0.0225
Epoch:  8, Train loss: 0.1320, Perfect acc: 0.0250
Epoch:  9, Train loss: 0.1270, Perfect acc: 0.0306
Epoch: 10, Train loss: 0.1233, Perfect acc: 0.0369
Evaluation:: Loss: 0.1311, Perfect acc: 0.0350
Epoch: 11, Train loss: 0.1195, Perfect acc: 0.0369
Epoch: 12, Train loss: 0.1159, Perfect acc: 0.0406
Epoch: 13, Train loss: 0.1131, Perfect acc: 0.0431
Epoch: 14, Train loss: 0.1105, Perfect acc: 0.0462
Epoch: 15, Train loss: 0.1080, Perfect acc: 0.0462
Epoch: 16, Train loss: 0.1059, Perfect acc: 0.0475
Epoch: 17, Train loss: 0.1037, Perfect acc: 0.0469
Epoch: 18, Train loss: 0.1013, Perfect acc: 0.0512
Epoch: 19, Train loss: 0.0989, Perfect acc: 0.0519
Epoch: 20, Train loss: 0.0968, Perfect acc: 0.0525
Evaluation:: Loss: 0.1080, Perfect acc: 0.0480
Epoch: 21, Train loss: 0.0952, Perfect acc: 0.0569
Epoch: 22, Train loss: 0.0939, Perfect acc: 0.0587
Epoch: 23, Train loss: 0.0920, Perfect acc: 0.0606
Epoch: 24, Train loss: 0.0908, Perfect acc: 0.0644
Epoch: 25, Train loss: 0.0894, Perfect acc: 0.0675
Epoch: 26, Train loss: 0.0879, Perfect acc: 0.0663
Epoch: 27, Train loss: 0.0868, Perfect acc: 0.0688
Epoch: 28, Train loss: 0.0855, Perfect acc: 0.0669
Epoch: 29, Train loss: 0.0845, Perfect acc: 0.0675
[2m[36m(ilp_solver pid=14682)[0m Academic license - for non-commercial use only - expires 2022-09-01
[2m[36m(ilp_solver pid=14682)[0m Using license file /home/rishabh/gurobi.lic
Epoch: 30, Train loss: 0.0836, Perfect acc: 0.0731
Evaluation:: Loss: 0.0927, Perfect acc: 0.0630
Epoch: 31, Train loss: 0.0828, Perfect acc: 0.0694
Epoch: 32, Train loss: 0.0814, Perfect acc: 0.0756
Epoch: 33, Train loss: 0.0806, Perfect acc: 0.0762
Epoch: 34, Train loss: 0.0794, Perfect acc: 0.0775
Epoch: 35, Train loss: 0.0784, Perfect acc: 0.0775
Epoch: 36, Train loss: 0.0768, Perfect acc: 0.0781
Epoch: 37, Train loss: 0.0762, Perfect acc: 0.0750
Epoch: 38, Train loss: 0.0747, Perfect acc: 0.0819
Epoch: 39, Train loss: 0.0739, Perfect acc: 0.0800
Epoch: 40, Train loss: 0.0725, Perfect acc: 0.0775
Evaluation:: Loss: 0.0776, Perfect acc: 0.0810
Epoch: 41, Train loss: 0.0713, Perfect acc: 0.0862
Epoch: 42, Train loss: 0.0695, Perfect acc: 0.0806
Epoch: 43, Train loss: 0.0679, Perfect acc: 0.0856
Epoch: 44, Train loss: 0.0669, Perfect acc: 0.0769
[2m[36m(ilp_solver pid=16541)[0m Academic license - for non-commercial use only - expires 2022-09-01
[2m[36m(ilp_solver pid=16541)[0m Using license file /home/rishabh/gurobi.lic
Epoch: 45, Train loss: 0.0648, Perfect acc: 0.0750
Epoch: 46, Train loss: 0.0634, Perfect acc: 0.0800
Epoch: 47, Train loss: 0.0619, Perfect acc: 0.0969
Epoch: 48, Train loss: 0.0610, Perfect acc: 0.1037
Epoch: 49, Train loss: 0.0599, Perfect acc: 0.1181
Epoch: 50, Train loss: 0.0599, Perfect acc: 0.1194
Evaluation:: Loss: 0.0640, Perfect acc: 0.1310
Epoch: 51, Train loss: 0.0589, Perfect acc: 0.1206
Epoch: 52, Train loss: 0.0580, Perfect acc: 0.1300
Epoch: 53, Train loss: 0.0582, Perfect acc: 0.1294
Epoch: 54, Train loss: 0.0570, Perfect acc: 0.1325
Epoch: 55, Train loss: 0.0567, Perfect acc: 0.1319
Epoch: 56, Train loss: 0.0560, Perfect acc: 0.1406
Epoch: 57, Train loss: 0.0552, Perfect acc: 0.1313
Epoch: 58, Train loss: 0.0546, Perfect acc: 0.1313
Epoch: 59, Train loss: 0.0534, Perfect acc: 0.1237
Epoch: 60, Train loss: 0.0525, Perfect acc: 0.1163
Evaluation:: Loss: 0.0550, Perfect acc: 0.1210
Epoch: 61, Train loss: 0.0500, Perfect acc: 0.1294
Epoch: 62, Train loss: 0.0486, Perfect acc: 0.1225
Epoch: 63, Train loss: 0.0454, Perfect acc: 0.1400
Epoch: 64, Train loss: 0.0425, Perfect acc: 0.1494
[2m[36m(ilp_solver pid=18948)[0m Academic license - for non-commercial use only - expires 2022-09-01
[2m[36m(ilp_solver pid=18948)[0m Using license file /home/rishabh/gurobi.lic
Epoch: 65, Train loss: 0.0387, Perfect acc: 0.1519
Epoch: 66, Train loss: 0.0365, Perfect acc: 0.1444
Epoch: 67, Train loss: 0.0328, Perfect acc: 0.1650
Epoch: 68, Train loss: 0.0296, Perfect acc: 0.1606
Epoch: 69, Train loss: 0.0277, Perfect acc: 0.1713
Epoch: 70, Train loss: 0.0251, Perfect acc: 0.1831
Evaluation:: Loss: 0.0258, Perfect acc: 0.1810
Epoch: 71, Train loss: 0.0235, Perfect acc: 0.1881
Epoch: 72, Train loss: 0.0218, Perfect acc: 0.2019
Epoch: 73, Train loss: 0.0201, Perfect acc: 0.2144
Epoch: 74, Train loss: 0.0186, Perfect acc: 0.2400
Epoch: 75, Train loss: 0.0186, Perfect acc: 0.2462
Epoch: 76, Train loss: 0.0180, Perfect acc: 0.2881
Epoch: 77, Train loss: 0.0176, Perfect acc: 0.2838
Epoch: 78, Train loss: 0.0167, Perfect acc: 0.3262
Epoch: 79, Train loss: 0.0162, Perfect acc: 0.3237
Epoch: 80, Train loss: 0.0160, Perfect acc: 0.3344
Evaluation:: Loss: 0.0182, Perfect acc: 0.3320
Epoch: 81, Train loss: 0.0161, Perfect acc: 0.3394
Epoch: 82, Train loss: 0.0165, Perfect acc: 0.3394
Epoch: 83, Train loss: 0.0164, Perfect acc: 0.3450
Epoch: 84, Train loss: 0.0167, Perfect acc: 0.3281
Epoch: 85, Train loss: 0.0162, Perfect acc: 0.3250
Epoch: 86, Train loss: 0.0163, Perfect acc: 0.3519
Epoch: 87, Train loss: 0.0162, Perfect acc: 0.3488
Epoch: 88, Train loss: 0.0169, Perfect acc: 0.3181
Epoch: 89, Train loss: 0.0164, Perfect acc: 0.3463
Epoch: 90, Train loss: 0.0170, Perfect acc: 0.3162
Evaluation:: Loss: 0.0198, Perfect acc: 0.2920
Epoch: 91, Train loss: 0.0161, Perfect acc: 0.3381
Epoch: 92, Train loss: 0.0167, Perfect acc: 0.3337
Epoch: 93, Train loss: 0.0168, Perfect acc: 0.3025
Epoch: 94, Train loss: 0.0166, Perfect acc: 0.3350
Epoch: 95, Train loss: 0.0167, Perfect acc: 0.3231
Epoch: 96, Train loss: 0.0158, Perfect acc: 0.3531
Epoch: 97, Train loss: 0.0165, Perfect acc: 0.3362
Epoch: 98, Train loss: 0.0158, Perfect acc: 0.3319
Epoch: 99, Train loss: 0.0162, Perfect acc: 0.3294
Epoch: 100, Train loss: 0.0164, Perfect acc: 0.3481
Evaluation:: Loss: 0.0172, Perfect acc: 0.3490
Evaluation:: Loss: 0.0172, Perfect acc: 0.3490
./main.py conf/${t}/${m}x16/${i}.yaml  1856.87s user 54.05s system 77% cpu 41:19.75 total
