WARNING:absl:No GPU/TPU found, falling back to CPU. (Set TF_CPP_MIN_LOG_LEVEL=0 and rerun for more info.)
Successfully loaded Static Constraints dataset.
Number of distinct solutions in train set: 1598
Number of distinct solutions in test set: 1000
[2m[36m(ilp_solver pid=9182)[0m Academic license - for non-commercial use only - expires 2022-09-01
[2m[36m(ilp_solver pid=9182)[0m Using license file /home/rishabh/gurobi.lic
[2m[36m(ilp_solver pid=9156)[0m Academic license - for non-commercial use only - expires 2022-09-01
[2m[36m(ilp_solver pid=9156)[0m Using license file /home/rishabh/gurobi.lic
[2m[36m(ilp_solver pid=9168)[0m Academic license - for non-commercial use only - expires 2022-09-01
[2m[36m(ilp_solver pid=9168)[0m Using license file /home/rishabh/gurobi.lic
[2m[36m(ilp_solver pid=9163)[0m Academic license - for non-commercial use only - expires 2022-09-01
[2m[36m(ilp_solver pid=9163)[0m Using license file /home/rishabh/gurobi.lic
[2m[36m(ilp_solver pid=9157)[0m Academic license - for non-commercial use only - expires 2022-09-01
[2m[36m(ilp_solver pid=9157)[0m Using license file /home/rishabh/gurobi.lic
[2m[36m(ilp_solver pid=9170)[0m Academic license - for non-commercial use only - expires 2022-09-01
[2m[36m(ilp_solver pid=9170)[0m Using license file /home/rishabh/gurobi.lic
[2m[36m(ilp_solver pid=9175)[0m Academic license - for non-commercial use only - expires 2022-09-01
[2m[36m(ilp_solver pid=9175)[0m Using license file /home/rishabh/gurobi.lic
[2m[36m(ilp_solver pid=9171)[0m Academic license - for non-commercial use only - expires 2022-09-01
[2m[36m(ilp_solver pid=9171)[0m Using license file /home/rishabh/gurobi.lic
Evaluation:: Loss: 0.2360, Perfect acc: 0.0000
Epoch:  1, Train loss: 0.2113, Perfect acc: 0.0000
Epoch:  2, Train loss: 0.1822, Perfect acc: 0.0000
Epoch:  3, Train loss: 0.1660, Perfect acc: 0.0019
Epoch:  4, Train loss: 0.1546, Perfect acc: 0.0037
Epoch:  5, Train loss: 0.1471, Perfect acc: 0.0075
Epoch:  6, Train loss: 0.1409, Perfect acc: 0.0100
Epoch:  7, Train loss: 0.1364, Perfect acc: 0.0119
Epoch:  8, Train loss: 0.1317, Perfect acc: 0.0156
Epoch:  9, Train loss: 0.1281, Perfect acc: 0.0181
Epoch: 10, Train loss: 0.1248, Perfect acc: 0.0175
Evaluation:: Loss: 0.1276, Perfect acc: 0.0320
Epoch: 11, Train loss: 0.1202, Perfect acc: 0.0231
Epoch: 12, Train loss: 0.1164, Perfect acc: 0.0275
Epoch: 13, Train loss: 0.1131, Perfect acc: 0.0300
Epoch: 14, Train loss: 0.1098, Perfect acc: 0.0350
Epoch: 15, Train loss: 0.1060, Perfect acc: 0.0369
Epoch: 16, Train loss: 0.1024, Perfect acc: 0.0381
Epoch: 17, Train loss: 0.0991, Perfect acc: 0.0437
[2m[36m(ilp_solver pid=28733)[0m Academic license - for non-commercial use only - expires 2022-09-01
[2m[36m(ilp_solver pid=28733)[0m Using license file /home/rishabh/gurobi.lic
Epoch: 18, Train loss: 0.0960, Perfect acc: 0.0475
Epoch: 19, Train loss: 0.0935, Perfect acc: 0.0519
Epoch: 20, Train loss: 0.0912, Perfect acc: 0.0537
Evaluation:: Loss: 0.0934, Perfect acc: 0.0630
Epoch: 21, Train loss: 0.0887, Perfect acc: 0.0563
Epoch: 22, Train loss: 0.0863, Perfect acc: 0.0587
Epoch: 23, Train loss: 0.0845, Perfect acc: 0.0612
Epoch: 24, Train loss: 0.0825, Perfect acc: 0.0675
[2m[36m(ilp_solver pid=29967)[0m Academic license - for non-commercial use only - expires 2022-09-01
[2m[36m(ilp_solver pid=29967)[0m Using license file /home/rishabh/gurobi.lic
Epoch: 25, Train loss: 0.0807, Perfect acc: 0.0688
Epoch: 26, Train loss: 0.0785, Perfect acc: 0.0688
Epoch: 27, Train loss: 0.0759, Perfect acc: 0.0725
Epoch: 28, Train loss: 0.0735, Perfect acc: 0.0762
Epoch: 29, Train loss: 0.0713, Perfect acc: 0.0781
Epoch: 30, Train loss: 0.0693, Perfect acc: 0.0781
Evaluation:: Loss: 0.0709, Perfect acc: 0.0710
Epoch: 31, Train loss: 0.0674, Perfect acc: 0.0844
[2m[36m(ilp_solver pid=30918)[0m Academic license - for non-commercial use only - expires 2022-09-01
[2m[36m(ilp_solver pid=30918)[0m Using license file /home/rishabh/gurobi.lic
Epoch: 32, Train loss: 0.0668, Perfect acc: 0.0825
Epoch: 33, Train loss: 0.0652, Perfect acc: 0.0862
Epoch: 34, Train loss: 0.0637, Perfect acc: 0.0869
Epoch: 35, Train loss: 0.0623, Perfect acc: 0.0869
Epoch: 36, Train loss: 0.0617, Perfect acc: 0.0938
Epoch: 37, Train loss: 0.0601, Perfect acc: 0.0919
Epoch: 38, Train loss: 0.0581, Perfect acc: 0.0938
Epoch: 39, Train loss: 0.0565, Perfect acc: 0.1006
Epoch: 40, Train loss: 0.0545, Perfect acc: 0.1013
Evaluation:: Loss: 0.0563, Perfect acc: 0.0900
Epoch: 41, Train loss: 0.0527, Perfect acc: 0.1094
Epoch: 42, Train loss: 0.0502, Perfect acc: 0.1144
[2m[36m(ilp_solver pid=31677)[0m Academic license - for non-commercial use only - expires 2022-09-01
[2m[36m(ilp_solver pid=31677)[0m Using license file /home/rishabh/gurobi.lic
Epoch: 43, Train loss: 0.0492, Perfect acc: 0.1169
Epoch: 44, Train loss: 0.0476, Perfect acc: 0.1313
Epoch: 45, Train loss: 0.0456, Perfect acc: 0.1481
Epoch: 46, Train loss: 0.0446, Perfect acc: 0.1713
Epoch: 47, Train loss: 0.0430, Perfect acc: 0.1931
Epoch: 48, Train loss: 0.0424, Perfect acc: 0.2006
Epoch: 49, Train loss: 0.0410, Perfect acc: 0.2137
Epoch: 50, Train loss: 0.0401, Perfect acc: 0.2306
Evaluation:: Loss: 0.0444, Perfect acc: 0.2080
Epoch: 51, Train loss: 0.0391, Perfect acc: 0.2444
Epoch: 52, Train loss: 0.0388, Perfect acc: 0.2306
Epoch: 53, Train loss: 0.0377, Perfect acc: 0.2475
Epoch: 54, Train loss: 0.0374, Perfect acc: 0.2431
Epoch: 55, Train loss: 0.0360, Perfect acc: 0.2562
Epoch: 56, Train loss: 0.0359, Perfect acc: 0.2462
Epoch: 57, Train loss: 0.0345, Perfect acc: 0.2581
Epoch: 58, Train loss: 0.0339, Perfect acc: 0.2506
Epoch: 59, Train loss: 0.0335, Perfect acc: 0.2569
Epoch: 60, Train loss: 0.0321, Perfect acc: 0.2737
Evaluation:: Loss: 0.0367, Perfect acc: 0.2460
Epoch: 61, Train loss: 0.0311, Perfect acc: 0.2756
Epoch: 62, Train loss: 0.0314, Perfect acc: 0.2812
Epoch: 63, Train loss: 0.0312, Perfect acc: 0.2681
Epoch: 64, Train loss: 0.0300, Perfect acc: 0.3081
Epoch: 65, Train loss: 0.0294, Perfect acc: 0.3006
Epoch: 66, Train loss: 0.0290, Perfect acc: 0.3319
Epoch: 67, Train loss: 0.0289, Perfect acc: 0.3175
Epoch: 68, Train loss: 0.0290, Perfect acc: 0.3169
Epoch: 69, Train loss: 0.0284, Perfect acc: 0.3375
Epoch: 70, Train loss: 0.0287, Perfect acc: 0.3200
Evaluation:: Loss: 0.0318, Perfect acc: 0.3170
Epoch: 71, Train loss: 0.0277, Perfect acc: 0.3463
Epoch: 72, Train loss: 0.0279, Perfect acc: 0.3131
Epoch: 73, Train loss: 0.0283, Perfect acc: 0.3194
Epoch: 74, Train loss: 0.0279, Perfect acc: 0.3250
Epoch: 75, Train loss: 0.0285, Perfect acc: 0.2844
Epoch: 76, Train loss: 0.0291, Perfect acc: 0.2687
Epoch: 77, Train loss: 0.0291, Perfect acc: 0.2675
Epoch: 78, Train loss: 0.0289, Perfect acc: 0.2519
Epoch: 79, Train loss: 0.0292, Perfect acc: 0.2319
Epoch: 80, Train loss: 0.0294, Perfect acc: 0.2175
Evaluation:: Loss: 0.0327, Perfect acc: 0.2020
Epoch: 81, Train loss: 0.0297, Perfect acc: 0.2319
Epoch: 82, Train loss: 0.0290, Perfect acc: 0.2106
Epoch: 83, Train loss: 0.0289, Perfect acc: 0.2256
Epoch: 84, Train loss: 0.0291, Perfect acc: 0.2356
Epoch: 85, Train loss: 0.0289, Perfect acc: 0.2319
Epoch: 86, Train loss: 0.0290, Perfect acc: 0.2181
Epoch: 87, Train loss: 0.0285, Perfect acc: 0.2244
Epoch: 88, Train loss: 0.0285, Perfect acc: 0.2313
Epoch: 89, Train loss: 0.0280, Perfect acc: 0.2575
Epoch: 90, Train loss: 0.0284, Perfect acc: 0.2269
Evaluation:: Loss: 0.0320, Perfect acc: 0.2090
Epoch: 91, Train loss: 0.0295, Perfect acc: 0.1888
Epoch: 92, Train loss: 0.0296, Perfect acc: 0.2013
Epoch: 93, Train loss: 0.0295, Perfect acc: 0.1994
Epoch: 94, Train loss: 0.0294, Perfect acc: 0.2019
Epoch: 95, Train loss: 0.0294, Perfect acc: 0.2087
Epoch: 96, Train loss: 0.0289, Perfect acc: 0.2162
Epoch: 97, Train loss: 0.0287, Perfect acc: 0.2137
Epoch: 98, Train loss: 0.0293, Perfect acc: 0.2150
Epoch: 99, Train loss: 0.0292, Perfect acc: 0.2094
[2m[36m(ilp_solver pid=3052)[0m Academic license - for non-commercial use only - expires 2022-09-01
[2m[36m(ilp_solver pid=3052)[0m Using license file /home/rishabh/gurobi.lic
Epoch: 100, Train loss: 0.0296, Perfect acc: 0.2250
Evaluation:: Loss: 0.0306, Perfect acc: 0.2570
Evaluation:: Loss: 0.0306, Perfect acc: 0.2570
./main.py conf/${t}/${m}x16/${i}.yaml  1758.49s user 55.29s system 81% cpu 37:10.86 total
