WARNING:absl:No GPU/TPU found, falling back to CPU. (Set TF_CPP_MIN_LOG_LEVEL=0 and rerun for more info.)
Successfully loaded Static Constraints dataset.
Number of distinct solutions in train set: 953
Number of distinct solutions in test set: 702
[2m[36m(ilp_solver pid=10914)[0m Academic license - for non-commercial use only - expires 2023-05-13
[2m[36m(ilp_solver pid=10914)[0m Using license file /home/rishabh/gurobi.lic
[2m[36m(ilp_solver pid=10909)[0m Academic license - for non-commercial use only - expires 2023-05-13
[2m[36m(ilp_solver pid=10909)[0m Using license file /home/rishabh/gurobi.lic
[2m[36m(ilp_solver pid=10906)[0m Academic license - for non-commercial use only - expires 2023-05-13
[2m[36m(ilp_solver pid=10906)[0m Using license file /home/rishabh/gurobi.lic
[2m[36m(ilp_solver pid=10912)[0m Academic license - for non-commercial use only - expires 2023-05-13
[2m[36m(ilp_solver pid=10912)[0m Using license file /home/rishabh/gurobi.lic
[2m[36m(ilp_solver pid=10911)[0m Academic license - for non-commercial use only - expires 2023-05-13
[2m[36m(ilp_solver pid=10911)[0m Using license file /home/rishabh/gurobi.lic
[2m[36m(ilp_solver pid=10913)[0m Academic license - for non-commercial use only - expires 2023-05-13
[2m[36m(ilp_solver pid=10913)[0m Using license file /home/rishabh/gurobi.lic
[2m[36m(ilp_solver pid=10915)[0m Academic license - for non-commercial use only - expires 2023-05-13
[2m[36m(ilp_solver pid=10915)[0m Using license file /home/rishabh/gurobi.lic
[2m[36m(ilp_solver pid=10910)[0m Academic license - for non-commercial use only - expires 2023-05-13
[2m[36m(ilp_solver pid=10910)[0m Using license file /home/rishabh/gurobi.lic
Evaluation:: Loss: 0.4145, Perfect acc: 0.0000
Epoch:  1, Train loss: 0.3071, Perfect acc: 0.0069
Epoch:  2, Train loss: 0.2104, Perfect acc: 0.0362
Epoch:  3, Train loss: 0.1864, Perfect acc: 0.0431
Epoch:  4, Train loss: 0.1756, Perfect acc: 0.0512
Epoch:  5, Train loss: 0.1616, Perfect acc: 0.0638
[2m[36m(ilp_solver pid=99081)[0m Academic license - for non-commercial use only - expires 2023-05-13
[2m[36m(ilp_solver pid=99081)[0m Using license file /home/rishabh/gurobi.lic
Epoch:  6, Train loss: 0.1485, Perfect acc: 0.0831
Epoch:  7, Train loss: 0.1401, Perfect acc: 0.0944
Epoch:  8, Train loss: 0.1284, Perfect acc: 0.1363
Epoch:  9, Train loss: 0.1198, Perfect acc: 0.1669
Epoch: 10, Train loss: 0.1133, Perfect acc: 0.2044
Evaluation:: Loss: 0.1156, Perfect acc: 0.1990
Epoch: 11, Train loss: 0.1053, Perfect acc: 0.2400
Epoch: 12, Train loss: 0.1010, Perfect acc: 0.2687
Epoch: 13, Train loss: 0.0966, Perfect acc: 0.3094
[2m[36m(ilp_solver pid=123606)[0m Academic license - for non-commercial use only - expires 2023-05-13
[2m[36m(ilp_solver pid=123606)[0m Using license file /home/rishabh/gurobi.lic
[2m[36m(ilp_solver pid=123752)[0m Academic license - for non-commercial use only - expires 2023-05-13
[2m[36m(ilp_solver pid=123752)[0m Using license file /home/rishabh/gurobi.lic
Epoch: 14, Train loss: 0.0923, Perfect acc: 0.3556
Epoch: 15, Train loss: 0.0874, Perfect acc: 0.3969
Epoch: 16, Train loss: 0.0795, Perfect acc: 0.4431
Epoch: 17, Train loss: 0.0745, Perfect acc: 0.4850
Epoch: 18, Train loss: 0.0683, Perfect acc: 0.5194
Epoch: 19, Train loss: 0.0648, Perfect acc: 0.5431
Epoch: 20, Train loss: 0.0581, Perfect acc: 0.5906
Evaluation:: Loss: 0.0586, Perfect acc: 0.5850
Epoch: 21, Train loss: 0.0544, Perfect acc: 0.6138
Epoch: 22, Train loss: 0.0501, Perfect acc: 0.6500
Epoch: 23, Train loss: 0.0450, Perfect acc: 0.6837
Epoch: 24, Train loss: 0.0414, Perfect acc: 0.7025
Epoch: 25, Train loss: 0.0417, Perfect acc: 0.7075
Epoch: 26, Train loss: 0.0396, Perfect acc: 0.7238
Epoch: 27, Train loss: 0.0377, Perfect acc: 0.7362
Epoch: 28, Train loss: 0.0371, Perfect acc: 0.7431
Epoch: 29, Train loss: 0.0366, Perfect acc: 0.7506
Epoch: 30, Train loss: 0.0359, Perfect acc: 0.7538
Evaluation:: Loss: 0.0401, Perfect acc: 0.7330
Epoch: 31, Train loss: 0.0344, Perfect acc: 0.7612
Epoch: 32, Train loss: 0.0341, Perfect acc: 0.7669
Epoch: 33, Train loss: 0.0320, Perfect acc: 0.7837
Epoch: 34, Train loss: 0.0343, Perfect acc: 0.7694
Epoch: 35, Train loss: 0.0312, Perfect acc: 0.7925
Epoch: 36, Train loss: 0.0303, Perfect acc: 0.7925
Epoch: 37, Train loss: 0.0289, Perfect acc: 0.8069
Epoch: 38, Train loss: 0.0281, Perfect acc: 0.8131
Epoch: 39, Train loss: 0.0266, Perfect acc: 0.8269
Epoch: 40, Train loss: 0.0238, Perfect acc: 0.8444
Evaluation:: Loss: 0.0217, Perfect acc: 0.8580
Epoch: 41, Train loss: 0.0209, Perfect acc: 0.8575
Epoch: 42, Train loss: 0.0193, Perfect acc: 0.8700
Epoch: 43, Train loss: 0.0195, Perfect acc: 0.8688
Epoch: 44, Train loss: 0.0176, Perfect acc: 0.8844
Epoch: 45, Train loss: 0.0170, Perfect acc: 0.8888
Epoch: 46, Train loss: 0.0148, Perfect acc: 0.8975
Epoch: 47, Train loss: 0.0151, Perfect acc: 0.8994
Epoch: 48, Train loss: 0.0168, Perfect acc: 0.8919
Epoch: 49, Train loss: 0.0132, Perfect acc: 0.9137
Epoch: 50, Train loss: 0.0157, Perfect acc: 0.9000
Evaluation:: Loss: 0.0176, Perfect acc: 0.8860
Epoch: 51, Train loss: 0.0138, Perfect acc: 0.9069
Epoch: 52, Train loss: 0.0134, Perfect acc: 0.9087
Epoch: 53, Train loss: 0.0132, Perfect acc: 0.9163
Epoch: 54, Train loss: 0.0123, Perfect acc: 0.9175
Epoch: 55, Train loss: 0.0166, Perfect acc: 0.8950
Epoch: 56, Train loss: 0.0146, Perfect acc: 0.9056
Epoch: 57, Train loss: 0.0120, Perfect acc: 0.9225
Epoch: 58, Train loss: 0.0123, Perfect acc: 0.9169
Epoch: 59, Train loss: 0.0132, Perfect acc: 0.9150
Epoch: 60, Train loss: 0.0131, Perfect acc: 0.9125
Evaluation:: Loss: 0.0189, Perfect acc: 0.8820
Epoch: 61, Train loss: 0.0139, Perfect acc: 0.9062
Epoch: 62, Train loss: 0.0138, Perfect acc: 0.9119
Epoch: 63, Train loss: 0.0095, Perfect acc: 0.9331
Epoch: 64, Train loss: 0.0096, Perfect acc: 0.9363
Epoch: 65, Train loss: 0.0122, Perfect acc: 0.9200
Epoch: 66, Train loss: 0.0134, Perfect acc: 0.9169
Epoch: 67, Train loss: 0.0109, Perfect acc: 0.9281
Epoch: 68, Train loss: 0.0135, Perfect acc: 0.9119
Epoch: 69, Train loss: 0.0112, Perfect acc: 0.9269
Epoch: 70, Train loss: 0.0136, Perfect acc: 0.9163
Evaluation:: Loss: 0.0114, Perfect acc: 0.9310
Epoch: 71, Train loss: 0.0113, Perfect acc: 0.9300
Epoch: 72, Train loss: 0.0124, Perfect acc: 0.9187
Epoch: 73, Train loss: 0.0125, Perfect acc: 0.9269
Epoch: 74, Train loss: 0.0127, Perfect acc: 0.9206
Epoch: 75, Train loss: 0.0119, Perfect acc: 0.9125
Epoch: 76, Train loss: 0.0110, Perfect acc: 0.9294
Epoch: 77, Train loss: 0.0103, Perfect acc: 0.9319
Epoch: 78, Train loss: 0.0144, Perfect acc: 0.9087
Epoch: 79, Train loss: 0.0127, Perfect acc: 0.9206
Epoch: 80, Train loss: 0.0110, Perfect acc: 0.9281
Evaluation:: Loss: 0.0139, Perfect acc: 0.9120
Epoch: 81, Train loss: 0.0096, Perfect acc: 0.9375
Epoch: 82, Train loss: 0.0107, Perfect acc: 0.9281
Epoch: 83, Train loss: 0.0118, Perfect acc: 0.9244
Epoch: 84, Train loss: 0.0137, Perfect acc: 0.9156
Epoch: 85, Train loss: 0.0111, Perfect acc: 0.9231
Epoch: 86, Train loss: 0.0129, Perfect acc: 0.9169
Epoch: 87, Train loss: 0.0122, Perfect acc: 0.9231
Epoch: 88, Train loss: 0.0114, Perfect acc: 0.9200
Epoch: 89, Train loss: 0.0146, Perfect acc: 0.9056
Epoch: 90, Train loss: 0.0119, Perfect acc: 0.9237
Evaluation:: Loss: 0.0092, Perfect acc: 0.9390
Epoch: 91, Train loss: 0.0112, Perfect acc: 0.9275
Epoch: 92, Train loss: 0.0100, Perfect acc: 0.9325
Epoch: 93, Train loss: 0.0133, Perfect acc: 0.9150
Epoch: 94, Train loss: 0.0104, Perfect acc: 0.9350
Epoch: 95, Train loss: 0.0101, Perfect acc: 0.9331
Epoch: 96, Train loss: 0.0128, Perfect acc: 0.9137
Epoch: 97, Train loss: 0.0137, Perfect acc: 0.9113
Epoch: 98, Train loss: 0.0112, Perfect acc: 0.9300
Epoch: 99, Train loss: 0.0097, Perfect acc: 0.9375
Epoch: 100, Train loss: 0.0140, Perfect acc: 0.9131
Evaluation:: Loss: 0.0179, Perfect acc: 0.8850
Evaluation:: Loss: 0.0179, Perfect acc: 0.8850
2630.76user 99.42system 51:23.29elapsed 88%CPU (0avgtext+0avgdata 1997228maxresident)k
1888inputs+16112outputs (0major+4100415minor)pagefaults 0swaps
