WARNING:absl:No GPU/TPU found, falling back to CPU. (Set TF_CPP_MIN_LOG_LEVEL=0 and rerun for more info.)
Successfully loaded Static Constraints dataset.
Number of distinct solutions in train set: 1421
Number of distinct solutions in test set: 910
[2m[36m(ilp_solver pid=108363)[0m Academic license - for non-commercial use only - expires 2023-05-13
[2m[36m(ilp_solver pid=108363)[0m Using license file /home/rishabh/gurobi.lic
[2m[36m(ilp_solver pid=108362)[0m Academic license - for non-commercial use only - expires 2023-05-13
[2m[36m(ilp_solver pid=108362)[0m Using license file /home/rishabh/gurobi.lic
[2m[36m(ilp_solver pid=108361)[0m Academic license - for non-commercial use only - expires 2023-05-13
[2m[36m(ilp_solver pid=108361)[0m Using license file /home/rishabh/gurobi.lic
[2m[36m(ilp_solver pid=108364)[0m Academic license - for non-commercial use only - expires 2023-05-13
[2m[36m(ilp_solver pid=108364)[0m Using license file /home/rishabh/gurobi.lic
[2m[36m(ilp_solver pid=108371)[0m Academic license - for non-commercial use only - expires 2023-05-13
[2m[36m(ilp_solver pid=108371)[0m Using license file /home/rishabh/gurobi.lic
[2m[36m(ilp_solver pid=108367)[0m Academic license - for non-commercial use only - expires 2023-05-13
[2m[36m(ilp_solver pid=108367)[0m Using license file /home/rishabh/gurobi.lic
[2m[36m(ilp_solver pid=108369)[0m Academic license - for non-commercial use only - expires 2023-05-13
[2m[36m(ilp_solver pid=108369)[0m Using license file /home/rishabh/gurobi.lic
[2m[36m(ilp_solver pid=108373)[0m Academic license - for non-commercial use only - expires 2023-05-13
[2m[36m(ilp_solver pid=108373)[0m Using license file /home/rishabh/gurobi.lic
Evaluation:: Loss: 0.4219, Perfect acc: 0.0000
Epoch:  1, Train loss: 0.2974, Perfect acc: 0.0088
Epoch:  2, Train loss: 0.1852, Perfect acc: 0.0350
Epoch:  3, Train loss: 0.1461, Perfect acc: 0.0956
Epoch:  4, Train loss: 0.1321, Perfect acc: 0.1306
Epoch:  5, Train loss: 0.1234, Perfect acc: 0.1575
Epoch:  6, Train loss: 0.1143, Perfect acc: 0.1844
Epoch:  7, Train loss: 0.1037, Perfect acc: 0.2087
Epoch:  8, Train loss: 0.0944, Perfect acc: 0.2519
Epoch:  9, Train loss: 0.0864, Perfect acc: 0.2969
Epoch: 10, Train loss: 0.0804, Perfect acc: 0.3375
Evaluation:: Loss: 0.0837, Perfect acc: 0.3390
Epoch: 11, Train loss: 0.0753, Perfect acc: 0.3762
Epoch: 12, Train loss: 0.0700, Perfect acc: 0.4188
Epoch: 13, Train loss: 0.0649, Perfect acc: 0.4650
Epoch: 14, Train loss: 0.0622, Perfect acc: 0.4956
Epoch: 15, Train loss: 0.0595, Perfect acc: 0.5125
Epoch: 16, Train loss: 0.0584, Perfect acc: 0.5200
Epoch: 17, Train loss: 0.0574, Perfect acc: 0.5337
Epoch: 18, Train loss: 0.0569, Perfect acc: 0.5375
Epoch: 19, Train loss: 0.0564, Perfect acc: 0.5394
Epoch: 20, Train loss: 0.0560, Perfect acc: 0.5444
Evaluation:: Loss: 0.0562, Perfect acc: 0.5450
Epoch: 21, Train loss: 0.0538, Perfect acc: 0.5581
Epoch: 22, Train loss: 0.0527, Perfect acc: 0.5681
Epoch: 23, Train loss: 0.0515, Perfect acc: 0.5719
Epoch: 24, Train loss: 0.0486, Perfect acc: 0.5988
Epoch: 25, Train loss: 0.0467, Perfect acc: 0.6081
Epoch: 26, Train loss: 0.0461, Perfect acc: 0.6175
Epoch: 27, Train loss: 0.0423, Perfect acc: 0.6438
Epoch: 28, Train loss: 0.0414, Perfect acc: 0.6538
Epoch: 29, Train loss: 0.0403, Perfect acc: 0.6650
Epoch: 30, Train loss: 0.0381, Perfect acc: 0.6863
Evaluation:: Loss: 0.0407, Perfect acc: 0.6720
Epoch: 31, Train loss: 0.0353, Perfect acc: 0.7044
Epoch: 32, Train loss: 0.0339, Perfect acc: 0.7244
Epoch: 33, Train loss: 0.0310, Perfect acc: 0.7450
Epoch: 34, Train loss: 0.0277, Perfect acc: 0.7738
Epoch: 35, Train loss: 0.0268, Perfect acc: 0.7913
Epoch: 36, Train loss: 0.0229, Perfect acc: 0.8225
Epoch: 37, Train loss: 0.0242, Perfect acc: 0.8063
Epoch: 38, Train loss: 0.0246, Perfect acc: 0.8031
Epoch: 39, Train loss: 0.0252, Perfect acc: 0.7931
Epoch: 40, Train loss: 0.0250, Perfect acc: 0.7856
Evaluation:: Loss: 0.0252, Perfect acc: 0.7900
Epoch: 41, Train loss: 0.0254, Perfect acc: 0.7919
Epoch: 42, Train loss: 0.0260, Perfect acc: 0.7856
Epoch: 43, Train loss: 0.0241, Perfect acc: 0.7963
[2m[36m(ilp_solver pid=48436)[0m Academic license - for non-commercial use only - expires 2023-05-13
[2m[36m(ilp_solver pid=48436)[0m Using license file /home/rishabh/gurobi.lic
Epoch: 44, Train loss: 0.0223, Perfect acc: 0.8206
Epoch: 45, Train loss: 0.0233, Perfect acc: 0.8106
Epoch: 46, Train loss: 0.0227, Perfect acc: 0.8137
Epoch: 47, Train loss: 0.0211, Perfect acc: 0.8269
Epoch: 48, Train loss: 0.0200, Perfect acc: 0.8350
Epoch: 49, Train loss: 0.0199, Perfect acc: 0.8344
Epoch: 50, Train loss: 0.0178, Perfect acc: 0.8431
Evaluation:: Loss: 0.0199, Perfect acc: 0.8360
Epoch: 51, Train loss: 0.0191, Perfect acc: 0.8413
Epoch: 52, Train loss: 0.0177, Perfect acc: 0.8538
Epoch: 53, Train loss: 0.0160, Perfect acc: 0.8612
Epoch: 54, Train loss: 0.0168, Perfect acc: 0.8619
Epoch: 55, Train loss: 0.0165, Perfect acc: 0.8625
Epoch: 56, Train loss: 0.0154, Perfect acc: 0.8675
Epoch: 57, Train loss: 0.0173, Perfect acc: 0.8594
Epoch: 58, Train loss: 0.0145, Perfect acc: 0.8762
Epoch: 59, Train loss: 0.0179, Perfect acc: 0.8600
Epoch: 60, Train loss: 0.0140, Perfect acc: 0.8812
Evaluation:: Loss: 0.0174, Perfect acc: 0.8630
Epoch: 61, Train loss: 0.0155, Perfect acc: 0.8762
Epoch: 62, Train loss: 0.0138, Perfect acc: 0.8819
Epoch: 63, Train loss: 0.0141, Perfect acc: 0.8862
Epoch: 64, Train loss: 0.0150, Perfect acc: 0.8781
Epoch: 65, Train loss: 0.0134, Perfect acc: 0.8931
Epoch: 66, Train loss: 0.0140, Perfect acc: 0.8825
Epoch: 67, Train loss: 0.0136, Perfect acc: 0.8925
Epoch: 68, Train loss: 0.0130, Perfect acc: 0.8931
Epoch: 69, Train loss: 0.0136, Perfect acc: 0.8838
Epoch: 70, Train loss: 0.0129, Perfect acc: 0.8981
Evaluation:: Loss: 0.0124, Perfect acc: 0.9070
Epoch: 71, Train loss: 0.0107, Perfect acc: 0.9144
Epoch: 72, Train loss: 0.0139, Perfect acc: 0.8956
Epoch: 73, Train loss: 0.0150, Perfect acc: 0.8825
Epoch: 74, Train loss: 0.0121, Perfect acc: 0.9025
Epoch: 75, Train loss: 0.0130, Perfect acc: 0.9012
Epoch: 76, Train loss: 0.0132, Perfect acc: 0.8994
Epoch: 77, Train loss: 0.0136, Perfect acc: 0.8944
Epoch: 78, Train loss: 0.0110, Perfect acc: 0.9100
Epoch: 79, Train loss: 0.0130, Perfect acc: 0.8988
Epoch: 80, Train loss: 0.0120, Perfect acc: 0.9069
Evaluation:: Loss: 0.0131, Perfect acc: 0.9020
Epoch: 81, Train loss: 0.0118, Perfect acc: 0.9075
Epoch: 82, Train loss: 0.0116, Perfect acc: 0.9119
Epoch: 83, Train loss: 0.0112, Perfect acc: 0.9175
Epoch: 84, Train loss: 0.0140, Perfect acc: 0.8925
Epoch: 85, Train loss: 0.0120, Perfect acc: 0.9113
Epoch: 86, Train loss: 0.0109, Perfect acc: 0.9200
Epoch: 87, Train loss: 0.0101, Perfect acc: 0.9206
Epoch: 88, Train loss: 0.0118, Perfect acc: 0.9100
Epoch: 89, Train loss: 0.0121, Perfect acc: 0.9106
Epoch: 90, Train loss: 0.0120, Perfect acc: 0.9106
Evaluation:: Loss: 0.0107, Perfect acc: 0.9180
Epoch: 91, Train loss: 0.0119, Perfect acc: 0.9056
Epoch: 92, Train loss: 0.0126, Perfect acc: 0.9075
Epoch: 93, Train loss: 0.0125, Perfect acc: 0.9050
Epoch: 94, Train loss: 0.0128, Perfect acc: 0.9069
Epoch: 95, Train loss: 0.0133, Perfect acc: 0.9000
Epoch: 96, Train loss: 0.0106, Perfect acc: 0.9194
Epoch: 97, Train loss: 0.0107, Perfect acc: 0.9175
Epoch: 98, Train loss: 0.0110, Perfect acc: 0.9094
Epoch: 99, Train loss: 0.0118, Perfect acc: 0.9069
Epoch: 100, Train loss: 0.0121, Perfect acc: 0.9100
Evaluation:: Loss: 0.0090, Perfect acc: 0.9300
Evaluation:: Loss: 0.0090, Perfect acc: 0.9300
2480.60user 89.80system 45:25.35elapsed 94%CPU (0avgtext+0avgdata 2003428maxresident)k
1888inputs+14216outputs (0major+4115877minor)pagefaults 0swaps
