WARNING:absl:No GPU/TPU found, falling back to CPU. (Set TF_CPP_MIN_LOG_LEVEL=0 and rerun for more info.)
*** SIGTERM received at time=1652928774 on cpu 9 ***
PC: @           0x55e2d5  (unknown)  PyObject_GetAttr
    @     0x7fdf8f201f10  (unknown)  (unknown)
    @           0x9d12c0  (unknown)  (unknown)
[2022-05-19 08:22:54,864 E 17241 17241] logging.cc:325: *** SIGTERM received at time=1652928774 on cpu 9 ***
[2022-05-19 08:22:54,868 E 17241 17241] logging.cc:325: PC: @           0x55e2d5  (unknown)  PyObject_GetAttr
[2022-05-19 08:22:54,871 E 17241 17241] logging.cc:325:     @     0x7fdf8f201f10  (unknown)  (unknown)
[2022-05-19 08:22:54,875 E 17241 17241] logging.cc:325:     @           0x9d12c0  (unknown)  (unknown)
2022-05-19 08:22:54,877	WARNING worker.py:1382 -- The autoscaler failed with the following error:
Terminated with signal 15
  File "/home/rishabh/.local/share/virtualenvs/CombOptNetJAX-wSKOtHoc/lib/python3.6/site-packages/ray/autoscaler/_private/monitor.py", line 607, in <module>
    monitor.run()
  File "/home/rishabh/.local/share/virtualenvs/CombOptNetJAX-wSKOtHoc/lib/python3.6/site-packages/ray/autoscaler/_private/monitor.py", line 484, in run
    self._run()
  File "/home/rishabh/.local/share/virtualenvs/CombOptNetJAX-wSKOtHoc/lib/python3.6/site-packages/ray/autoscaler/_private/monitor.py", line 388, in _run
    time.sleep(AUTOSCALER_UPDATE_INTERVAL_S)

Successfully loaded Static Constraints dataset.
Number of distinct solutions in train set: 1585
Number of distinct solutions in test set: 997
[2m[36m(ilp_solver pid=18074)[0m Academic license - for non-commercial use only - expires 2022-09-01
[2m[36m(ilp_solver pid=18074)[0m Using license file /home/rishabh/gurobi.lic
[2m[36m(ilp_solver pid=18076)[0m Academic license - for non-commercial use only - expires 2022-09-01
[2m[36m(ilp_solver pid=18076)[0m Using license file /home/rishabh/gurobi.lic
[2m[36m(ilp_solver pid=18077)[0m Academic license - for non-commercial use only - expires 2022-09-01
[2m[36m(ilp_solver pid=18077)[0m Using license file /home/rishabh/gurobi.lic
[2m[36m(ilp_solver pid=18042)[0m Academic license - for non-commercial use only - expires 2022-09-01
[2m[36m(ilp_solver pid=18042)[0m Using license file /home/rishabh/gurobi.lic
[2m[36m(ilp_solver pid=18045)[0m Academic license - for non-commercial use only - expires 2022-09-01
[2m[36m(ilp_solver pid=18045)[0m Using license file /home/rishabh/gurobi.lic
[2m[36m(ilp_solver pid=18039)[0m Academic license - for non-commercial use only - expires 2022-09-01
[2m[36m(ilp_solver pid=18039)[0m Using license file /home/rishabh/gurobi.lic
[2m[36m(ilp_solver pid=18069)[0m Academic license - for non-commercial use only - expires 2022-09-01
[2m[36m(ilp_solver pid=18069)[0m Using license file /home/rishabh/gurobi.lic
[2m[36m(ilp_solver pid=18055)[0m Academic license - for non-commercial use only - expires 2022-09-01
[2m[36m(ilp_solver pid=18055)[0m Using license file /home/rishabh/gurobi.lic
Evaluation:: Loss: 0.1058, Perfect acc: 0.0800
Epoch:  1, Train loss: 0.1068, Perfect acc: 0.0887
Epoch:  2, Train loss: 0.0905, Perfect acc: 0.1325
Epoch:  3, Train loss: 0.0798, Perfect acc: 0.1663
Epoch:  4, Train loss: 0.0720, Perfect acc: 0.2044
Epoch:  5, Train loss: 0.0660, Perfect acc: 0.2313
Epoch:  6, Train loss: 0.0616, Perfect acc: 0.2562
Epoch:  7, Train loss: 0.0580, Perfect acc: 0.2812
Epoch:  8, Train loss: 0.0551, Perfect acc: 0.3106
Epoch:  9, Train loss: 0.0523, Perfect acc: 0.3306
WARNING:absl:No GPU/TPU found, falling back to CPU. (Set TF_CPP_MIN_LOG_LEVEL=0 and rerun for more info.)
Successfully loaded Static Constraints dataset.
Number of distinct solutions in train set: 1585
Number of distinct solutions in test set: 997
[2m[36m(ilp_solver pid=4181)[0m Academic license - for non-commercial use only - expires 2022-09-01
[2m[36m(ilp_solver pid=4181)[0m Using license file /home/rishabh/gurobi.lic
[2m[36m(ilp_solver pid=4178)[0m Academic license - for non-commercial use only - expires 2022-09-01
[2m[36m(ilp_solver pid=4178)[0m Using license file /home/rishabh/gurobi.lic
[2m[36m(ilp_solver pid=4190)[0m Academic license - for non-commercial use only - expires 2022-09-01
[2m[36m(ilp_solver pid=4190)[0m Using license file /home/rishabh/gurobi.lic
[2m[36m(ilp_solver pid=4158)[0m Academic license - for non-commercial use only - expires 2022-09-01
[2m[36m(ilp_solver pid=4158)[0m Using license file /home/rishabh/gurobi.lic
[2m[36m(ilp_solver pid=4174)[0m Academic license - for non-commercial use only - expires 2022-09-01
[2m[36m(ilp_solver pid=4174)[0m Using license file /home/rishabh/gurobi.lic
[2m[36m(ilp_solver pid=4171)[0m Academic license - for non-commercial use only - expires 2022-09-01
[2m[36m(ilp_solver pid=4171)[0m Using license file /home/rishabh/gurobi.lic
[2m[36m(ilp_solver pid=4161)[0m Academic license - for non-commercial use only - expires 2022-09-01
[2m[36m(ilp_solver pid=4161)[0m Using license file /home/rishabh/gurobi.lic
[2m[36m(ilp_solver pid=4169)[0m Academic license - for non-commercial use only - expires 2022-09-01
[2m[36m(ilp_solver pid=4169)[0m Using license file /home/rishabh/gurobi.lic
Evaluation:: Loss: 0.1144, Perfect acc: 0.0800
Epoch:  1, Train loss: 0.1005, Perfect acc: 0.1319
Epoch:  2, Train loss: 0.0790, Perfect acc: 0.2044
Epoch:  3, Train loss: 0.0643, Perfect acc: 0.2781
Epoch:  4, Train loss: 0.0548, Perfect acc: 0.3350
[2m[36m(ilp_solver pid=32461)[0m Academic license - for non-commercial use only - expires 2022-09-01
[2m[36m(ilp_solver pid=32461)[0m Using license file /home/rishabh/gurobi.lic
Epoch:  5, Train loss: 0.0481, Perfect acc: 0.3869
Epoch:  6, Train loss: 0.0428, Perfect acc: 0.4269
[2m[36m(ilp_solver pid=702)[0m Academic license - for non-commercial use only - expires 2022-09-01
[2m[36m(ilp_solver pid=702)[0m Using license file /home/rishabh/gurobi.lic
Epoch:  7, Train loss: 0.0390, Perfect acc: 0.4531
Epoch:  8, Train loss: 0.0353, Perfect acc: 0.4800
Epoch:  9, Train loss: 0.0323, Perfect acc: 0.4975
Epoch: 10, Train loss: 0.0292, Perfect acc: 0.5175
Evaluation:: Loss: 0.0262, Perfect acc: 0.5330
Epoch: 11, Train loss: 0.0261, Perfect acc: 0.5400
Epoch: 12, Train loss: 0.0228, Perfect acc: 0.5519
Epoch: 13, Train loss: 0.0200, Perfect acc: 0.5656
Epoch: 14, Train loss: 0.0163, Perfect acc: 0.5869
Epoch: 15, Train loss: 0.0114, Perfect acc: 0.6162
Epoch: 16, Train loss: 0.0074, Perfect acc: 0.6956
Epoch: 17, Train loss: 0.0051, Perfect acc: 0.8087
Epoch: 18, Train loss: 0.0042, Perfect acc: 0.8562
Epoch: 19, Train loss: 0.0040, Perfect acc: 0.8481
Epoch: 20, Train loss: 0.0035, Perfect acc: 0.8638
Evaluation:: Loss: 0.0039, Perfect acc: 0.8530
Epoch: 21, Train loss: 0.0035, Perfect acc: 0.8725
Epoch: 22, Train loss: 0.0032, Perfect acc: 0.8656
Epoch: 23, Train loss: 0.0029, Perfect acc: 0.8719
Epoch: 24, Train loss: 0.0031, Perfect acc: 0.8681
Epoch: 25, Train loss: 0.0028, Perfect acc: 0.8731
Epoch: 26, Train loss: 0.0028, Perfect acc: 0.8750
Epoch: 27, Train loss: 0.0025, Perfect acc: 0.8794
Epoch: 28, Train loss: 0.0024, Perfect acc: 0.8850
[2m[36m(ilp_solver pid=3627)[0m Academic license - for non-commercial use only - expires 2022-09-01
[2m[36m(ilp_solver pid=3627)[0m Using license file /home/rishabh/gurobi.lic
Epoch: 29, Train loss: 0.0022, Perfect acc: 0.8944
Epoch: 30, Train loss: 0.0022, Perfect acc: 0.8788
[2m[36m(ilp_solver pid=4280)[0m Academic license - for non-commercial use only - expires 2022-09-01
[2m[36m(ilp_solver pid=4280)[0m Using license file /home/rishabh/gurobi.lic
Evaluation:: Loss: 0.0028, Perfect acc: 0.8580
Epoch: 31, Train loss: 0.0025, Perfect acc: 0.8744
Epoch: 32, Train loss: 0.0023, Perfect acc: 0.8888
Epoch: 33, Train loss: 0.0022, Perfect acc: 0.8950
Epoch: 34, Train loss: 0.0021, Perfect acc: 0.8906
Epoch: 35, Train loss: 0.0021, Perfect acc: 0.8956
Epoch: 36, Train loss: 0.0022, Perfect acc: 0.8769
Epoch: 37, Train loss: 0.0021, Perfect acc: 0.8869
Epoch: 38, Train loss: 0.0019, Perfect acc: 0.8944
Epoch: 39, Train loss: 0.0021, Perfect acc: 0.8819
Epoch: 40, Train loss: 0.0020, Perfect acc: 0.8906
Evaluation:: Loss: 0.0025, Perfect acc: 0.8780
Epoch: 41, Train loss: 0.0019, Perfect acc: 0.8981
Epoch: 42, Train loss: 0.0020, Perfect acc: 0.8856
Epoch: 43, Train loss: 0.0020, Perfect acc: 0.8794
Epoch: 44, Train loss: 0.0020, Perfect acc: 0.8969
Epoch: 45, Train loss: 0.0020, Perfect acc: 0.8956
Epoch: 46, Train loss: 0.0020, Perfect acc: 0.8931
Epoch: 47, Train loss: 0.0020, Perfect acc: 0.8906
Epoch: 48, Train loss: 0.0018, Perfect acc: 0.8950
Epoch: 49, Train loss: 0.0018, Perfect acc: 0.9012
Epoch: 50, Train loss: 0.0019, Perfect acc: 0.8988
Evaluation:: Loss: 0.0019, Perfect acc: 0.8970
Epoch: 51, Train loss: 0.0020, Perfect acc: 0.9006
[2m[36m(ilp_solver pid=7457)[0m Academic license - for non-commercial use only - expires 2022-09-01
[2m[36m(ilp_solver pid=7457)[0m Using license file /home/rishabh/gurobi.lic
Epoch: 52, Train loss: 0.0015, Perfect acc: 0.9069
Epoch: 53, Train loss: 0.0021, Perfect acc: 0.8875
Epoch: 54, Train loss: 0.0019, Perfect acc: 0.8962
Epoch: 55, Train loss: 0.0020, Perfect acc: 0.8906
Epoch: 56, Train loss: 0.0018, Perfect acc: 0.8906
Epoch: 57, Train loss: 0.0017, Perfect acc: 0.8975
Epoch: 58, Train loss: 0.0017, Perfect acc: 0.8944
Epoch: 59, Train loss: 0.0015, Perfect acc: 0.9062
Epoch: 60, Train loss: 0.0020, Perfect acc: 0.8906
Evaluation:: Loss: 0.0017, Perfect acc: 0.9070
Epoch: 61, Train loss: 0.0016, Perfect acc: 0.9113
Epoch: 62, Train loss: 0.0014, Perfect acc: 0.9019
Epoch: 63, Train loss: 0.0021, Perfect acc: 0.8825
[2m[36m(ilp_solver pid=8987)[0m Academic license - for non-commercial use only - expires 2022-09-01
[2m[36m(ilp_solver pid=8987)[0m Using license file /home/rishabh/gurobi.lic
Epoch: 64, Train loss: 0.0018, Perfect acc: 0.8981
Epoch: 65, Train loss: 0.0018, Perfect acc: 0.8931
Epoch: 66, Train loss: 0.0017, Perfect acc: 0.8988
Epoch: 67, Train loss: 0.0016, Perfect acc: 0.9069
Epoch: 68, Train loss: 0.0017, Perfect acc: 0.9050
Epoch: 69, Train loss: 0.0015, Perfect acc: 0.9012
Epoch: 70, Train loss: 0.0019, Perfect acc: 0.8888
Evaluation:: Loss: 0.0017, Perfect acc: 0.9090
Epoch: 71, Train loss: 0.0018, Perfect acc: 0.9044
Epoch: 72, Train loss: 0.0016, Perfect acc: 0.9019
Epoch: 73, Train loss: 0.0017, Perfect acc: 0.9000
Epoch: 74, Train loss: 0.0017, Perfect acc: 0.9000
Epoch: 75, Train loss: 0.0016, Perfect acc: 0.9025
Epoch: 76, Train loss: 0.0018, Perfect acc: 0.8956
Epoch: 77, Train loss: 0.0020, Perfect acc: 0.8900
Epoch: 78, Train loss: 0.0016, Perfect acc: 0.9025
Epoch: 79, Train loss: 0.0020, Perfect acc: 0.8888
Epoch: 80, Train loss: 0.0017, Perfect acc: 0.9056
Evaluation:: Loss: 0.0019, Perfect acc: 0.8930
Epoch: 81, Train loss: 0.0016, Perfect acc: 0.8962
Epoch: 82, Train loss: 0.0016, Perfect acc: 0.9006
Epoch: 83, Train loss: 0.0016, Perfect acc: 0.8994
Epoch: 84, Train loss: 0.0016, Perfect acc: 0.8931
Epoch: 85, Train loss: 0.0015, Perfect acc: 0.9087
Epoch: 86, Train loss: 0.0016, Perfect acc: 0.8994
Epoch: 87, Train loss: 0.0018, Perfect acc: 0.9025
Epoch: 88, Train loss: 0.0019, Perfect acc: 0.8894
Epoch: 89, Train loss: 0.0018, Perfect acc: 0.8956
Epoch: 90, Train loss: 0.0018, Perfect acc: 0.8850
Evaluation:: Loss: 0.0019, Perfect acc: 0.9010
Epoch: 91, Train loss: 0.0014, Perfect acc: 0.9125
Epoch: 92, Train loss: 0.0017, Perfect acc: 0.9019
Epoch: 93, Train loss: 0.0016, Perfect acc: 0.9075
Epoch: 94, Train loss: 0.0018, Perfect acc: 0.8981
Epoch: 95, Train loss: 0.0017, Perfect acc: 0.9019
Epoch: 96, Train loss: 0.0018, Perfect acc: 0.8931
[2m[36m(ilp_solver pid=13184)[0m Academic license - for non-commercial use only - expires 2022-09-01
[2m[36m(ilp_solver pid=13184)[0m Using license file /home/rishabh/gurobi.lic
Epoch: 97, Train loss: 0.0017, Perfect acc: 0.8950
Epoch: 98, Train loss: 0.0017, Perfect acc: 0.8938
Epoch: 99, Train loss: 0.0018, Perfect acc: 0.8856
Epoch: 100, Train loss: 0.0021, Perfect acc: 0.8762
Evaluation:: Loss: 0.0017, Perfect acc: 0.8940
[2m[36m(ilp_solver pid=13650)[0m Academic license - for non-commercial use only - expires 2022-09-01
[2m[36m(ilp_solver pid=13650)[0m Using license file /home/rishabh/gurobi.lic
Evaluation:: Loss: 0.0017, Perfect acc: 0.8940
./main.py conf/${t}/${m}x16/${i}.yaml  2043.66s user 52.45s system 81% cpu 42:55.91 total
WARNING:absl:No GPU/TPU found, falling back to CPU. (Set TF_CPP_MIN_LOG_LEVEL=0 and rerun for more info.)
Successfully loaded Static Constraints dataset.
Number of distinct solutions in train set: 1585
Number of distinct solutions in test set: 997
[2m[36m(ilp_solver pid=15238)[0m Academic license - for non-commercial use only - expires 2022-09-01
[2m[36m(ilp_solver pid=15238)[0m Using license file /home/rishabh/gurobi.lic
[2m[36m(ilp_solver pid=15240)[0m Academic license - for non-commercial use only - expires 2022-09-01
[2m[36m(ilp_solver pid=15240)[0m Using license file /home/rishabh/gurobi.lic
[2m[36m(ilp_solver pid=15244)[0m Academic license - for non-commercial use only - expires 2022-09-01
[2m[36m(ilp_solver pid=15244)[0m Using license file /home/rishabh/gurobi.lic
[2m[36m(ilp_solver pid=15242)[0m Academic license - for non-commercial use only - expires 2022-09-01
[2m[36m(ilp_solver pid=15242)[0m Using license file /home/rishabh/gurobi.lic
[2m[36m(ilp_solver pid=15239)[0m Academic license - for non-commercial use only - expires 2022-09-01
[2m[36m(ilp_solver pid=15239)[0m Using license file /home/rishabh/gurobi.lic
[2m[36m(ilp_solver pid=15243)[0m Academic license - for non-commercial use only - expires 2022-09-01
[2m[36m(ilp_solver pid=15243)[0m Using license file /home/rishabh/gurobi.lic
[2m[36m(ilp_solver pid=15237)[0m Academic license - for non-commercial use only - expires 2022-09-01
[2m[36m(ilp_solver pid=15237)[0m Using license file /home/rishabh/gurobi.lic
[2m[36m(ilp_solver pid=15241)[0m Academic license - for non-commercial use only - expires 2022-09-01
[2m[36m(ilp_solver pid=15241)[0m Using license file /home/rishabh/gurobi.lic
Evaluation:: Loss: 0.0905, Perfect acc: 0.1310
Epoch:  1, Train loss: 0.0844, Perfect acc: 0.1631
Epoch:  2, Train loss: 0.0714, Perfect acc: 0.2269
Epoch:  3, Train loss: 0.0632, Perfect acc: 0.2775
[2m[36m(ilp_solver pid=18659)[0m Academic license - for non-commercial use only - expires 2022-09-01
[2m[36m(ilp_solver pid=18659)[0m Using license file /home/rishabh/gurobi.lic
Epoch:  4, Train loss: 0.0568, Perfect acc: 0.3250
Epoch:  5, Train loss: 0.0525, Perfect acc: 0.3588
[2m[36m(ilp_solver pid=18791)[0m Academic license - for non-commercial use only - expires 2022-09-01
[2m[36m(ilp_solver pid=18791)[0m Using license file /home/rishabh/gurobi.lic
Epoch:  6, Train loss: 0.0490, Perfect acc: 0.3894
Epoch:  7, Train loss: 0.0462, Perfect acc: 0.4075
[2m[36m(ilp_solver pid=18932)[0m Academic license - for non-commercial use only - expires 2022-09-01
[2m[36m(ilp_solver pid=18932)[0m Using license file /home/rishabh/gurobi.lic
Epoch:  8, Train loss: 0.0432, Perfect acc: 0.4350
Epoch:  9, Train loss: 0.0401, Perfect acc: 0.4444
[2m[36m(ilp_solver pid=19044)[0m Academic license - for non-commercial use only - expires 2022-09-01
[2m[36m(ilp_solver pid=19044)[0m Using license file /home/rishabh/gurobi.lic
Epoch: 10, Train loss: 0.0370, Perfect acc: 0.4656
Evaluation:: Loss: 0.0366, Perfect acc: 0.4590
Epoch: 11, Train loss: 0.0343, Perfect acc: 0.4781
Epoch: 12, Train loss: 0.0310, Perfect acc: 0.4988
Epoch: 13, Train loss: 0.0272, Perfect acc: 0.5094
Epoch: 14, Train loss: 0.0243, Perfect acc: 0.5188
Epoch: 15, Train loss: 0.0210, Perfect acc: 0.5381
Epoch: 16, Train loss: 0.0179, Perfect acc: 0.5481
[2m[36m(ilp_solver pid=19415)[0m Academic license - for non-commercial use only - expires 2022-09-01
[2m[36m(ilp_solver pid=19415)[0m Using license file /home/rishabh/gurobi.lic
Epoch: 17, Train loss: 0.0148, Perfect acc: 0.5644
Epoch: 18, Train loss: 0.0125, Perfect acc: 0.5837
Epoch: 19, Train loss: 0.0104, Perfect acc: 0.6006
Epoch: 20, Train loss: 0.0085, Perfect acc: 0.6281
Evaluation:: Loss: 0.0079, Perfect acc: 0.6490
Epoch: 21, Train loss: 0.0066, Perfect acc: 0.6613
Epoch: 22, Train loss: 0.0052, Perfect acc: 0.7063
Epoch: 23, Train loss: 0.0040, Perfect acc: 0.7744
Epoch: 24, Train loss: 0.0028, Perfect acc: 0.8594
Epoch: 25, Train loss: 0.0025, Perfect acc: 0.8862
[2m[36m(ilp_solver pid=19905)[0m Academic license - for non-commercial use only - expires 2022-09-01
[2m[36m(ilp_solver pid=19905)[0m Using license file /home/rishabh/gurobi.lic
Epoch: 26, Train loss: 0.0022, Perfect acc: 0.8988
Epoch: 27, Train loss: 0.0024, Perfect acc: 0.8775
Epoch: 28, Train loss: 0.0021, Perfect acc: 0.8962
Epoch: 29, Train loss: 0.0019, Perfect acc: 0.8938
[2m[36m(ilp_solver pid=20128)[0m Academic license - for non-commercial use only - expires 2022-09-01
[2m[36m(ilp_solver pid=20128)[0m Using license file /home/rishabh/gurobi.lic
Epoch: 30, Train loss: 0.0020, Perfect acc: 0.8944
Evaluation:: Loss: 0.0025, Perfect acc: 0.8870
Epoch: 31, Train loss: 0.0020, Perfect acc: 0.8988
[2m[36m(ilp_solver pid=20351)[0m Academic license - for non-commercial use only - expires 2022-09-01
[2m[36m(ilp_solver pid=20351)[0m Using license file /home/rishabh/gurobi.lic
Epoch: 32, Train loss: 0.0020, Perfect acc: 0.8981
Epoch: 33, Train loss: 0.0020, Perfect acc: 0.8938
Epoch: 34, Train loss: 0.0019, Perfect acc: 0.8900
Epoch: 35, Train loss: 0.0020, Perfect acc: 0.8906
Epoch: 36, Train loss: 0.0021, Perfect acc: 0.8875
Epoch: 37, Train loss: 0.0020, Perfect acc: 0.8875
Epoch: 38, Train loss: 0.0021, Perfect acc: 0.8838
Epoch: 39, Train loss: 0.0018, Perfect acc: 0.8925
Epoch: 40, Train loss: 0.0019, Perfect acc: 0.8844
Evaluation:: Loss: 0.0020, Perfect acc: 0.8980
Epoch: 41, Train loss: 0.0019, Perfect acc: 0.9056
Epoch: 42, Train loss: 0.0016, Perfect acc: 0.8988
Epoch: 43, Train loss: 0.0020, Perfect acc: 0.8838
[2m[36m(ilp_solver pid=21201)[0m Academic license - for non-commercial use only - expires 2022-09-01
[2m[36m(ilp_solver pid=21201)[0m Using license file /home/rishabh/gurobi.lic
Epoch: 44, Train loss: 0.0016, Perfect acc: 0.9062
[2m[36m(ilp_solver pid=21269)[0m Academic license - for non-commercial use only - expires 2022-09-01
[2m[36m(ilp_solver pid=21269)[0m Using license file /home/rishabh/gurobi.lic
Epoch: 45, Train loss: 0.0017, Perfect acc: 0.9081
Epoch: 46, Train loss: 0.0018, Perfect acc: 0.8944
Epoch: 47, Train loss: 0.0019, Perfect acc: 0.8819
Epoch: 48, Train loss: 0.0019, Perfect acc: 0.8919
Epoch: 49, Train loss: 0.0020, Perfect acc: 0.8869
Epoch: 50, Train loss: 0.0016, Perfect acc: 0.9137
Evaluation:: Loss: 0.0023, Perfect acc: 0.8830
Epoch: 51, Train loss: 0.0017, Perfect acc: 0.8944
Epoch: 52, Train loss: 0.0019, Perfect acc: 0.8781
Epoch: 53, Train loss: 0.0019, Perfect acc: 0.8931
[2m[36m(ilp_solver pid=21815)[0m Academic license - for non-commercial use only - expires 2022-09-01
[2m[36m(ilp_solver pid=21815)[0m Using license file /home/rishabh/gurobi.lic
Epoch: 54, Train loss: 0.0017, Perfect acc: 0.8975
[2m[36m(ilp_solver pid=21946)[0m Academic license - for non-commercial use only - expires 2022-09-01
[2m[36m(ilp_solver pid=21946)[0m Using license file /home/rishabh/gurobi.lic
Epoch: 55, Train loss: 0.0017, Perfect acc: 0.9019
Epoch: 56, Train loss: 0.0018, Perfect acc: 0.8938
Epoch: 57, Train loss: 0.0021, Perfect acc: 0.8819
Epoch: 58, Train loss: 0.0020, Perfect acc: 0.8900
Epoch: 59, Train loss: 0.0015, Perfect acc: 0.9069
Epoch: 60, Train loss: 0.0021, Perfect acc: 0.8862
Evaluation:: Loss: 0.0021, Perfect acc: 0.8860
Epoch: 61, Train loss: 0.0016, Perfect acc: 0.9038
Epoch: 62, Train loss: 0.0017, Perfect acc: 0.8944
Epoch: 63, Train loss: 0.0020, Perfect acc: 0.8875
Epoch: 64, Train loss: 0.0016, Perfect acc: 0.9012
Epoch: 65, Train loss: 0.0020, Perfect acc: 0.8844
Epoch: 66, Train loss: 0.0016, Perfect acc: 0.8988
Epoch: 67, Train loss: 0.0018, Perfect acc: 0.8944
Epoch: 68, Train loss: 0.0016, Perfect acc: 0.9100
Epoch: 69, Train loss: 0.0018, Perfect acc: 0.8931
[2m[36m(ilp_solver pid=22941)[0m Academic license - for non-commercial use only - expires 2022-09-01
[2m[36m(ilp_solver pid=22941)[0m Using license file /home/rishabh/gurobi.lic
Epoch: 70, Train loss: 0.0015, Perfect acc: 0.9169
Evaluation:: Loss: 0.0020, Perfect acc: 0.8800
[2m[36m(ilp_solver pid=23077)[0m Academic license - for non-commercial use only - expires 2022-09-01
[2m[36m(ilp_solver pid=23077)[0m Using license file /home/rishabh/gurobi.lic
Epoch: 71, Train loss: 0.0016, Perfect acc: 0.9137
Epoch: 72, Train loss: 0.0016, Perfect acc: 0.9075[2m[36m(ilp_solver pid=21815)[0m E0519 13:15:29.932199253   21848 chttp2_transport.cc:1103]   Received a GOAWAY with error code ENHANCE_YOUR_CALM and debug data equal to "too_many_pings"

Epoch: 73, Train loss: 0.0019, Perfect acc: 0.8900
[2m[36m(ilp_solver pid=23287)[0m Academic license - for non-commercial use only - expires 2022-09-01
[2m[36m(ilp_solver pid=23287)[0m Using license file /home/rishabh/gurobi.lic
Epoch: 74, Train loss: 0.0017, Perfect acc: 0.8988
Epoch: 75, Train loss: 0.0019, Perfect acc: 0.8831
Epoch: 76, Train loss: 0.0020, Perfect acc: 0.8788
Epoch: 77, Train loss: 0.0018, Perfect acc: 0.8944
[2m[36m(ilp_solver pid=23492)[0m Academic license - for non-commercial use only - expires 2022-09-01
[2m[36m(ilp_solver pid=23492)[0m Using license file /home/rishabh/gurobi.lic
Epoch: 78, Train loss: 0.0017, Perfect acc: 0.8969
Epoch: 79, Train loss: 0.0019, Perfect acc: 0.8856
Epoch: 80, Train loss: 0.0020, Perfect acc: 0.9000
[2m[36m(ilp_solver pid=23610)[0m Academic license - for non-commercial use only - expires 2022-09-01
[2m[36m(ilp_solver pid=23610)[0m Using license file /home/rishabh/gurobi.lic
Evaluation:: Loss: 0.0022, Perfect acc: 0.8820
[2m[36m(ilp_solver pid=23659)[0m Academic license - for non-commercial use only - expires 2022-09-01
[2m[36m(ilp_solver pid=23659)[0m Using license file /home/rishabh/gurobi.lic
Epoch: 81, Train loss: 0.0016, Perfect acc: 0.8938
Epoch: 82, Train loss: 0.0018, Perfect acc: 0.8938
Epoch: 83, Train loss: 0.0017, Perfect acc: 0.9069
Epoch: 84, Train loss: 0.0015, Perfect acc: 0.9050
Epoch: 85, Train loss: 0.0019, Perfect acc: 0.8988
Epoch: 86, Train loss: 0.0019, Perfect acc: 0.8988
Epoch: 87, Train loss: 0.0017, Perfect acc: 0.8994
Epoch: 88, Train loss: 0.0017, Perfect acc: 0.8956
Epoch: 89, Train loss: 0.0018, Perfect acc: 0.8900
Epoch: 90, Train loss: 0.0019, Perfect acc: 0.8869
Evaluation:: Loss: 0.0017, Perfect acc: 0.9150
[2m[36m(ilp_solver pid=24123)[0m Academic license - for non-commercial use only - expires 2022-09-01
[2m[36m(ilp_solver pid=24123)[0m Using license file /home/rishabh/gurobi.lic
Epoch: 91, Train loss: 0.0015, Perfect acc: 0.9075
Epoch: 92, Train loss: 0.0019, Perfect acc: 0.9019
Epoch: 93, Train loss: 0.0017, Perfect acc: 0.8981
Epoch: 94, Train loss: 0.0018, Perfect acc: 0.8994
Epoch: 95, Train loss: 0.0016, Perfect acc: 0.9006
Epoch: 96, Train loss: 0.0017, Perfect acc: 0.9050
Epoch: 97, Train loss: 0.0017, Perfect acc: 0.9075
Epoch: 98, Train loss: 0.0016, Perfect acc: 0.9062
Epoch: 99, Train loss: 0.0017, Perfect acc: 0.8925
Epoch: 100, Train loss: 0.0020, Perfect acc: 0.8862
Evaluation:: Loss: 0.0024, Perfect acc: 0.8650
Evaluation:: Loss: 0.0024, Perfect acc: 0.8650
./main.py conf/${t}/${m}x16/${i}.yaml  1663.57s user 55.93s system 101% cpu 28:14.62 total
