[2m[36m(ilp_solver pid=149031)[0m /home/rishabh/btp/src/CombOptNet/ext/CombOptNetJAX/models/comboptnet.py:169: UserWarning: Infeasible ILP encountered. Dummy solution should be handled as special case.
[2m[36m(ilp_solver pid=149031)[0m   f"Infeasible ILP encountered. Dummy solution should be handled as special case."
[2m[36m(ilp_solver pid=149097)[0m /home/rishabh/btp/src/CombOptNet/ext/CombOptNetJAX/models/comboptnet.py:169: UserWarning: Infeasible ILP encountered. Dummy solution should be handled as special case.
[2m[36m(ilp_solver pid=149097)[0m   f"Infeasible ILP encountered. Dummy solution should be handled as special case."
[2m[36m(ilp_solver pid=149053)[0m /home/rishabh/btp/src/CombOptNet/ext/CombOptNetJAX/models/comboptnet.py:169: UserWarning: Infeasible ILP encountered. Dummy solution should be handled as special case.
[2m[36m(ilp_solver pid=149053)[0m   f"Infeasible ILP encountered. Dummy solution should be handled as special case."
[2m[36m(ilp_solver pid=148914)[0m /home/rishabh/btp/src/CombOptNet/ext/CombOptNetJAX/models/comboptnet.py:169: UserWarning: Infeasible ILP encountered. Dummy solution should be handled as special case.
[2m[36m(ilp_solver pid=148914)[0m   f"Infeasible ILP encountered. Dummy solution should be handled as special case."
[2m[36m(ilp_solver pid=149032)[0m /home/rishabh/btp/src/CombOptNet/ext/CombOptNetJAX/models/comboptnet.py:169: UserWarning: Infeasible ILP encountered. Dummy solution should be handled as special case.
[2m[36m(ilp_solver pid=149032)[0m   f"Infeasible ILP encountered. Dummy solution should be handled as special case."
[2m[36m(ilp_solver pid=149150)[0m /home/rishabh/btp/src/CombOptNet/ext/CombOptNetJAX/models/comboptnet.py:169: UserWarning: Infeasible ILP encountered. Dummy solution should be handled as special case.
[2m[36m(ilp_solver pid=149150)[0m   f"Infeasible ILP encountered. Dummy solution should be handled as special case."
[2m[36m(ilp_solver pid=149035)[0m /home/rishabh/btp/src/CombOptNet/ext/CombOptNetJAX/models/comboptnet.py:169: UserWarning: Infeasible ILP encountered. Dummy solution should be handled as special case.
[2m[36m(ilp_solver pid=149035)[0m   f"Infeasible ILP encountered. Dummy solution should be handled as special case."
[2m[36m(ilp_solver pid=148897)[0m /home/rishabh/btp/src/CombOptNet/ext/CombOptNetJAX/models/comboptnet.py:169: UserWarning: Infeasible ILP encountered. Dummy solution should be handled as special case.
[2m[36m(ilp_solver pid=148897)[0m   f"Infeasible ILP encountered. Dummy solution should be handled as special case."
WARNING:absl:No GPU/TPU found, falling back to CPU. (Set TF_CPP_MIN_LOG_LEVEL=0 and rerun for more info.)
Successfully loaded Static Constraints dataset.
Number of distinct solutions in train set: 506
Number of distinct solutions in test set: 429
[2m[36m(ilp_solver pid=149031)[0m Academic license - for non-commercial use only - expires 2023-05-13
[2m[36m(ilp_solver pid=149031)[0m Using license file /home/rishabh/gurobi.lic
[2m[36m(ilp_solver pid=149097)[0m Academic license - for non-commercial use only - expires 2023-05-13
[2m[36m(ilp_solver pid=149097)[0m Using license file /home/rishabh/gurobi.lic
[2m[36m(ilp_solver pid=149053)[0m Academic license - for non-commercial use only - expires 2023-05-13
[2m[36m(ilp_solver pid=149053)[0m Using license file /home/rishabh/gurobi.lic
[2m[36m(ilp_solver pid=148914)[0m Academic license - for non-commercial use only - expires 2023-05-13
[2m[36m(ilp_solver pid=148914)[0m Using license file /home/rishabh/gurobi.lic
[2m[36m(ilp_solver pid=149032)[0m Academic license - for non-commercial use only - expires 2023-05-13
[2m[36m(ilp_solver pid=149032)[0m Using license file /home/rishabh/gurobi.lic
[2m[36m(ilp_solver pid=149150)[0m Academic license - for non-commercial use only - expires 2023-05-13
[2m[36m(ilp_solver pid=149150)[0m Using license file /home/rishabh/gurobi.lic
[2m[36m(ilp_solver pid=149035)[0m Academic license - for non-commercial use only - expires 2023-05-13
[2m[36m(ilp_solver pid=149035)[0m Using license file /home/rishabh/gurobi.lic
[2m[36m(ilp_solver pid=148897)[0m Academic license - for non-commercial use only - expires 2023-05-13
[2m[36m(ilp_solver pid=148897)[0m Using license file /home/rishabh/gurobi.lic
Evaluation:: Loss: 0.4644, Perfect acc: 0.0000
Epoch:  1, Train loss: 0.4122, Perfect acc: 0.0000
Epoch:  2, Train loss: 0.2722, Perfect acc: 0.0056
Epoch:  3, Train loss: 0.2246, Perfect acc: 0.0112
Epoch:  4, Train loss: 0.2092, Perfect acc: 0.0244
Epoch:  5, Train loss: 0.1983, Perfect acc: 0.0262
Epoch:  6, Train loss: 0.1874, Perfect acc: 0.0350
Epoch:  7, Train loss: 0.1795, Perfect acc: 0.0394
Epoch:  8, Train loss: 0.1729, Perfect acc: 0.0431
Epoch:  9, Train loss: 0.1689, Perfect acc: 0.0512
Epoch: 10, Train loss: 0.1627, Perfect acc: 0.0575
Evaluation:: Loss: 0.1572, Perfect acc: 0.0710
Epoch: 11, Train loss: 0.1566, Perfect acc: 0.0688
Epoch: 12, Train loss: 0.1519, Perfect acc: 0.0862
Epoch: 13, Train loss: 0.1463, Perfect acc: 0.1050
Epoch: 14, Train loss: 0.1417, Perfect acc: 0.1319
Epoch: 15, Train loss: 0.1409, Perfect acc: 0.1400
Epoch: 16, Train loss: 0.1350, Perfect acc: 0.1581
Epoch: 17, Train loss: 0.1323, Perfect acc: 0.1781
Epoch: 18, Train loss: 0.1295, Perfect acc: 0.1938
Epoch: 19, Train loss: 0.1249, Perfect acc: 0.2150
Epoch: 20, Train loss: 0.1238, Perfect acc: 0.2219
Evaluation:: Loss: 0.1263, Perfect acc: 0.2130
Epoch: 21, Train loss: 0.1195, Perfect acc: 0.2500
Epoch: 22, Train loss: 0.1163, Perfect acc: 0.2656
Epoch: 23, Train loss: 0.1122, Perfect acc: 0.2913
Epoch: 24, Train loss: 0.1100, Perfect acc: 0.3013
Epoch: 25, Train loss: 0.1049, Perfect acc: 0.3406
Epoch: 26, Train loss: 0.1012, Perfect acc: 0.3619
Epoch: 27, Train loss: 0.0984, Perfect acc: 0.3806
Epoch: 28, Train loss: 0.0956, Perfect acc: 0.4050
Epoch: 29, Train loss: 0.0948, Perfect acc: 0.4037
Epoch: 30, Train loss: 0.0949, Perfect acc: 0.4131
Evaluation:: Loss: 0.0961, Perfect acc: 0.4150
Epoch: 31, Train loss: 0.0903, Perfect acc: 0.4569
Epoch: 32, Train loss: 0.0871, Perfect acc: 0.4769
Epoch: 33, Train loss: 0.0851, Perfect acc: 0.4763
Epoch: 34, Train loss: 0.0819, Perfect acc: 0.4969
Epoch: 35, Train loss: 0.0824, Perfect acc: 0.4831
Epoch: 36, Train loss: 0.0825, Perfect acc: 0.4900
Epoch: 37, Train loss: 0.0789, Perfect acc: 0.5075
Epoch: 38, Train loss: 0.0805, Perfect acc: 0.5000
Epoch: 39, Train loss: 0.0765, Perfect acc: 0.5244
Epoch: 40, Train loss: 0.0742, Perfect acc: 0.5325
Evaluation:: Loss: 0.0869, Perfect acc: 0.4860
Epoch: 41, Train loss: 0.0761, Perfect acc: 0.5306
Epoch: 42, Train loss: 0.0756, Perfect acc: 0.5381
Epoch: 43, Train loss: 0.0740, Perfect acc: 0.5475
Epoch: 44, Train loss: 0.0734, Perfect acc: 0.5500
Epoch: 45, Train loss: 0.0734, Perfect acc: 0.5494
Epoch: 46, Train loss: 0.0688, Perfect acc: 0.5675
Epoch: 47, Train loss: 0.0721, Perfect acc: 0.5581
Epoch: 48, Train loss: 0.0741, Perfect acc: 0.5519
Epoch: 49, Train loss: 0.0726, Perfect acc: 0.5519
Epoch: 50, Train loss: 0.0707, Perfect acc: 0.5625
Evaluation:: Loss: 0.0708, Perfect acc: 0.5770
Epoch: 51, Train loss: 0.0736, Perfect acc: 0.5456
Epoch: 52, Train loss: 0.0694, Perfect acc: 0.5681
Epoch: 53, Train loss: 0.0704, Perfect acc: 0.5656
Epoch: 54, Train loss: 0.0670, Perfect acc: 0.5813
Epoch: 55, Train loss: 0.0679, Perfect acc: 0.5781
Epoch: 56, Train loss: 0.0689, Perfect acc: 0.5806
Epoch: 57, Train loss: 0.0693, Perfect acc: 0.5756
Epoch: 58, Train loss: 0.0678, Perfect acc: 0.5887
Epoch: 59, Train loss: 0.0656, Perfect acc: 0.5988
Epoch: 60, Train loss: 0.0669, Perfect acc: 0.5938
Evaluation:: Loss: 0.0630, Perfect acc: 0.6220
Epoch: 61, Train loss: 0.0649, Perfect acc: 0.6050
Epoch: 62, Train loss: 0.0669, Perfect acc: 0.5944
Epoch: 63, Train loss: 0.0663, Perfect acc: 0.5975
Epoch: 64, Train loss: 0.0618, Perfect acc: 0.6231
Epoch: 65, Train loss: 0.0647, Perfect acc: 0.6125
Epoch: 66, Train loss: 0.0676, Perfect acc: 0.5956
Epoch: 67, Train loss: 0.0647, Perfect acc: 0.6125
Epoch: 68, Train loss: 0.0651, Perfect acc: 0.6050
Epoch: 69, Train loss: 0.0669, Perfect acc: 0.6025
Epoch: 70, Train loss: 0.0631, Perfect acc: 0.6175
Evaluation:: Loss: 0.0659, Perfect acc: 0.6170
Epoch: 71, Train loss: 0.0632, Perfect acc: 0.6238
Epoch: 72, Train loss: 0.0657, Perfect acc: 0.6112
Epoch: 73, Train loss: 0.0632, Perfect acc: 0.6306
Epoch: 74, Train loss: 0.0619, Perfect acc: 0.6325
Epoch: 75, Train loss: 0.0630, Perfect acc: 0.6181
Epoch: 76, Train loss: 0.0657, Perfect acc: 0.6100
Epoch: 77, Train loss: 0.0621, Perfect acc: 0.6338
Epoch: 78, Train loss: 0.0608, Perfect acc: 0.6344
Epoch: 79, Train loss: 0.0622, Perfect acc: 0.6269
Epoch: 80, Train loss: 0.0636, Perfect acc: 0.6275
Evaluation:: Loss: 0.0479, Perfect acc: 0.7050
Epoch: 81, Train loss: 0.0611, Perfect acc: 0.6381
Epoch: 82, Train loss: 0.0600, Perfect acc: 0.6438
Epoch: 83, Train loss: 0.0586, Perfect acc: 0.6519
Epoch: 84, Train loss: 0.0633, Perfect acc: 0.6275
Epoch: 85, Train loss: 0.0594, Perfect acc: 0.6481
Epoch: 86, Train loss: 0.0618, Perfect acc: 0.6375
Epoch: 87, Train loss: 0.0640, Perfect acc: 0.6169
Epoch: 88, Train loss: 0.0584, Perfect acc: 0.6512
Epoch: 89, Train loss: 0.0599, Perfect acc: 0.6419
Epoch: 90, Train loss: 0.0589, Perfect acc: 0.6550
Evaluation:: Loss: 0.0668, Perfect acc: 0.6130
Epoch: 91, Train loss: 0.0605, Perfect acc: 0.6356
Epoch: 92, Train loss: 0.0611, Perfect acc: 0.6369
Epoch: 93, Train loss: 0.0624, Perfect acc: 0.6300
Epoch: 94, Train loss: 0.0589, Perfect acc: 0.6375
Epoch: 95, Train loss: 0.0648, Perfect acc: 0.6156
Epoch: 96, Train loss: 0.0637, Perfect acc: 0.6138
Epoch: 97, Train loss: 0.0627, Perfect acc: 0.6162
Epoch: 98, Train loss: 0.0662, Perfect acc: 0.6081
Epoch: 99, Train loss: 0.0618, Perfect acc: 0.6225
Epoch: 100, Train loss: 0.0627, Perfect acc: 0.6150
Evaluation:: Loss: 0.0707, Perfect acc: 0.5890
Evaluation:: Loss: 0.0707, Perfect acc: 0.5890
2493.49user 114.20system 1:03:16elapsed 68%CPU (0avgtext+0avgdata 1987612maxresident)k
1896inputs+19760outputs (0major+4739549minor)pagefaults 0swaps
