[2m[36m(ilp_solver pid=149275)[0m /home/rishabh/btp/src/CombOptNet/ext/CombOptNetJAX/models/comboptnet.py:169: UserWarning: Infeasible ILP encountered. Dummy solution should be handled as special case.
[2m[36m(ilp_solver pid=149275)[0m   f"Infeasible ILP encountered. Dummy solution should be handled as special case."
[2m[36m(ilp_solver pid=149319)[0m /home/rishabh/btp/src/CombOptNet/ext/CombOptNetJAX/models/comboptnet.py:169: UserWarning: Infeasible ILP encountered. Dummy solution should be handled as special case.
[2m[36m(ilp_solver pid=149319)[0m   f"Infeasible ILP encountered. Dummy solution should be handled as special case."
[2m[36m(ilp_solver pid=149235)[0m /home/rishabh/btp/src/CombOptNet/ext/CombOptNetJAX/models/comboptnet.py:169: UserWarning: Infeasible ILP encountered. Dummy solution should be handled as special case.
[2m[36m(ilp_solver pid=149235)[0m   f"Infeasible ILP encountered. Dummy solution should be handled as special case."
[2m[36m(ilp_solver pid=149377)[0m /home/rishabh/btp/src/CombOptNet/ext/CombOptNetJAX/models/comboptnet.py:169: UserWarning: Infeasible ILP encountered. Dummy solution should be handled as special case.
[2m[36m(ilp_solver pid=149377)[0m   f"Infeasible ILP encountered. Dummy solution should be handled as special case."
[2m[36m(ilp_solver pid=149061)[0m /home/rishabh/btp/src/CombOptNet/ext/CombOptNetJAX/models/comboptnet.py:169: UserWarning: Infeasible ILP encountered. Dummy solution should be handled as special case.
[2m[36m(ilp_solver pid=149061)[0m   f"Infeasible ILP encountered. Dummy solution should be handled as special case."
[2m[36m(ilp_solver pid=149037)[0m /home/rishabh/btp/src/CombOptNet/ext/CombOptNetJAX/models/comboptnet.py:169: UserWarning: Infeasible ILP encountered. Dummy solution should be handled as special case.
[2m[36m(ilp_solver pid=149037)[0m   f"Infeasible ILP encountered. Dummy solution should be handled as special case."
[2m[36m(ilp_solver pid=149114)[0m /home/rishabh/btp/src/CombOptNet/ext/CombOptNetJAX/models/comboptnet.py:169: UserWarning: Infeasible ILP encountered. Dummy solution should be handled as special case.
[2m[36m(ilp_solver pid=149114)[0m   f"Infeasible ILP encountered. Dummy solution should be handled as special case."
[2m[36m(ilp_solver pid=149495)[0m /home/rishabh/btp/src/CombOptNet/ext/CombOptNetJAX/models/comboptnet.py:169: UserWarning: Infeasible ILP encountered. Dummy solution should be handled as special case.
[2m[36m(ilp_solver pid=149495)[0m   f"Infeasible ILP encountered. Dummy solution should be handled as special case."
WARNING:absl:No GPU/TPU found, falling back to CPU. (Set TF_CPP_MIN_LOG_LEVEL=0 and rerun for more info.)
Successfully loaded Static Constraints dataset.
Number of distinct solutions in train set: 739
Number of distinct solutions in test set: 605
[2m[36m(ilp_solver pid=149275)[0m Academic license - for non-commercial use only - expires 2023-05-13
[2m[36m(ilp_solver pid=149275)[0m Using license file /home/rishabh/gurobi.lic
[2m[36m(ilp_solver pid=149319)[0m Academic license - for non-commercial use only - expires 2023-05-13
[2m[36m(ilp_solver pid=149319)[0m Using license file /home/rishabh/gurobi.lic
[2m[36m(ilp_solver pid=149235)[0m Academic license - for non-commercial use only - expires 2023-05-13
[2m[36m(ilp_solver pid=149235)[0m Using license file /home/rishabh/gurobi.lic
[2m[36m(ilp_solver pid=149037)[0m Academic license - for non-commercial use only - expires 2023-05-13
[2m[36m(ilp_solver pid=149037)[0m Using license file /home/rishabh/gurobi.lic
[2m[36m(ilp_solver pid=149061)[0m Academic license - for non-commercial use only - expires 2023-05-13
[2m[36m(ilp_solver pid=149061)[0m Using license file /home/rishabh/gurobi.lic
[2m[36m(ilp_solver pid=149377)[0m Academic license - for non-commercial use only - expires 2023-05-13
[2m[36m(ilp_solver pid=149377)[0m Using license file /home/rishabh/gurobi.lic
[2m[36m(ilp_solver pid=149114)[0m Academic license - for non-commercial use only - expires 2023-05-13
[2m[36m(ilp_solver pid=149114)[0m Using license file /home/rishabh/gurobi.lic
[2m[36m(ilp_solver pid=149495)[0m Academic license - for non-commercial use only - expires 2023-05-13
[2m[36m(ilp_solver pid=149495)[0m Using license file /home/rishabh/gurobi.lic
Evaluation:: Loss: 0.4759, Perfect acc: 0.0000
Epoch:  1, Train loss: 0.4287, Perfect acc: 0.0006
Epoch:  2, Train loss: 0.2343, Perfect acc: 0.0100
Epoch:  3, Train loss: 0.1868, Perfect acc: 0.0300
Epoch:  4, Train loss: 0.1741, Perfect acc: 0.0406
Epoch:  5, Train loss: 0.1682, Perfect acc: 0.0512
Epoch:  6, Train loss: 0.1627, Perfect acc: 0.0606
Epoch:  7, Train loss: 0.1566, Perfect acc: 0.0688
Epoch:  8, Train loss: 0.1507, Perfect acc: 0.0900
Epoch:  9, Train loss: 0.1469, Perfect acc: 0.1069
Epoch: 10, Train loss: 0.1407, Perfect acc: 0.1244
Evaluation:: Loss: 0.1370, Perfect acc: 0.1270
Epoch: 11, Train loss: 0.1327, Perfect acc: 0.1594
Epoch: 12, Train loss: 0.1301, Perfect acc: 0.1781
Epoch: 13, Train loss: 0.1257, Perfect acc: 0.1938
Epoch: 14, Train loss: 0.1220, Perfect acc: 0.2050
Epoch: 15, Train loss: 0.1178, Perfect acc: 0.2369
Epoch: 16, Train loss: 0.1177, Perfect acc: 0.2319
Epoch: 17, Train loss: 0.1146, Perfect acc: 0.2469
Epoch: 18, Train loss: 0.1133, Perfect acc: 0.2619
Epoch: 19, Train loss: 0.1098, Perfect acc: 0.2750
Epoch: 20, Train loss: 0.1082, Perfect acc: 0.2875
Evaluation:: Loss: 0.1114, Perfect acc: 0.2730
Epoch: 21, Train loss: 0.1076, Perfect acc: 0.2944
Epoch: 22, Train loss: 0.1059, Perfect acc: 0.3050
Epoch: 23, Train loss: 0.1039, Perfect acc: 0.3137
Epoch: 24, Train loss: 0.1023, Perfect acc: 0.3306
Epoch: 25, Train loss: 0.1033, Perfect acc: 0.3331
Epoch: 26, Train loss: 0.0998, Perfect acc: 0.3500
Epoch: 27, Train loss: 0.0995, Perfect acc: 0.3656
Epoch: 28, Train loss: 0.0993, Perfect acc: 0.3713
Epoch: 29, Train loss: 0.0984, Perfect acc: 0.3769
Epoch: 30, Train loss: 0.0939, Perfect acc: 0.3987
Evaluation:: Loss: 0.0945, Perfect acc: 0.3870
Epoch: 31, Train loss: 0.0951, Perfect acc: 0.3987
Epoch: 32, Train loss: 0.0921, Perfect acc: 0.4181
Epoch: 33, Train loss: 0.0916, Perfect acc: 0.4194
Epoch: 34, Train loss: 0.0908, Perfect acc: 0.4288
Epoch: 35, Train loss: 0.0903, Perfect acc: 0.4306
Epoch: 36, Train loss: 0.0875, Perfect acc: 0.4512
Epoch: 37, Train loss: 0.0872, Perfect acc: 0.4544
Epoch: 38, Train loss: 0.0870, Perfect acc: 0.4612
Epoch: 39, Train loss: 0.0857, Perfect acc: 0.4713
Epoch: 40, Train loss: 0.0843, Perfect acc: 0.4756
Evaluation:: Loss: 0.0841, Perfect acc: 0.4540
Epoch: 41, Train loss: 0.0804, Perfect acc: 0.4931
Epoch: 42, Train loss: 0.0803, Perfect acc: 0.4956
Epoch: 43, Train loss: 0.0820, Perfect acc: 0.4919
Epoch: 44, Train loss: 0.0811, Perfect acc: 0.4888
Epoch: 45, Train loss: 0.0807, Perfect acc: 0.4906
Epoch: 46, Train loss: 0.0777, Perfect acc: 0.5088
Epoch: 47, Train loss: 0.0793, Perfect acc: 0.5031
Epoch: 48, Train loss: 0.0789, Perfect acc: 0.5050
Epoch: 49, Train loss: 0.0752, Perfect acc: 0.5138
Epoch: 50, Train loss: 0.0755, Perfect acc: 0.5212
Evaluation:: Loss: 0.0754, Perfect acc: 0.5040
Epoch: 51, Train loss: 0.0743, Perfect acc: 0.5244
Epoch: 52, Train loss: 0.0757, Perfect acc: 0.5238
Epoch: 53, Train loss: 0.0727, Perfect acc: 0.5381
Epoch: 54, Train loss: 0.0710, Perfect acc: 0.5425
Epoch: 55, Train loss: 0.0707, Perfect acc: 0.5425
Epoch: 56, Train loss: 0.0722, Perfect acc: 0.5375
Epoch: 57, Train loss: 0.0706, Perfect acc: 0.5500
Epoch: 58, Train loss: 0.0712, Perfect acc: 0.5500
Epoch: 59, Train loss: 0.0677, Perfect acc: 0.5619
Epoch: 60, Train loss: 0.0698, Perfect acc: 0.5450
Evaluation:: Loss: 0.0699, Perfect acc: 0.5510
Epoch: 61, Train loss: 0.0682, Perfect acc: 0.5587
Epoch: 62, Train loss: 0.0667, Perfect acc: 0.5769
Epoch: 63, Train loss: 0.0698, Perfect acc: 0.5587
Epoch: 64, Train loss: 0.0657, Perfect acc: 0.5763
Epoch: 65, Train loss: 0.0699, Perfect acc: 0.5669
Epoch: 66, Train loss: 0.0674, Perfect acc: 0.5781
Epoch: 67, Train loss: 0.0657, Perfect acc: 0.5813
Epoch: 68, Train loss: 0.0652, Perfect acc: 0.5875
Epoch: 69, Train loss: 0.0657, Perfect acc: 0.5850
Epoch: 70, Train loss: 0.0667, Perfect acc: 0.5775
Evaluation:: Loss: 0.0637, Perfect acc: 0.5830
Epoch: 71, Train loss: 0.0643, Perfect acc: 0.5950
Epoch: 72, Train loss: 0.0627, Perfect acc: 0.6006
Epoch: 73, Train loss: 0.0644, Perfect acc: 0.5944
Epoch: 74, Train loss: 0.0642, Perfect acc: 0.6006
Epoch: 75, Train loss: 0.0622, Perfect acc: 0.6050
Epoch: 76, Train loss: 0.0619, Perfect acc: 0.6031
Epoch: 77, Train loss: 0.0618, Perfect acc: 0.6056
Epoch: 78, Train loss: 0.0595, Perfect acc: 0.6219
Epoch: 79, Train loss: 0.0609, Perfect acc: 0.6144
Epoch: 80, Train loss: 0.0591, Perfect acc: 0.6194
Evaluation:: Loss: 0.0615, Perfect acc: 0.6120
Epoch: 81, Train loss: 0.0576, Perfect acc: 0.6350
Epoch: 82, Train loss: 0.0565, Perfect acc: 0.6331
Epoch: 83, Train loss: 0.0566, Perfect acc: 0.6419
Epoch: 84, Train loss: 0.0545, Perfect acc: 0.6512
Epoch: 85, Train loss: 0.0552, Perfect acc: 0.6506
Epoch: 86, Train loss: 0.0576, Perfect acc: 0.6431
Epoch: 87, Train loss: 0.0537, Perfect acc: 0.6581
Epoch: 88, Train loss: 0.0534, Perfect acc: 0.6613
Epoch: 89, Train loss: 0.0523, Perfect acc: 0.6719
Epoch: 90, Train loss: 0.0531, Perfect acc: 0.6650
Evaluation:: Loss: 0.0556, Perfect acc: 0.6530
Epoch: 91, Train loss: 0.0540, Perfect acc: 0.6669
Epoch: 92, Train loss: 0.0548, Perfect acc: 0.6656
Epoch: 93, Train loss: 0.0512, Perfect acc: 0.6831
Epoch: 94, Train loss: 0.0516, Perfect acc: 0.6800
Epoch: 95, Train loss: 0.0503, Perfect acc: 0.6869
Epoch: 96, Train loss: 0.0506, Perfect acc: 0.6837
Epoch: 97, Train loss: 0.0506, Perfect acc: 0.6763
Epoch: 98, Train loss: 0.0493, Perfect acc: 0.6881
Epoch: 99, Train loss: 0.0494, Perfect acc: 0.6969
Epoch: 100, Train loss: 0.0504, Perfect acc: 0.6844
Evaluation:: Loss: 0.0526, Perfect acc: 0.6730
Evaluation:: Loss: 0.0526, Perfect acc: 0.6730
2444.63user 104.73system 58:01.56elapsed 73%CPU (0avgtext+0avgdata 1993632maxresident)k
1896inputs+18072outputs (0major+3037209minor)pagefaults 0swaps
