[2m[36m(ilp_solver pid=156762)[0m /home/rishabh/btp/src/CombOptNet/ext/CombOptNetJAX/models/comboptnet.py:169: UserWarning: Infeasible ILP encountered. Dummy solution should be handled as special case.
[2m[36m(ilp_solver pid=156762)[0m   f"Infeasible ILP encountered. Dummy solution should be handled as special case."
[2m[36m(ilp_solver pid=156821)[0m /home/rishabh/btp/src/CombOptNet/ext/CombOptNetJAX/models/comboptnet.py:169: UserWarning: Infeasible ILP encountered. Dummy solution should be handled as special case.
[2m[36m(ilp_solver pid=156821)[0m   f"Infeasible ILP encountered. Dummy solution should be handled as special case."
[2m[36m(ilp_solver pid=156764)[0m /home/rishabh/btp/src/CombOptNet/ext/CombOptNetJAX/models/comboptnet.py:169: UserWarning: Infeasible ILP encountered. Dummy solution should be handled as special case.
[2m[36m(ilp_solver pid=156764)[0m   f"Infeasible ILP encountered. Dummy solution should be handled as special case."
[2m[36m(ilp_solver pid=156783)[0m /home/rishabh/btp/src/CombOptNet/ext/CombOptNetJAX/models/comboptnet.py:169: UserWarning: Infeasible ILP encountered. Dummy solution should be handled as special case.
[2m[36m(ilp_solver pid=156783)[0m   f"Infeasible ILP encountered. Dummy solution should be handled as special case."
[2m[36m(ilp_solver pid=156718)[0m /home/rishabh/btp/src/CombOptNet/ext/CombOptNetJAX/models/comboptnet.py:169: UserWarning: Infeasible ILP encountered. Dummy solution should be handled as special case.
[2m[36m(ilp_solver pid=156718)[0m   f"Infeasible ILP encountered. Dummy solution should be handled as special case."
[2m[36m(ilp_solver pid=156838)[0m /home/rishabh/btp/src/CombOptNet/ext/CombOptNetJAX/models/comboptnet.py:169: UserWarning: Infeasible ILP encountered. Dummy solution should be handled as special case.
[2m[36m(ilp_solver pid=156838)[0m   f"Infeasible ILP encountered. Dummy solution should be handled as special case."
[2m[36m(ilp_solver pid=156844)[0m /home/rishabh/btp/src/CombOptNet/ext/CombOptNetJAX/models/comboptnet.py:169: UserWarning: Infeasible ILP encountered. Dummy solution should be handled as special case.
[2m[36m(ilp_solver pid=156844)[0m   f"Infeasible ILP encountered. Dummy solution should be handled as special case."
[2m[36m(ilp_solver pid=156841)[0m /home/rishabh/btp/src/CombOptNet/ext/CombOptNetJAX/models/comboptnet.py:169: UserWarning: Infeasible ILP encountered. Dummy solution should be handled as special case.
[2m[36m(ilp_solver pid=156841)[0m   f"Infeasible ILP encountered. Dummy solution should be handled as special case."
WARNING:absl:No GPU/TPU found, falling back to CPU. (Set TF_CPP_MIN_LOG_LEVEL=0 and rerun for more info.)
Successfully loaded Static Constraints dataset.
Number of distinct solutions in train set: 555
Number of distinct solutions in test set: 430
[2m[36m(ilp_solver pid=156762)[0m Academic license - for non-commercial use only - expires 2023-05-13
[2m[36m(ilp_solver pid=156762)[0m Using license file /home/rishabh/gurobi.lic
[2m[36m(ilp_solver pid=156821)[0m Academic license - for non-commercial use only - expires 2023-05-13
[2m[36m(ilp_solver pid=156821)[0m Using license file /home/rishabh/gurobi.lic
[2m[36m(ilp_solver pid=156764)[0m Academic license - for non-commercial use only - expires 2023-05-13
[2m[36m(ilp_solver pid=156764)[0m Using license file /home/rishabh/gurobi.lic
[2m[36m(ilp_solver pid=156838)[0m Academic license - for non-commercial use only - expires 2023-05-13
[2m[36m(ilp_solver pid=156838)[0m Using license file /home/rishabh/gurobi.lic
[2m[36m(ilp_solver pid=156718)[0m Academic license - for non-commercial use only - expires 2023-05-13
[2m[36m(ilp_solver pid=156718)[0m Using license file /home/rishabh/gurobi.lic
[2m[36m(ilp_solver pid=156783)[0m Academic license - for non-commercial use only - expires 2023-05-13
[2m[36m(ilp_solver pid=156783)[0m Using license file /home/rishabh/gurobi.lic
[2m[36m(ilp_solver pid=156844)[0m Academic license - for non-commercial use only - expires 2023-05-13
[2m[36m(ilp_solver pid=156844)[0m Using license file /home/rishabh/gurobi.lic
[2m[36m(ilp_solver pid=156841)[0m Academic license - for non-commercial use only - expires 2023-05-13
[2m[36m(ilp_solver pid=156841)[0m Using license file /home/rishabh/gurobi.lic
Evaluation:: Loss: 0.5052, Perfect acc: 0.0000
Epoch:  1, Train loss: 0.4225, Perfect acc: 0.0000
Epoch:  2, Train loss: 0.2373, Perfect acc: 0.0100
Epoch:  3, Train loss: 0.2006, Perfect acc: 0.0206
Epoch:  4, Train loss: 0.1865, Perfect acc: 0.0288
Epoch:  5, Train loss: 0.1768, Perfect acc: 0.0375
Epoch:  6, Train loss: 0.1670, Perfect acc: 0.0512
Epoch:  7, Train loss: 0.1591, Perfect acc: 0.0700
Epoch:  8, Train loss: 0.1504, Perfect acc: 0.0912
Epoch:  9, Train loss: 0.1470, Perfect acc: 0.1000
Epoch: 10, Train loss: 0.1435, Perfect acc: 0.1175
Evaluation:: Loss: 0.1456, Perfect acc: 0.1110
Epoch: 11, Train loss: 0.1425, Perfect acc: 0.1350
Epoch: 12, Train loss: 0.1389, Perfect acc: 0.1494
Epoch: 13, Train loss: 0.1346, Perfect acc: 0.1688
Epoch: 14, Train loss: 0.1285, Perfect acc: 0.1913
Epoch: 15, Train loss: 0.1261, Perfect acc: 0.1906
Epoch: 16, Train loss: 0.1234, Perfect acc: 0.2156
Epoch: 17, Train loss: 0.1207, Perfect acc: 0.2325
Epoch: 18, Train loss: 0.1188, Perfect acc: 0.2400
Epoch: 19, Train loss: 0.1151, Perfect acc: 0.2675
Epoch: 20, Train loss: 0.1148, Perfect acc: 0.2725
Evaluation:: Loss: 0.1101, Perfect acc: 0.2890
Epoch: 21, Train loss: 0.1093, Perfect acc: 0.3000
Epoch: 22, Train loss: 0.1074, Perfect acc: 0.3125
Epoch: 23, Train loss: 0.1060, Perfect acc: 0.3375
Epoch: 24, Train loss: 0.1070, Perfect acc: 0.3356
Epoch: 25, Train loss: 0.1056, Perfect acc: 0.3394
Epoch: 26, Train loss: 0.1009, Perfect acc: 0.3631
Epoch: 27, Train loss: 0.1004, Perfect acc: 0.3619
Epoch: 28, Train loss: 0.0986, Perfect acc: 0.3731
Epoch: 29, Train loss: 0.1002, Perfect acc: 0.3794
Epoch: 30, Train loss: 0.0948, Perfect acc: 0.4163
Evaluation:: Loss: 0.0958, Perfect acc: 0.3890
Epoch: 31, Train loss: 0.0925, Perfect acc: 0.4338
Epoch: 32, Train loss: 0.0889, Perfect acc: 0.4600
Epoch: 33, Train loss: 0.0849, Perfect acc: 0.4806
Epoch: 34, Train loss: 0.0799, Perfect acc: 0.5100
Epoch: 35, Train loss: 0.0802, Perfect acc: 0.5112
Epoch: 36, Train loss: 0.0804, Perfect acc: 0.5056
Epoch: 37, Train loss: 0.0764, Perfect acc: 0.5288
Epoch: 38, Train loss: 0.0752, Perfect acc: 0.5300
Epoch: 39, Train loss: 0.0740, Perfect acc: 0.5456
Epoch: 40, Train loss: 0.0698, Perfect acc: 0.5675
Evaluation:: Loss: 0.0635, Perfect acc: 0.6030
Epoch: 41, Train loss: 0.0711, Perfect acc: 0.5600
Epoch: 42, Train loss: 0.0694, Perfect acc: 0.5775
Epoch: 43, Train loss: 0.0682, Perfect acc: 0.5837
Epoch: 44, Train loss: 0.0660, Perfect acc: 0.5938
Epoch: 45, Train loss: 0.0641, Perfect acc: 0.6050
Epoch: 46, Train loss: 0.0629, Perfect acc: 0.6125
Epoch: 47, Train loss: 0.0611, Perfect acc: 0.6225
Epoch: 48, Train loss: 0.0655, Perfect acc: 0.6088
Epoch: 49, Train loss: 0.0654, Perfect acc: 0.6094
Epoch: 50, Train loss: 0.0657, Perfect acc: 0.6112
Evaluation:: Loss: 0.0667, Perfect acc: 0.5990
Epoch: 51, Train loss: 0.0629, Perfect acc: 0.6269
Epoch: 52, Train loss: 0.0612, Perfect acc: 0.6375
Epoch: 53, Train loss: 0.0586, Perfect acc: 0.6419
Epoch: 54, Train loss: 0.0600, Perfect acc: 0.6444
Epoch: 55, Train loss: 0.0602, Perfect acc: 0.6394
Epoch: 56, Train loss: 0.0590, Perfect acc: 0.6431
Epoch: 57, Train loss: 0.0559, Perfect acc: 0.6600
Epoch: 58, Train loss: 0.0591, Perfect acc: 0.6456
Epoch: 59, Train loss: 0.0598, Perfect acc: 0.6381
Epoch: 60, Train loss: 0.0546, Perfect acc: 0.6687
Evaluation:: Loss: 0.0581, Perfect acc: 0.6610
Epoch: 61, Train loss: 0.0561, Perfect acc: 0.6625
Epoch: 62, Train loss: 0.0550, Perfect acc: 0.6669
Epoch: 63, Train loss: 0.0541, Perfect acc: 0.6706
Epoch: 64, Train loss: 0.0562, Perfect acc: 0.6581
Epoch: 65, Train loss: 0.0585, Perfect acc: 0.6475
Epoch: 66, Train loss: 0.0577, Perfect acc: 0.6556
Epoch: 67, Train loss: 0.0558, Perfect acc: 0.6575
Epoch: 68, Train loss: 0.0529, Perfect acc: 0.6787
Epoch: 69, Train loss: 0.0559, Perfect acc: 0.6587
Epoch: 70, Train loss: 0.0511, Perfect acc: 0.6806
Evaluation:: Loss: 0.0539, Perfect acc: 0.6830
Epoch: 71, Train loss: 0.0558, Perfect acc: 0.6625
Epoch: 72, Train loss: 0.0531, Perfect acc: 0.6781
Epoch: 73, Train loss: 0.0550, Perfect acc: 0.6625
Epoch: 74, Train loss: 0.0540, Perfect acc: 0.6750
Epoch: 75, Train loss: 0.0498, Perfect acc: 0.6944
Epoch: 76, Train loss: 0.0532, Perfect acc: 0.6763
Epoch: 77, Train loss: 0.0533, Perfect acc: 0.6744
Epoch: 78, Train loss: 0.0513, Perfect acc: 0.6919
Epoch: 79, Train loss: 0.0524, Perfect acc: 0.6831
Epoch: 80, Train loss: 0.0503, Perfect acc: 0.6925
Evaluation:: Loss: 0.0506, Perfect acc: 0.6930
Epoch: 81, Train loss: 0.0475, Perfect acc: 0.7050
Epoch: 82, Train loss: 0.0524, Perfect acc: 0.6887
Epoch: 83, Train loss: 0.0530, Perfect acc: 0.6825
Epoch: 84, Train loss: 0.0504, Perfect acc: 0.6894
Epoch: 85, Train loss: 0.0525, Perfect acc: 0.6831
Epoch: 86, Train loss: 0.0494, Perfect acc: 0.6987
Epoch: 87, Train loss: 0.0524, Perfect acc: 0.6813
Epoch: 88, Train loss: 0.0495, Perfect acc: 0.6981
Epoch: 89, Train loss: 0.0485, Perfect acc: 0.7056
Epoch: 90, Train loss: 0.0520, Perfect acc: 0.6837
Evaluation:: Loss: 0.0452, Perfect acc: 0.7140
Epoch: 91, Train loss: 0.0513, Perfect acc: 0.6863
Epoch: 92, Train loss: 0.0515, Perfect acc: 0.6937
Epoch: 93, Train loss: 0.0503, Perfect acc: 0.6856
Epoch: 94, Train loss: 0.0538, Perfect acc: 0.6800
Epoch: 95, Train loss: 0.0533, Perfect acc: 0.6731
Epoch: 96, Train loss: 0.0564, Perfect acc: 0.6581
Epoch: 97, Train loss: 0.0539, Perfect acc: 0.6737
Epoch: 98, Train loss: 0.0582, Perfect acc: 0.6525
Epoch: 99, Train loss: 0.0559, Perfect acc: 0.6506
Epoch: 100, Train loss: 0.0595, Perfect acc: 0.6469
Evaluation:: Loss: 0.0536, Perfect acc: 0.6730
Evaluation:: Loss: 0.0536, Perfect acc: 0.6730
2488.79user 107.48system 59:36.22elapsed 72%CPU (0avgtext+0avgdata 1985656maxresident)k
1896inputs+18560outputs (0major+4325256minor)pagefaults 0swaps
